TpTrace Verbose: 0 : 14756, 1, 2023/12/16, 15:00:50.113, 851778751424, testhost.dll, Version: 17.1.0
TpTrace Information: 0 : 14756, 1, 2023/12/16, 15:00:50.124, 851778816940, testhost.dll, DefaultEngineInvoker.Invoke: Testhost process started with args :[--port, 55204],[--endpoint, 127.0.0.1:055204],[--role, client],[--parentprocessid, 6952],[--diag, C:\Users\Asmir\source\repos\VVS-projekat\Testovi\bin\Debug\net6.0\fine-code-coverage\coverage-tool-output\diagnostics.host.23-12-16_15-00-49_91115_5.log],[--tracelevel, 4],[--datacollectionport, 55203],[--telemetryoptedin, false]
TpTrace Information: 0 : 14756, 1, 2023/12/16, 15:00:50.138, 851778963272, testhost.dll, Setting up debug trace listener.
TpTrace Verbose: 0 : 14756, 1, 2023/12/16, 15:00:50.139, 851778967819, testhost.dll, TestPlatformTraceListener.Setup: Replacing listener 0 with TestHostTraceListener.
TpTrace Verbose: 0 : 14756, 1, 2023/12/16, 15:00:50.139, 851778969213, testhost.dll, TestPlatformTraceListener.Setup: Added test platform trace listener.
TpTrace Information: 0 : 14756, 1, 2023/12/16, 15:00:50.140, 851778982547, testhost.dll, DefaultEngineInvoker.SetParentProcessExitCallback: Monitoring parent process with id: '6952'
TpTrace Information: 0 : 14756, 1, 2023/12/16, 15:00:50.150, 851779076684, testhost.dll, DefaultEngineInvoker.GetConnectionInfo: Initialize communication on endpoint address: '127.0.0.1:055204'
TpTrace Information: 0 : 14756, 1, 2023/12/16, 15:00:50.161, 851779189567, testhost.dll, SocketClient.Start: connecting to server endpoint: 127.0.0.1:055204
TpTrace Information: 0 : 14756, 1, 2023/12/16, 15:00:50.169, 851779272061, testhost.dll, DefaultEngineInvoker.ConnectToDatacollector: Connecting to datacollector, port: 55203
TpTrace Information: 0 : 14756, 10, 2023/12/16, 15:00:50.170, 851779285438, testhost.dll, SocketClient.OnServerConnected: connected to server endpoint: 127.0.0.1:055204
TpTrace Verbose: 0 : 14756, 10, 2023/12/16, 15:00:50.172, 851779306218, testhost.dll, Connected to server, and starting MessageLoopAsync
TpTrace Information: 0 : 14756, 1, 2023/12/16, 15:00:50.173, 851779311003, testhost.dll, Trying to connect to server on socket : 127.0.0.1:55203 
TpTrace Verbose: 0 : 14756, 1, 2023/12/16, 15:00:50.173, 851779314103, testhost.dll, SocketCommunicationManager : SetupClientAsync : Attempting to connect to the server.
TpTrace Information: 0 : 14756, 10, 2023/12/16, 15:00:50.175, 851779328023, testhost.dll, Connected to the server successfully 
TpTrace Information: 0 : 14756, 10, 2023/12/16, 15:00:50.175, 851779329214, testhost.dll, Using the buffer size of 16384 bytes
TpTrace Information: 0 : 14756, 1, 2023/12/16, 15:00:50.175, 851779333455, testhost.dll, DefaultEngineInvoker.Invoke: Start Request Processing.
TpTrace Information: 0 : 14756, 12, 2023/12/16, 15:00:50.176, 851779341820, testhost.dll, DefaultEngineInvoker.StartProcessingAsync: Connected to vstest.console, Starting process requests.
TpTrace Verbose: 0 : 14756, 9, 2023/12/16, 15:00:50.176, 851779345092, testhost.dll, TcpClientExtensions.MessageLoopAsync: Polling on remoteEndPoint: [::ffff:127.0.0.1]:55204 localEndPoint: [::ffff:127.0.0.1]:55205
TpTrace Verbose: 0 : 14756, 9, 2023/12/16, 15:00:50.177, 851779348544, testhost.dll, TcpClientExtensions.MessageLoopAsync: NotifyDataAvailable remoteEndPoint: [::ffff:127.0.0.1]:55204 localEndPoint: [::ffff:127.0.0.1]:55205
TpTrace Information: 0 : 14756, 9, 2023/12/16, 15:00:50.318, 851780761532, testhost.dll, TestRequestHandler.OnMessageReceived: received message: (ProtocolVersion) -> 7
TpTrace Verbose: 0 : 14756, 9, 2023/12/16, 15:00:50.351, 851781092901, testhost.dll, TestRequestHandler.SendData:  sending data from testhost: {"Version":5,"MessageType":"TestSession.Message","Payload":{"MessageLevel":0,"Message":"Logging TestHost Diagnostics in file: C:\\Users\\Asmir\\source\\repos\\VVS-projekat\\Testovi\\bin\\Debug\\net6.0\\fine-code-coverage\\coverage-tool-output\\diagnostics.host.23-12-16_15-00-49_91115_5.log"}}
TpTrace Verbose: 0 : 14756, 9, 2023/12/16, 15:00:50.351, 851781095154, testhost.dll, TcpClientExtensions.MessageLoopAsync: Polling on remoteEndPoint: [::ffff:127.0.0.1]:55204 localEndPoint: [::ffff:127.0.0.1]:55205
TpTrace Verbose: 0 : 14756, 9, 2023/12/16, 15:00:50.351, 851781096327, testhost.dll, TcpClientExtensions.MessageLoopAsync: NotifyDataAvailable remoteEndPoint: [::ffff:127.0.0.1]:55204 localEndPoint: [::ffff:127.0.0.1]:55205
TpTrace Information: 0 : 14756, 9, 2023/12/16, 15:00:50.357, 851781152825, testhost.dll, TestRequestHandler.OnMessageReceived: received message: (TestExecution.Initialize) -> [
  "C:\\Users\\Asmir\\source\\repos\\VVS-projekat\\Testovi\\bin\\Debug\\net6.0\\fine-code-coverage\\build-output\\Microsoft.VisualStudio.TestPlatform.MSTest.TestAdapter.dll"
]
TpTrace Verbose: 0 : 14756, 9, 2023/12/16, 15:00:50.364, 851781222794, testhost.dll, TcpClientExtensions.MessageLoopAsync: Polling on remoteEndPoint: [::ffff:127.0.0.1]:55204 localEndPoint: [::ffff:127.0.0.1]:55205
TpTrace Verbose: 0 : 14756, 9, 2023/12/16, 15:00:50.364, 851781223997, testhost.dll, TcpClientExtensions.MessageLoopAsync: NotifyDataAvailable remoteEndPoint: [::ffff:127.0.0.1]:55204 localEndPoint: [::ffff:127.0.0.1]:55205
TpTrace Information: 0 : 14756, 4, 2023/12/16, 15:00:50.365, 851781227845, testhost.dll, TestRequestHandler.OnMessageReceived: Running job 'TestExecution.Initialize'.
TpTrace Verbose: 0 : 14756, 4, 2023/12/16, 15:00:50.367, 851781248482, testhost.dll, TestExecutorService: Loading the extensions
TpTrace Information: 0 : 14756, 9, 2023/12/16, 15:00:50.367, 851781254954, testhost.dll, TestRequestHandler.OnMessageReceived: received message: (TestExecution.StartWithSources) -> {
  "AdapterSourceMap": {
    "_none_": [
      "C:\\Users\\Asmir\\source\\repos\\VVS-projekat\\Testovi\\bin\\Debug\\net6.0\\fine-code-coverage\\build-output\\Testovi.dll"
    ]
  },
  "RunSettings": "<RunSettings>\r\n  <RunConfiguration>\r\n    <ResultsDirectory>C:\\Users\\Asmir\\source\\repos\\VVS-projekat\\Testovi\\bin\\Debug\\net6.0\\fine-code-coverage\\coverage-tool-output</ResultsDirectory>\r\n    <TargetFrameworkVersion>.NETCoreApp,Version=v6.0</TargetFrameworkVersion>\r\n    <DesignMode>False</DesignMode>\r\n    <CollectSourceInformation>False</CollectSourceInformation>\r\n  </RunConfiguration>\r\n  <LoggerRunSettings>\r\n    <Loggers>\r\n      <Logger friendlyName=\"blame\" enabled=\"True\" />\r\n      <Logger friendlyName=\"Console\" uri=\"logger://microsoft/TestPlatform/ConsoleLogger/v1\" assemblyQualifiedName=\"Microsoft.VisualStudio.TestPlatform.CommandLine.Internal.ConsoleLogger, vstest.console, Version=15.0.0.0, Culture=neutral, PublicKeyToken=b03f5f7f11d50a3a\" codeBase=\"C:\\Program Files\\dotnet\\sdk\\7.0.403\\vstest.console.dll\" enabled=\"True\" />\r\n    </Loggers>\r\n  </LoggerRunSettings>\r\n  <DataCollectionRunSettings>\r\n    <DataCollectors>\r\n      <DataCollector friendlyName=\"blame\" enabled=\"True\">\r\n        <Configuration>\r\n          <ResultsDirectory>C:\\Users\\Asmir\\source\\repos\\VVS-projekat\\Testovi\\bin\\Debug\\net6.0\\fine-code-coverage\\coverage-tool-output</ResultsDirectory>\r\n        </Configuration>\r\n      </DataCollector>\r\n    </DataCollectors>\r\n  </DataCollectionRunSettings>\r\n</RunSettings>",
  "TestExecutionContext": {
    "FrequencyOfRunStatsChangeEvent": 10,
    "RunStatsChangeEventTimeout": "00:00:01.5000000",
    "InIsolation": false,
    "KeepAlive": false,
    "AreTestCaseLevelEventsRequired": false,
    "IsDebug": false,
    "TestCaseFilter": null,
    "FilterOptions": null
  },
  "Package": null
}
TpTrace Verbose: 0 : 14756, 4, 2023/12/16, 15:00:50.369, 851781269563, testhost.dll, TestPluginCache.DiscoverTestExtensions: finding test extensions in assemblies ends with: TestAdapter.dll TPluginInfo: Microsoft.VisualStudio.TestPlatform.Common.ExtensionFramework.Utilities.TestExecutorPluginInformation TExtension: Microsoft.VisualStudio.TestPlatform.ObjectModel.Adapter.ITestExecutor
TpTrace Verbose: 0 : 14756, 4, 2023/12/16, 15:00:50.370, 851781282271, testhost.dll, TestPluginCache.GetExtensionPaths: Filtered extension paths: 
TpTrace Verbose: 0 : 14756, 4, 2023/12/16, 15:00:50.371, 851781286913, testhost.dll, TestPluginCache.GetExtensionPaths: Added default extension paths: C:\Users\Asmir\source\repos\VVS-projekat\Testovi\bin\Debug\net6.0\fine-code-coverage\build-output\Microsoft.VisualStudio.TestPlatform.MSTest.TestAdapter.dll
TpTrace Verbose: 0 : 14756, 4, 2023/12/16, 15:00:50.371, 851781288233, testhost.dll, TestPluginCache.GetExtensionPaths: Added unfilterableExtensionPaths: 
TpTrace Information: 0 : 14756, 4, 2023/12/16, 15:00:50.372, 851781305217, testhost.dll, AssemblyResolver.ctor: Creating AssemblyResolver with searchDirectories C:\Users\Asmir\source\repos\VVS-projekat\Testovi\bin\Debug\net6.0\fine-code-coverage\build-output
TpTrace Verbose: 0 : 14756, 4, 2023/12/16, 15:00:50.374, 851781320663, testhost.dll, TestPluginCache.DiscoverTestExtensions: Discovering the extensions using extension path.
TpTrace Verbose: 0 : 14756, 4, 2023/12/16, 15:00:50.374, 851781322002, testhost.dll, TestPluginCache.GetExtensionPaths: Filtered extension paths: 
TpTrace Verbose: 0 : 14756, 4, 2023/12/16, 15:00:50.374, 851781322331, testhost.dll, TestPluginCache.GetExtensionPaths: Added default extension paths: C:\Users\Asmir\source\repos\VVS-projekat\Testovi\bin\Debug\net6.0\fine-code-coverage\build-output\Microsoft.VisualStudio.TestPlatform.MSTest.TestAdapter.dll
TpTrace Verbose: 0 : 14756, 4, 2023/12/16, 15:00:50.374, 851781322605, testhost.dll, TestPluginCache.GetExtensionPaths: Added unfilterableExtensionPaths: 
TpTrace Verbose: 0 : 14756, 4, 2023/12/16, 15:00:50.374, 851781323125, testhost.dll, TestPluginCache.DiscoverTestExtensions: Discovering the extensions using allExtensionPaths: C:\Users\Asmir\source\repos\VVS-projekat\Testovi\bin\Debug\net6.0\fine-code-coverage\build-output\Microsoft.VisualStudio.TestPlatform.MSTest.TestAdapter.dll
TpTrace Information: 0 : 14756, 4, 2023/12/16, 15:00:50.375, 851781331827, testhost.dll, AssemblyResolver.AddSearchDirectories: Adding more searchDirectories C:\Users\Asmir\source\repos\VVS-projekat\Testovi\bin\Debug\net6.0\fine-code-coverage\build-output
TpTrace Information: 0 : 14756, 4, 2023/12/16, 15:00:50.381, 851781387177, testhost.dll, AssemblyResolver.OnResolve: Microsoft.VisualStudio.TestPlatform.MSTest.TestAdapter: Resolving assembly.
TpTrace Information: 0 : 14756, 4, 2023/12/16, 15:00:50.381, 851781388196, testhost.dll, AssemblyResolver.OnResolve: Microsoft.VisualStudio.TestPlatform.MSTest.TestAdapter: Searching in: 'C:\Users\Asmir\source\repos\VVS-projekat\Testovi\bin\Debug\net6.0\fine-code-coverage\build-output'.
TpTrace Information: 0 : 14756, 4, 2023/12/16, 15:00:50.382, 851781399748, testhost.dll, AssemblyResolver.OnResolve: Microsoft.VisualStudio.TestPlatform.MSTest.TestAdapter: Loading assembly 'C:\Users\Asmir\source\repos\VVS-projekat\Testovi\bin\Debug\net6.0\fine-code-coverage\build-output\Microsoft.VisualStudio.TestPlatform.MSTest.TestAdapter.dll'.
TpTrace Information: 0 : 14756, 4, 2023/12/16, 15:00:50.382, 851781405716, testhost.dll, AssemblyResolver.OnResolve: Resolved assembly: Microsoft.VisualStudio.TestPlatform.MSTest.TestAdapter, from path: C:\Users\Asmir\source\repos\VVS-projekat\Testovi\bin\Debug\net6.0\fine-code-coverage\build-output\Microsoft.VisualStudio.TestPlatform.MSTest.TestAdapter.dll
TpTrace Verbose: 0 : 14756, 9, 2023/12/16, 15:00:50.396, 851781539616, testhost.dll, TcpClientExtensions.MessageLoopAsync: Polling on remoteEndPoint: [::ffff:127.0.0.1]:55204 localEndPoint: [::ffff:127.0.0.1]:55205
TpTrace Verbose: 0 : 14756, 4, 2023/12/16, 15:00:50.400, 851781579374, testhost.dll, TestPluginCache: Discovered the extensions using extension path ''.
TpTrace Verbose: 0 : 14756, 4, 2023/12/16, 15:00:50.400, 851781584045, testhost.dll, TestPluginCache: Discoverers are ''.
TpTrace Verbose: 0 : 14756, 4, 2023/12/16, 15:00:50.400, 851781585333, testhost.dll, TestPluginCache: Executors are 'executor://MSTestAdapter/v2'.
TpTrace Verbose: 0 : 14756, 4, 2023/12/16, 15:00:50.400, 851781585941, testhost.dll, TestPluginCache: Executors2 are ''.
TpTrace Verbose: 0 : 14756, 4, 2023/12/16, 15:00:50.400, 851781586416, testhost.dll, TestPluginCache: Setting providers are ''.
TpTrace Verbose: 0 : 14756, 4, 2023/12/16, 15:00:50.401, 851781586911, testhost.dll, TestPluginCache: Loggers are ''.
TpTrace Verbose: 0 : 14756, 4, 2023/12/16, 15:00:50.404, 851781617185, testhost.dll, TestPluginCache.DiscoverTestExtensions: finding test extensions in assemblies ends with: TestAdapter.dll TPluginInfo: Microsoft.VisualStudio.TestPlatform.Common.ExtensionFramework.Utilities.TestExecutorPluginInformation2 TExtension: Microsoft.VisualStudio.TestPlatform.ObjectModel.Adapter.ITestExecutor2
TpTrace Verbose: 0 : 14756, 4, 2023/12/16, 15:00:50.404, 851781619947, testhost.dll, TestPluginCache.GetExtensionPaths: Filtered extension paths: 
TpTrace Verbose: 0 : 14756, 4, 2023/12/16, 15:00:50.404, 851781620405, testhost.dll, TestPluginCache.GetExtensionPaths: Added default extension paths: C:\Users\Asmir\source\repos\VVS-projekat\Testovi\bin\Debug\net6.0\fine-code-coverage\build-output\Microsoft.VisualStudio.TestPlatform.MSTest.TestAdapter.dll
TpTrace Verbose: 0 : 14756, 4, 2023/12/16, 15:00:50.404, 851781620670, testhost.dll, TestPluginCache.GetExtensionPaths: Added unfilterableExtensionPaths: 
TpTrace Information: 0 : 14756, 4, 2023/12/16, 15:00:50.404, 851781622589, testhost.dll, AssemblyResolver.AddSearchDirectories: Adding more searchDirectories C:\Users\Asmir\source\repos\VVS-projekat\Testovi\bin\Debug\net6.0\fine-code-coverage\build-output
TpTrace Verbose: 0 : 14756, 4, 2023/12/16, 15:00:50.404, 851781623087, testhost.dll, TestPluginCache.DiscoverTestExtensions: Discovering the extensions using extension path.
TpTrace Verbose: 0 : 14756, 4, 2023/12/16, 15:00:50.404, 851781623357, testhost.dll, TestPluginCache.GetExtensionPaths: Filtered extension paths: 
TpTrace Verbose: 0 : 14756, 4, 2023/12/16, 15:00:50.404, 851781623599, testhost.dll, TestPluginCache.GetExtensionPaths: Added default extension paths: C:\Users\Asmir\source\repos\VVS-projekat\Testovi\bin\Debug\net6.0\fine-code-coverage\build-output\Microsoft.VisualStudio.TestPlatform.MSTest.TestAdapter.dll
TpTrace Verbose: 0 : 14756, 4, 2023/12/16, 15:00:50.404, 851781623837, testhost.dll, TestPluginCache.GetExtensionPaths: Added unfilterableExtensionPaths: 
TpTrace Verbose: 0 : 14756, 4, 2023/12/16, 15:00:50.404, 851781624137, testhost.dll, TestPluginCache.DiscoverTestExtensions: Discovering the extensions using allExtensionPaths: C:\Users\Asmir\source\repos\VVS-projekat\Testovi\bin\Debug\net6.0\fine-code-coverage\build-output\Microsoft.VisualStudio.TestPlatform.MSTest.TestAdapter.dll
TpTrace Information: 0 : 14756, 4, 2023/12/16, 15:00:50.404, 851781624500, testhost.dll, AssemblyResolver.AddSearchDirectories: Adding more searchDirectories C:\Users\Asmir\source\repos\VVS-projekat\Testovi\bin\Debug\net6.0\fine-code-coverage\build-output
TpTrace Verbose: 0 : 14756, 4, 2023/12/16, 15:00:50.404, 851781626398, testhost.dll, TestPluginCache: Discovered the extensions using extension path ''.
TpTrace Verbose: 0 : 14756, 4, 2023/12/16, 15:00:50.405, 851781626837, testhost.dll, TestPluginCache: Discoverers are ''.
TpTrace Verbose: 0 : 14756, 4, 2023/12/16, 15:00:50.405, 851781627208, testhost.dll, TestPluginCache: Executors are 'executor://MSTestAdapter/v2'.
TpTrace Verbose: 0 : 14756, 4, 2023/12/16, 15:00:50.405, 851781627772, testhost.dll, TestPluginCache: Executors2 are ''.
TpTrace Verbose: 0 : 14756, 4, 2023/12/16, 15:00:50.405, 851781628035, testhost.dll, TestPluginCache: Setting providers are ''.
TpTrace Verbose: 0 : 14756, 4, 2023/12/16, 15:00:50.405, 851781628260, testhost.dll, TestPluginCache: Loggers are ''.
TpTrace Information: 0 : 14756, 4, 2023/12/16, 15:00:50.409, 851781675517, testhost.dll, TestPluginManager.CreateTestExtension: Attempting to load test extension: Microsoft.VisualStudio.TestPlatform.MSTest.TestAdapter.MSTestExecutor
TpTrace Verbose: 0 : 14756, 4, 2023/12/16, 15:00:50.417, 851781749853, testhost.dll, TestExecutorExtensionManager: Loading executor Microsoft.VisualStudio.TestPlatform.MSTest.TestAdapter.MSTestExecutor
TpTrace Verbose: 0 : 14756, 4, 2023/12/16, 15:00:50.417, 851781750947, testhost.dll, TestExecutorService: Loaded the executors
TpTrace Verbose: 0 : 14756, 4, 2023/12/16, 15:00:50.418, 851781761516, testhost.dll, TestPluginCache.DiscoverTestExtensions: finding test extensions in assemblies ends with: TestAdapter.dll TPluginInfo: Microsoft.VisualStudio.TestPlatform.Common.ExtensionFramework.Utilities.TestSettingsProviderPluginInformation TExtension: Microsoft.VisualStudio.TestPlatform.ObjectModel.Adapter.ISettingsProvider
TpTrace Verbose: 0 : 14756, 4, 2023/12/16, 15:00:50.418, 851781762578, testhost.dll, TestPluginCache.GetExtensionPaths: Filtered extension paths: 
TpTrace Verbose: 0 : 14756, 4, 2023/12/16, 15:00:50.418, 851781762977, testhost.dll, TestPluginCache.GetExtensionPaths: Added default extension paths: C:\Users\Asmir\source\repos\VVS-projekat\Testovi\bin\Debug\net6.0\fine-code-coverage\build-output\Microsoft.VisualStudio.TestPlatform.MSTest.TestAdapter.dll
TpTrace Verbose: 0 : 14756, 4, 2023/12/16, 15:00:50.418, 851781763233, testhost.dll, TestPluginCache.GetExtensionPaths: Added unfilterableExtensionPaths: 
TpTrace Information: 0 : 14756, 4, 2023/12/16, 15:00:50.418, 851781764563, testhost.dll, AssemblyResolver.AddSearchDirectories: Adding more searchDirectories C:\Users\Asmir\source\repos\VVS-projekat\Testovi\bin\Debug\net6.0\fine-code-coverage\build-output
TpTrace Verbose: 0 : 14756, 4, 2023/12/16, 15:00:50.418, 851781764983, testhost.dll, TestPluginCache.DiscoverTestExtensions: Discovering the extensions using extension path.
TpTrace Verbose: 0 : 14756, 4, 2023/12/16, 15:00:50.418, 851781765247, testhost.dll, TestPluginCache.GetExtensionPaths: Filtered extension paths: 
TpTrace Verbose: 0 : 14756, 4, 2023/12/16, 15:00:50.418, 851781765482, testhost.dll, TestPluginCache.GetExtensionPaths: Added default extension paths: C:\Users\Asmir\source\repos\VVS-projekat\Testovi\bin\Debug\net6.0\fine-code-coverage\build-output\Microsoft.VisualStudio.TestPlatform.MSTest.TestAdapter.dll
TpTrace Verbose: 0 : 14756, 4, 2023/12/16, 15:00:50.418, 851781765718, testhost.dll, TestPluginCache.GetExtensionPaths: Added unfilterableExtensionPaths: 
TpTrace Verbose: 0 : 14756, 4, 2023/12/16, 15:00:50.418, 851781765969, testhost.dll, TestPluginCache.DiscoverTestExtensions: Discovering the extensions using allExtensionPaths: C:\Users\Asmir\source\repos\VVS-projekat\Testovi\bin\Debug\net6.0\fine-code-coverage\build-output\Microsoft.VisualStudio.TestPlatform.MSTest.TestAdapter.dll
TpTrace Information: 0 : 14756, 4, 2023/12/16, 15:00:50.418, 851781766368, testhost.dll, AssemblyResolver.AddSearchDirectories: Adding more searchDirectories C:\Users\Asmir\source\repos\VVS-projekat\Testovi\bin\Debug\net6.0\fine-code-coverage\build-output
TpTrace Verbose: 0 : 14756, 4, 2023/12/16, 15:00:50.419, 851781768204, testhost.dll, TestPluginCache: Discovered the extensions using extension path ''.
TpTrace Verbose: 0 : 14756, 4, 2023/12/16, 15:00:50.419, 851781768597, testhost.dll, TestPluginCache: Discoverers are ''.
TpTrace Verbose: 0 : 14756, 4, 2023/12/16, 15:00:50.419, 851781768860, testhost.dll, TestPluginCache: Executors are 'executor://MSTestAdapter/v2'.
TpTrace Verbose: 0 : 14756, 4, 2023/12/16, 15:00:50.419, 851781769150, testhost.dll, TestPluginCache: Executors2 are ''.
TpTrace Verbose: 0 : 14756, 4, 2023/12/16, 15:00:50.419, 851781769499, testhost.dll, TestPluginCache: Setting providers are ''.
TpTrace Verbose: 0 : 14756, 4, 2023/12/16, 15:00:50.419, 851781769742, testhost.dll, TestPluginCache: Loggers are ''.
TpTrace Verbose: 0 : 14756, 4, 2023/12/16, 15:00:50.420, 851781778526, testhost.dll, TestExecutorService: Loaded the settings providers
TpTrace Information: 0 : 14756, 4, 2023/12/16, 15:00:50.420, 851781779107, testhost.dll, TestExecutorService: Loaded the extensions
TpTrace Information: 0 : 14756, 4, 2023/12/16, 15:00:50.420, 851781784010, testhost.dll, TestRequestHandler.OnMessageReceived: Running job 'TestExecution.StartWithSources'.
TpTrace Information: 0 : 14756, 4, 2023/12/16, 15:00:50.504, 851782623763, testhost.dll, TestDiscoveryManager: Discovering tests from sources C:\Users\Asmir\source\repos\VVS-projekat\Testovi\bin\Debug\net6.0\fine-code-coverage\build-output\Testovi.dll
TpTrace Verbose: 0 : 14756, 4, 2023/12/16, 15:00:50.507, 851782654653, testhost.dll, TestPluginCache.DiscoverTestExtensions: finding test extensions in assemblies ends with: TestAdapter.dll TPluginInfo: Microsoft.VisualStudio.TestPlatform.Common.ExtensionFramework.Utilities.TestDiscovererPluginInformation TExtension: Microsoft.VisualStudio.TestPlatform.ObjectModel.Adapter.ITestDiscoverer
TpTrace Verbose: 0 : 14756, 4, 2023/12/16, 15:00:50.507, 851782656182, testhost.dll, TestPluginCache.GetExtensionPaths: Filtered extension paths: 
TpTrace Verbose: 0 : 14756, 4, 2023/12/16, 15:00:50.507, 851782656514, testhost.dll, TestPluginCache.GetExtensionPaths: Added default extension paths: C:\Users\Asmir\source\repos\VVS-projekat\Testovi\bin\Debug\net6.0\fine-code-coverage\build-output\Microsoft.VisualStudio.TestPlatform.MSTest.TestAdapter.dll
TpTrace Verbose: 0 : 14756, 4, 2023/12/16, 15:00:50.508, 851782656762, testhost.dll, TestPluginCache.GetExtensionPaths: Added unfilterableExtensionPaths: 
TpTrace Information: 0 : 14756, 4, 2023/12/16, 15:00:50.508, 851782658117, testhost.dll, AssemblyResolver.AddSearchDirectories: Adding more searchDirectories C:\Users\Asmir\source\repos\VVS-projekat\Testovi\bin\Debug\net6.0\fine-code-coverage\build-output
TpTrace Verbose: 0 : 14756, 4, 2023/12/16, 15:00:50.508, 851782658486, testhost.dll, TestPluginCache.DiscoverTestExtensions: Discovering the extensions using extension path.
TpTrace Verbose: 0 : 14756, 4, 2023/12/16, 15:00:50.508, 851782658746, testhost.dll, TestPluginCache.GetExtensionPaths: Filtered extension paths: 
TpTrace Verbose: 0 : 14756, 4, 2023/12/16, 15:00:50.508, 851782658970, testhost.dll, TestPluginCache.GetExtensionPaths: Added default extension paths: C:\Users\Asmir\source\repos\VVS-projekat\Testovi\bin\Debug\net6.0\fine-code-coverage\build-output\Microsoft.VisualStudio.TestPlatform.MSTest.TestAdapter.dll
TpTrace Verbose: 0 : 14756, 4, 2023/12/16, 15:00:50.508, 851782659201, testhost.dll, TestPluginCache.GetExtensionPaths: Added unfilterableExtensionPaths: 
TpTrace Verbose: 0 : 14756, 4, 2023/12/16, 15:00:50.508, 851782659452, testhost.dll, TestPluginCache.DiscoverTestExtensions: Discovering the extensions using allExtensionPaths: C:\Users\Asmir\source\repos\VVS-projekat\Testovi\bin\Debug\net6.0\fine-code-coverage\build-output\Microsoft.VisualStudio.TestPlatform.MSTest.TestAdapter.dll
TpTrace Information: 0 : 14756, 4, 2023/12/16, 15:00:50.508, 851782659813, testhost.dll, AssemblyResolver.AddSearchDirectories: Adding more searchDirectories C:\Users\Asmir\source\repos\VVS-projekat\Testovi\bin\Debug\net6.0\fine-code-coverage\build-output
TpTrace Verbose: 0 : 14756, 4, 2023/12/16, 15:00:50.510, 851782678423, testhost.dll, TestPluginCache: Discovered the extensions using extension path ''.
TpTrace Verbose: 0 : 14756, 4, 2023/12/16, 15:00:50.510, 851782679609, testhost.dll, TestPluginCache: Discoverers are 'Microsoft.VisualStudio.TestPlatform.MSTest.TestAdapter.MSTestDiscoverer, Microsoft.VisualStudio.TestPlatform.MSTest.TestAdapter, Version=14.0.0.0, Culture=neutral, PublicKeyToken=b03f5f7f11d50a3a'.
TpTrace Verbose: 0 : 14756, 4, 2023/12/16, 15:00:50.510, 851782680010, testhost.dll, TestPluginCache: Executors are 'executor://MSTestAdapter/v2'.
TpTrace Verbose: 0 : 14756, 4, 2023/12/16, 15:00:50.510, 851782680396, testhost.dll, TestPluginCache: Executors2 are ''.
TpTrace Verbose: 0 : 14756, 4, 2023/12/16, 15:00:50.510, 851782680754, testhost.dll, TestPluginCache: Setting providers are ''.
TpTrace Verbose: 0 : 14756, 4, 2023/12/16, 15:00:50.510, 851782681088, testhost.dll, TestPluginCache: Loggers are ''.
TpTrace Verbose: 0 : 14756, 4, 2023/12/16, 15:00:50.516, 851782742334, testhost.dll, BaseRunTests.RunTestInternalWithExecutors: Running tests for executor://MSTestAdapter/v2
TpTrace Information: 0 : 14756, 4, 2023/12/16, 15:00:50.517, 851782747351, testhost.dll, AssemblyResolver.OnResolve: Microsoft.VisualStudio.TestPlatform.MSTestAdapter.PlatformServices.Interface: Resolving assembly.
TpTrace Information: 0 : 14756, 4, 2023/12/16, 15:00:50.517, 851782748250, testhost.dll, AssemblyResolver.OnResolve: Microsoft.VisualStudio.TestPlatform.MSTestAdapter.PlatformServices.Interface: Searching in: 'C:\Users\Asmir\source\repos\VVS-projekat\Testovi\bin\Debug\net6.0\fine-code-coverage\build-output'.
TpTrace Information: 0 : 14756, 4, 2023/12/16, 15:00:50.517, 851782751685, testhost.dll, AssemblyResolver.OnResolve: Microsoft.VisualStudio.TestPlatform.MSTestAdapter.PlatformServices.Interface: Loading assembly 'C:\Users\Asmir\source\repos\VVS-projekat\Testovi\bin\Debug\net6.0\fine-code-coverage\build-output\Microsoft.VisualStudio.TestPlatform.MSTestAdapter.PlatformServices.Interface.dll'.
TpTrace Information: 0 : 14756, 4, 2023/12/16, 15:00:50.517, 851782755200, testhost.dll, AssemblyResolver.OnResolve: Resolved assembly: Microsoft.VisualStudio.TestPlatform.MSTestAdapter.PlatformServices.Interface, from path: C:\Users\Asmir\source\repos\VVS-projekat\Testovi\bin\Debug\net6.0\fine-code-coverage\build-output\Microsoft.VisualStudio.TestPlatform.MSTestAdapter.PlatformServices.Interface.dll
TpTrace Information: 0 : 14756, 4, 2023/12/16, 15:00:50.519, 851782766877, testhost.dll, AssemblyResolver.OnResolve: Microsoft.VisualStudio.TestPlatform.MSTestAdapter.PlatformServices: Resolving assembly.
TpTrace Information: 0 : 14756, 4, 2023/12/16, 15:00:50.519, 851782768085, testhost.dll, AssemblyResolver.OnResolve: Microsoft.VisualStudio.TestPlatform.MSTestAdapter.PlatformServices: Searching in: 'C:\Users\Asmir\source\repos\VVS-projekat\Testovi\bin\Debug\net6.0\fine-code-coverage\build-output'.
TpTrace Information: 0 : 14756, 4, 2023/12/16, 15:00:50.519, 851782771304, testhost.dll, AssemblyResolver.OnResolve: Microsoft.VisualStudio.TestPlatform.MSTestAdapter.PlatformServices: Loading assembly 'C:\Users\Asmir\source\repos\VVS-projekat\Testovi\bin\Debug\net6.0\fine-code-coverage\build-output\Microsoft.VisualStudio.TestPlatform.MSTestAdapter.PlatformServices.dll'.
TpTrace Information: 0 : 14756, 4, 2023/12/16, 15:00:50.519, 851782775300, testhost.dll, AssemblyResolver.OnResolve: Resolved assembly: Microsoft.VisualStudio.TestPlatform.MSTestAdapter.PlatformServices, from path: C:\Users\Asmir\source\repos\VVS-projekat\Testovi\bin\Debug\net6.0\fine-code-coverage\build-output\Microsoft.VisualStudio.TestPlatform.MSTestAdapter.PlatformServices.dll
TpTrace Information: 0 : 14756, 4, 2023/12/16, 15:00:50.520, 851782778905, testhost.dll, MSTest - MSTestExecutor.RunTests: Running tests from sources.
TpTrace Information: 0 : 14756, 4, 2023/12/16, 15:00:50.524, 851782821031, testhost.dll, MSTest - CollectSourceInformation value Found : False 
TpTrace Information: 0 : 14756, 4, 2023/12/16, 15:00:50.547, 851783053345, testhost.dll, MSTest - DictionaryHelper.ConcatWithOverwrites: The source is null or empty, returning the overwrite dictionary.
TpTrace Information: 0 : 14756, 4, 2023/12/16, 15:00:50.553, 851783107347, testhost.dll, MSTest - DictionaryHelper.ConcatWithOverwrites: The source is null or empty, returning the overwrite dictionary.
TpTrace Information: 0 : 14756, 4, 2023/12/16, 15:00:50.553, 851783110465, testhost.dll, MSTest - DictionaryHelper.ConcatWithOverwrites: The source is null or empty, returning the overwrite dictionary.
TpTrace Information: 0 : 14756, 4, 2023/12/16, 15:00:50.553, 851783111453, testhost.dll, MSTest - DictionaryHelper.ConcatWithOverwrites: The source is null or empty, returning the overwrite dictionary.
TpTrace Information: 0 : 14756, 4, 2023/12/16, 15:00:50.553, 851783113404, testhost.dll, MSTest - DictionaryHelper.ConcatWithOverwrites: The source is null or empty, returning the overwrite dictionary.
TpTrace Information: 0 : 14756, 4, 2023/12/16, 15:00:50.559, 851783173021, testhost.dll, AssemblyResolver.OnResolve: Microsoft.TestPlatform.AdapterUtilities: Resolving assembly.
TpTrace Information: 0 : 14756, 4, 2023/12/16, 15:00:50.559, 851783174308, testhost.dll, AssemblyResolver.OnResolve: Microsoft.TestPlatform.AdapterUtilities: Searching in: 'C:\Users\Asmir\source\repos\VVS-projekat\Testovi\bin\Debug\net6.0\fine-code-coverage\build-output'.
TpTrace Information: 0 : 14756, 4, 2023/12/16, 15:00:50.560, 851783177807, testhost.dll, AssemblyResolver.OnResolve: Microsoft.TestPlatform.AdapterUtilities: Loading assembly 'C:\Users\Asmir\source\repos\VVS-projekat\Testovi\bin\Debug\net6.0\fine-code-coverage\build-output\Microsoft.TestPlatform.AdapterUtilities.dll'.
TpTrace Information: 0 : 14756, 4, 2023/12/16, 15:00:50.560, 851783182847, testhost.dll, AssemblyResolver.OnResolve: Resolved assembly: Microsoft.TestPlatform.AdapterUtilities, from path: C:\Users\Asmir\source\repos\VVS-projekat\Testovi\bin\Debug\net6.0\fine-code-coverage\build-output\Microsoft.TestPlatform.AdapterUtilities.dll
TpTrace Information: 0 : 14756, 4, 2023/12/16, 15:00:50.592, 851783499556, testhost.dll, MSTest - DictionaryHelper.ConcatWithOverwrites: The source is null or empty, returning the overwrite dictionary.
TpTrace Information: 0 : 14756, 4, 2023/12/16, 15:00:50.592, 851783501502, testhost.dll, MSTest - DictionaryHelper.ConcatWithOverwrites: The source is null or empty, returning the overwrite dictionary.
TpTrace Information: 0 : 14756, 4, 2023/12/16, 15:00:50.592, 851783502605, testhost.dll, MSTest - DictionaryHelper.ConcatWithOverwrites: The source is null or empty, returning the overwrite dictionary.
TpTrace Information: 0 : 14756, 4, 2023/12/16, 15:00:50.593, 851783507677, testhost.dll, MSTest - DictionaryHelper.ConcatWithOverwrites: The source is null or empty, returning the overwrite dictionary.
TpTrace Information: 0 : 14756, 4, 2023/12/16, 15:00:50.593, 851783510927, testhost.dll, MSTest - MSTestDiscoverer: Found 6 tests from source C:\Users\Asmir\source\repos\VVS-projekat\Testovi\bin\Debug\net6.0\fine-code-coverage\build-output\Testovi.dll
TpTrace Information: 0 : 14756, 4, 2023/12/16, 15:00:50.616, 851783745882, testhost.dll, AssemblyResolver.OnResolve: Microsoft.VisualStudio.TestPlatform.MSTestAdapter.PlatformServices.resources: Resolving assembly.
TpTrace Information: 0 : 14756, 4, 2023/12/16, 15:00:50.617, 851783747109, testhost.dll, AssemblyResolver.OnResolve: Microsoft.VisualStudio.TestPlatform.MSTestAdapter.PlatformServices.resources: Searching in: 'C:\Users\Asmir\source\repos\VVS-projekat\Testovi\bin\Debug\net6.0\fine-code-coverage\build-output'.
TpTrace Information: 0 : 14756, 4, 2023/12/16, 15:00:50.617, 851783748132, testhost.dll, AssemblyResolver.OnResolve: Microsoft.VisualStudio.TestPlatform.MSTestAdapter.PlatformServices.resources: Assembly path does not exist: 'C:\Users\Asmir\source\repos\VVS-projekat\Testovi\bin\Debug\net6.0\fine-code-coverage\build-output\Microsoft.VisualStudio.TestPlatform.MSTestAdapter.PlatformServices.resources.dll', returning.
TpTrace Information: 0 : 14756, 4, 2023/12/16, 15:00:50.617, 851783749094, testhost.dll, AssemblyResolver.OnResolve: Microsoft.VisualStudio.TestPlatform.MSTestAdapter.PlatformServices.resources: Assembly path does not exist: 'C:\Users\Asmir\source\repos\VVS-projekat\Testovi\bin\Debug\net6.0\fine-code-coverage\build-output\Microsoft.VisualStudio.TestPlatform.MSTestAdapter.PlatformServices.resources.exe', returning.
TpTrace Information: 0 : 14756, 4, 2023/12/16, 15:00:50.617, 851783749610, testhost.dll, AssemblyResolver.OnResolve: Microsoft.VisualStudio.TestPlatform.MSTestAdapter.PlatformServices.resources: Failed to load assembly.
TpTrace Information: 0 : 14756, 4, 2023/12/16, 15:00:50.617, 851783753360, testhost.dll, AssemblyResolver.OnResolve: Microsoft.VisualStudio.TestPlatform.MSTestAdapter.PlatformServices.resources: Resolving assembly.
TpTrace Information: 0 : 14756, 4, 2023/12/16, 15:00:50.617, 851783754210, testhost.dll, AssemblyResolver.OnResolve: Microsoft.VisualStudio.TestPlatform.MSTestAdapter.PlatformServices.resources: Resolved from cache.
TpTrace Information: 0 : 14756, 4, 2023/12/16, 15:00:50.631, 851783886892, testhost.dll, MSTest - Created unit-test runner C:\Users\Asmir\source\repos\VVS-projekat\Testovi\bin\Debug\net6.0\fine-code-coverage\build-output\Testovi.dll
TpTrace Verbose: 0 : 14756, 4, 2023/12/16, 15:00:50.638, 851783958862, testhost.dll, TestExecutionRecorder.RecordStart: Starting test: Testovi.TestoviAsmir.Index_ReturnsViewResult.
TpTrace Information: 0 : 14756, 4, 2023/12/16, 15:00:50.700, 851784583359, testhost.dll, MSTest - Executing test Index_ReturnsViewResult
TpTrace Verbose: 0 : 14756, 9, 2023/12/16, 15:00:51.397, 851791549459, testhost.dll, TcpClientExtensions.MessageLoopAsync: Polling on remoteEndPoint: [::ffff:127.0.0.1]:55204 localEndPoint: [::ffff:127.0.0.1]:55205
TpTrace Information: 0 : 14756, 4, 2023/12/16, 15:00:51.712, 851794700270, testhost.dll, MSTest - Executed test Index_ReturnsViewResult
TpTrace Verbose: 0 : 14756, 4, 2023/12/16, 15:00:51.716, 851794743140, testhost.dll, TestExecutionRecorder.RecordEnd: test: Testovi.TestoviAsmir.Index_ReturnsViewResult execution completed.
TpTrace Verbose: 0 : 14756, 4, 2023/12/16, 15:00:51.730, 851794876880, testhost.dll, TestExecutionRecorder.RecordResult: Received result for test: Testovi.TestoviAsmir.Index_ReturnsViewResult.
TpTrace Warning: 0 : 14756, 4, 2023/12/16, 15:00:51.734, 851794924557, testhost.dll, TestRunCache: InProgressTests is null
TpTrace Warning: 0 : 14756, 4, 2023/12/16, 15:00:51.735, 851794926554, testhost.dll, TestRunCache: No test found corresponding to testResult 'Index_ReturnsViewResult' in inProgress list.
TpTrace Verbose: 0 : 14756, 4, 2023/12/16, 15:00:51.735, 851794927584, testhost.dll, TestExecutionRecorder.RecordStart: Starting test: Testovi.TestoviAsmir.GetAllBooksAsync_ReturnsListOfBooks.
TpTrace Information: 0 : 14756, 4, 2023/12/16, 15:00:51.736, 851794945436, testhost.dll, MSTest - Executing test GetAllBooksAsync_ReturnsListOfBooks
TpTrace Information: 0 : 14756, 4, 2023/12/16, 15:00:51.760, 851795180343, testhost.dll, MSTest - Executed test GetAllBooksAsync_ReturnsListOfBooks
TpTrace Verbose: 0 : 14756, 4, 2023/12/16, 15:00:51.760, 851795181488, testhost.dll, TestExecutionRecorder.RecordEnd: test: Testovi.TestoviAsmir.GetAllBooksAsync_ReturnsListOfBooks execution completed.
TpTrace Verbose: 0 : 14756, 4, 2023/12/16, 15:00:51.762, 851795197132, testhost.dll, TestExecutionRecorder.RecordResult: Received result for test: Testovi.TestoviAsmir.GetAllBooksAsync_ReturnsListOfBooks.
TpTrace Warning: 0 : 14756, 4, 2023/12/16, 15:00:51.762, 851795198585, testhost.dll, TestRunCache: InProgressTests is null
TpTrace Warning: 0 : 14756, 4, 2023/12/16, 15:00:51.762, 851795199050, testhost.dll, TestRunCache: No test found corresponding to testResult 'GetAllBooksAsync_ReturnsListOfBooks' in inProgress list.
TpTrace Verbose: 0 : 14756, 4, 2023/12/16, 15:00:51.762, 851795199854, testhost.dll, TestExecutionRecorder.RecordStart: Starting test: Testovi.TestoviAsmir.CalculateAverageRatings_ReturnsCorrectAverage.
TpTrace Information: 0 : 14756, 4, 2023/12/16, 15:00:51.764, 851795225165, testhost.dll, MSTest - Executing test CalculateAverageRatings_ReturnsCorrectAverage
TpTrace Information: 0 : 14756, 4, 2023/12/16, 15:00:51.775, 851795336161, testhost.dll, MSTest - Executed test CalculateAverageRatings_ReturnsCorrectAverage
TpTrace Verbose: 0 : 14756, 4, 2023/12/16, 15:00:51.776, 851795337186, testhost.dll, TestExecutionRecorder.RecordEnd: test: Testovi.TestoviAsmir.CalculateAverageRatings_ReturnsCorrectAverage execution completed.
TpTrace Verbose: 0 : 14756, 4, 2023/12/16, 15:00:51.777, 851795356207, testhost.dll, TestExecutionRecorder.RecordResult: Received result for test: Testovi.TestoviAsmir.CalculateAverageRatings_ReturnsCorrectAverage.
TpTrace Warning: 0 : 14756, 4, 2023/12/16, 15:00:51.778, 851795357773, testhost.dll, TestRunCache: InProgressTests is null
TpTrace Warning: 0 : 14756, 4, 2023/12/16, 15:00:51.778, 851795358244, testhost.dll, TestRunCache: No test found corresponding to testResult 'CalculateAverageRatings_ReturnsCorrectAverage' in inProgress list.
TpTrace Verbose: 0 : 14756, 4, 2023/12/16, 15:00:51.778, 851795359110, testhost.dll, TestExecutionRecorder.RecordStart: Starting test: Testovi.TestoviAsmir.GetBestBooks_ThrowsException.
TpTrace Information: 0 : 14756, 4, 2023/12/16, 15:00:51.779, 851795375302, testhost.dll, MSTest - Executing test GetBestBooks_ThrowsException
TpTrace Information: 0 : 14756, 4, 2023/12/16, 15:00:51.784, 851795418757, testhost.dll, AssemblyResolver.OnResolve: Microsoft.VisualStudio.TestPlatform.TestFramework.resources: Resolving assembly.
TpTrace Information: 0 : 14756, 4, 2023/12/16, 15:00:51.784, 851795419676, testhost.dll, AssemblyResolver.OnResolve: Microsoft.VisualStudio.TestPlatform.TestFramework.resources: Searching in: 'C:\Users\Asmir\source\repos\VVS-projekat\Testovi\bin\Debug\net6.0\fine-code-coverage\build-output'.
TpTrace Information: 0 : 14756, 4, 2023/12/16, 15:00:51.784, 851795420277, testhost.dll, AssemblyResolver.OnResolve: Microsoft.VisualStudio.TestPlatform.TestFramework.resources: Assembly path does not exist: 'C:\Users\Asmir\source\repos\VVS-projekat\Testovi\bin\Debug\net6.0\fine-code-coverage\build-output\Microsoft.VisualStudio.TestPlatform.TestFramework.resources.dll', returning.
TpTrace Information: 0 : 14756, 4, 2023/12/16, 15:00:51.784, 851795420763, testhost.dll, AssemblyResolver.OnResolve: Microsoft.VisualStudio.TestPlatform.TestFramework.resources: Assembly path does not exist: 'C:\Users\Asmir\source\repos\VVS-projekat\Testovi\bin\Debug\net6.0\fine-code-coverage\build-output\Microsoft.VisualStudio.TestPlatform.TestFramework.resources.exe', returning.
TpTrace Information: 0 : 14756, 4, 2023/12/16, 15:00:51.784, 851795420993, testhost.dll, AssemblyResolver.OnResolve: Microsoft.VisualStudio.TestPlatform.TestFramework.resources: Failed to load assembly.
TpTrace Information: 0 : 14756, 4, 2023/12/16, 15:00:51.809, 851795668353, testhost.dll, MSTest - Executed test GetBestBooks_ThrowsException
TpTrace Verbose: 0 : 14756, 4, 2023/12/16, 15:00:51.809, 851795669445, testhost.dll, TestExecutionRecorder.RecordEnd: test: Testovi.TestoviAsmir.GetBestBooks_ThrowsException execution completed.
TpTrace Information: 0 : 14756, 4, 2023/12/16, 15:00:51.811, 851795687658, testhost.dll, MSTest - MSTestExecutor:Test Testovi.TestoviAsmir.GetBestBooks_ThrowsException failed. ErrorMessage:Test method threw exception System.ArgumentNullException, but exception System.ArgumentException was expected. Exception message: System.ArgumentNullException: Value cannot be null. (Parameter 'Prazna lista knjiga'), ErrorStackTrace:   at VVS_projekat.Controllers.RecommendationsController.GetBestBooks(List`1 allBooks) in C:\Users\Asmir\source\repos\VVS-projekat\VVS-projekat\Controllers\RecommendationsController.cs:line 49
   at Testovi.TestoviAsmir.GetBestBooks_ThrowsException() in C:\Users\Asmir\source\repos\VVS-projekat\Testovi\TestoviAsmir.cs:line 91
.
TpTrace Verbose: 0 : 14756, 4, 2023/12/16, 15:00:51.811, 851795688845, testhost.dll, TestExecutionRecorder.RecordResult: Received result for test: Testovi.TestoviAsmir.GetBestBooks_ThrowsException.
TpTrace Warning: 0 : 14756, 4, 2023/12/16, 15:00:51.811, 851795689549, testhost.dll, TestRunCache: InProgressTests is null
TpTrace Warning: 0 : 14756, 4, 2023/12/16, 15:00:51.811, 851795689932, testhost.dll, TestRunCache: No test found corresponding to testResult 'GetBestBooks_ThrowsException' in inProgress list.
TpTrace Verbose: 0 : 14756, 4, 2023/12/16, 15:00:51.811, 851795690709, testhost.dll, TestExecutionRecorder.RecordStart: Starting test: Testovi.TestoviAsmir.GetBestBooks_ThrowsExceptionWithProperMessage.
TpTrace Information: 0 : 14756, 4, 2023/12/16, 15:00:51.814, 851795716890, testhost.dll, MSTest - Executing test GetBestBooks_ThrowsExceptionWithProperMessage
TpTrace Information: 0 : 14756, 4, 2023/12/16, 15:00:51.820, 851795783201, testhost.dll, MSTest - Executed test GetBestBooks_ThrowsExceptionWithProperMessage
TpTrace Verbose: 0 : 14756, 4, 2023/12/16, 15:00:51.820, 851795784259, testhost.dll, TestExecutionRecorder.RecordEnd: test: Testovi.TestoviAsmir.GetBestBooks_ThrowsExceptionWithProperMessage execution completed.
TpTrace Information: 0 : 14756, 4, 2023/12/16, 15:00:51.822, 851795799142, testhost.dll, MSTest - MSTestExecutor:Test Testovi.TestoviAsmir.GetBestBooks_ThrowsExceptionWithProperMessage failed. ErrorMessage:Assert.AreEqual failed. Expected:<Prazna lista knjiga>. Actual:<Value cannot be null. (Parameter 'Prazna lista knjiga')>. , ErrorStackTrace:   at Testovi.TestoviAsmir.GetBestBooks_ThrowsExceptionWithProperMessage() in C:\Users\Asmir\source\repos\VVS-projekat\Testovi\TestoviAsmir.cs:line 105
.
TpTrace Verbose: 0 : 14756, 4, 2023/12/16, 15:00:51.822, 851795799975, testhost.dll, TestExecutionRecorder.RecordResult: Received result for test: Testovi.TestoviAsmir.GetBestBooks_ThrowsExceptionWithProperMessage.
TpTrace Warning: 0 : 14756, 4, 2023/12/16, 15:00:51.822, 851795800482, testhost.dll, TestRunCache: InProgressTests is null
TpTrace Warning: 0 : 14756, 4, 2023/12/16, 15:00:51.822, 851795800693, testhost.dll, TestRunCache: No test found corresponding to testResult 'GetBestBooks_ThrowsExceptionWithProperMessage' in inProgress list.
TpTrace Verbose: 0 : 14756, 4, 2023/12/16, 15:00:51.822, 851795801198, testhost.dll, TestExecutionRecorder.RecordStart: Starting test: Testovi.UnitTest1.TestMethod1.
TpTrace Information: 0 : 14756, 4, 2023/12/16, 15:00:51.837, 851795955088, testhost.dll, MSTest - Executing test TestMethod1
TpTrace Information: 0 : 14756, 4, 2023/12/16, 15:00:51.838, 851795961225, testhost.dll, MSTest - Executed test TestMethod1
TpTrace Verbose: 0 : 14756, 4, 2023/12/16, 15:00:51.838, 851795962125, testhost.dll, TestExecutionRecorder.RecordEnd: test: Testovi.UnitTest1.TestMethod1 execution completed.
TpTrace Verbose: 0 : 14756, 4, 2023/12/16, 15:00:51.840, 851795977797, testhost.dll, TestExecutionRecorder.RecordResult: Received result for test: Testovi.UnitTest1.TestMethod1.
TpTrace Warning: 0 : 14756, 4, 2023/12/16, 15:00:51.840, 851795979139, testhost.dll, TestRunCache: InProgressTests is null
TpTrace Warning: 0 : 14756, 4, 2023/12/16, 15:00:51.840, 851795979553, testhost.dll, TestRunCache: No test found corresponding to testResult 'TestMethod1' in inProgress list.
TpTrace Information: 0 : 14756, 4, 2023/12/16, 15:00:51.840, 851795982381, testhost.dll, MSTest - Executing cleanup methods.
TpTrace Information: 0 : 14756, 4, 2023/12/16, 15:00:51.841, 851795993159, testhost.dll, MSTest - Executed cleanup methods.
TpTrace Information: 0 : 14756, 4, 2023/12/16, 15:00:51.841, 851795993731, testhost.dll, MSTest - Executed tests belonging to source C:\Users\Asmir\source\repos\VVS-projekat\Testovi\bin\Debug\net6.0\fine-code-coverage\build-output\Testovi.dll
TpTrace Verbose: 0 : 14756, 4, 2023/12/16, 15:00:51.842, 851795996610, testhost.dll, BaseRunTests.RunTestInternalWithExecutors: Completed running tests for executor://MSTestAdapter/v2
TpTrace Information: 0 : 14756, 4, 2023/12/16, 15:00:51.845, 851796030302, testhost.dll, Sending test run complete
TpTrace Verbose: 0 : 14756, 4, 2023/12/16, 15:00:51.876, 851796338248, testhost.dll, TestRequestHandler.SendData:  sending data from testhost: {"Version":5,"MessageType":"TestExecution.Completed","Payload":{"TestRunCompleteArgs":{"TestRunStatistics":{"ExecutedTests":6,"Stats":{"Passed":4,"Failed":2}},"IsCanceled":false,"IsAborted":false,"Error":null,"AttachmentSets":[],"ElapsedTimeInRunningTests":"00:00:01.3303873","Metrics":{}},"LastRunTests":{"NewTestResults":[{"TestCase":{"Id":"ceb3a0e5-9012-ce6e-a49d-8c4145a9be95","FullyQualifiedName":"Testovi.TestoviAsmir.Index_ReturnsViewResult","DisplayName":"Index_ReturnsViewResult","ExecutorUri":"executor://MSTestAdapter/v2","Source":"C:\\Users\\Asmir\\source\\repos\\VVS-projekat\\Testovi\\bin\\Debug\\net6.0\\fine-code-coverage\\build-output\\Testovi.dll","CodeFilePath":null,"LineNumber":-1,"Properties":[{"Key":{"Id":"TestCase.ManagedType","Label":"ManagedType","Category":"","Description":"","Attributes":1,"ValueType":"System.String"},"Value":"Testovi.TestoviAsmir"},{"Key":{"Id":"TestCase.ManagedMethod","Label":"ManagedMethod","Category":"","Description":"","Attributes":1,"ValueType":"System.String"},"Value":"Index_ReturnsViewResult"},{"Key":{"Id":"MSTestDiscoverer.TestClassName","Label":"ClassName","Category":"","Description":"","Attributes":1,"ValueType":"System.String"},"Value":"Testovi.TestoviAsmir"},{"Key":{"Id":"TestCase.Hierarchy","Label":"Hierarchy","Category":"","Description":"","Attributes":2,"ValueType":"System.String[]"},"Value":["Testovi","TestoviAsmir"]},{"Key":{"Id":"TestObject.Traits","Label":"Traits","Category":"","Description":"","Attributes":5,"ValueType":"System.Collections.Generic.KeyValuePair`2[[System.String],[System.String]][]"},"Value":[]}]},"Attachments":[],"Outcome":1,"ErrorMessage":null,"ErrorStackTrace":null,"DisplayName":"Index_ReturnsViewResult","Messages":[],"ComputerName":null,"Duration":"00:00:00.9950635","StartTime":"2023-12-16T15:00:50.700539+01:00","EndTime":"2023-12-16T15:00:51.7124843+01:00","Properties":[{"Key":{"Id":"ExecutionId","Label":"ExecutionId","Category":"","Description":"","Attributes":1,"ValueType":"System.Guid"},"Value":"00000000-0000-0000-0000-000000000000"},{"Key":{"Id":"ParentExecId","Label":"ParentExecId","Category":"","Description":"","Attributes":1,"ValueType":"System.Guid"},"Value":"00000000-0000-0000-0000-000000000000"},{"Key":{"Id":"InnerResultsCount","Label":"InnerResultsCount","Category":"","Description":"","Attributes":1,"ValueType":"System.Int32"},"Value":0}]},{"TestCase":{"Id":"b9f8a364-f541-d87b-a296-e022d3da40d3","FullyQualifiedName":"Testovi.TestoviAsmir.GetAllBooksAsync_ReturnsListOfBooks","DisplayName":"GetAllBooksAsync_ReturnsListOfBooks","ExecutorUri":"executor://MSTestAdapter/v2","Source":"C:\\Users\\Asmir\\source\\repos\\VVS-projekat\\Testovi\\bin\\Debug\\net6.0\\fine-code-coverage\\build-output\\Testovi.dll","CodeFilePath":null,"LineNumber":-1,"Properties":[{"Key":{"Id":"TestCase.ManagedType","Label":"ManagedType","Category":"","Description":"","Attributes":1,"ValueType":"System.String"},"Value":"Testovi.TestoviAsmir"},{"Key":{"Id":"TestCase.ManagedMethod","Label":"ManagedMethod","Category":"","Description":"","Attributes":1,"ValueType":"System.String"},"Value":"GetAllBooksAsync_ReturnsListOfBooks"},{"Key":{"Id":"MSTestDiscoverer.TestClassName","Label":"ClassName","Category":"","Description":"","Attributes":1,"ValueType":"System.String"},"Value":"Testovi.TestoviAsmir"},{"Key":{"Id":"TestCase.Hierarchy","Label":"Hierarchy","Category":"","Description":"","Attributes":2,"ValueType":"System.String[]"},"Value":["Testovi","TestoviAsmir"]},{"Key":{"Id":"TestObject.Traits","Label":"Traits","Category":"","Description":"","Attributes":5,"ValueType":"System.Collections.Generic.KeyValuePair`2[[System.String],[System.String]][]"},"Value":[]}]},"Attachments":[],"Outcome":1,"ErrorMessage":null,"ErrorStackTrace":null,"DisplayName":"GetAllBooksAsync_ReturnsListOfBooks","Messages":[],"ComputerName":null,"Duration":"00:00:00.0231416","StartTime":"2023-12-16T15:00:51.7368748+01:00","EndTime":"2023-12-16T15:00:51.7604767+01:00","Properties":[{"Key":{"Id":"ExecutionId","Label":"ExecutionId","Category":"","Description":"","Attributes":1,"ValueType":"System.Guid"},"Value":"00000000-0000-0000-0000-000000000000"},{"Key":{"Id":"ParentExecId","Label":"ParentExecId","Category":"","Description":"","Attributes":1,"ValueType":"System.Guid"},"Value":"00000000-0000-0000-0000-000000000000"},{"Key":{"Id":"InnerResultsCount","Label":"InnerResultsCount","Category":"","Description":"","Attributes":1,"ValueType":"System.Int32"},"Value":0}]},{"TestCase":{"Id":"7d80f6d1-ae3d-54bf-2867-9d2ff9e5f9e3","FullyQualifiedName":"Testovi.TestoviAsmir.CalculateAverageRatings_ReturnsCorrectAverage","DisplayName":"CalculateAverageRatings_ReturnsCorrectAverage","ExecutorUri":"executor://MSTestAdapter/v2","Source":"C:\\Users\\Asmir\\source\\repos\\VVS-projekat\\Testovi\\bin\\Debug\\net6.0\\fine-code-coverage\\build-output\\Testovi.dll","CodeFilePath":null,"LineNumber":-1,"Properties":[{"Key":{"Id":"TestCase.ManagedType","Label":"ManagedType","Category":"","Description":"","Attributes":1,"ValueType":"System.String"},"Value":"Testovi.TestoviAsmir"},{"Key":{"Id":"TestCase.ManagedMethod","Label":"ManagedMethod","Category":"","Description":"","Attributes":1,"ValueType":"System.String"},"Value":"CalculateAverageRatings_ReturnsCorrectAverage"},{"Key":{"Id":"MSTestDiscoverer.TestClassName","Label":"ClassName","Category":"","Description":"","Attributes":1,"ValueType":"System.String"},"Value":"Testovi.TestoviAsmir"},{"Key":{"Id":"TestCase.Hierarchy","Label":"Hierarchy","Category":"","Description":"","Attributes":2,"ValueType":"System.String[]"},"Value":["Testovi","TestoviAsmir"]},{"Key":{"Id":"TestObject.Traits","Label":"Traits","Category":"","Description":"","Attributes":5,"ValueType":"System.Collections.Generic.KeyValuePair`2[[System.String],[System.String]][]"},"Value":[]}]},"Attachments":[],"Outcome":1,"ErrorMessage":null,"ErrorStackTrace":null,"DisplayName":"CalculateAverageRatings_ReturnsCorrectAverage","Messages":[],"ComputerName":null,"Duration":"00:00:00.0107767","StartTime":"2023-12-16T15:00:51.764842+01:00","EndTime":"2023-12-16T15:00:51.7760554+01:00","Properties":[{"Key":{"Id":"ExecutionId","Label":"ExecutionId","Category":"","Description":"","Attributes":1,"ValueType":"System.Guid"},"Value":"00000000-0000-0000-0000-000000000000"},{"Key":{"Id":"ParentExecId","Label":"ParentExecId","Category":"","Description":"","Attributes":1,"ValueType":"System.Guid"},"Value":"00000000-0000-0000-0000-000000000000"},{"Key":{"Id":"InnerResultsCount","Label":"InnerResultsCount","Category":"","Description":"","Attributes":1,"ValueType":"System.Int32"},"Value":0}]},{"TestCase":{"Id":"74f002d4-7812-bcfe-3b14-81737fc727ea","FullyQualifiedName":"Testovi.TestoviAsmir.GetBestBooks_ThrowsException","DisplayName":"GetBestBooks_ThrowsException","ExecutorUri":"executor://MSTestAdapter/v2","Source":"C:\\Users\\Asmir\\source\\repos\\VVS-projekat\\Testovi\\bin\\Debug\\net6.0\\fine-code-coverage\\build-output\\Testovi.dll","CodeFilePath":null,"LineNumber":-1,"Properties":[{"Key":{"Id":"TestCase.ManagedType","Label":"ManagedType","Category":"","Description":"","Attributes":1,"ValueType":"System.String"},"Value":"Testovi.TestoviAsmir"},{"Key":{"Id":"TestCase.ManagedMethod","Label":"ManagedMethod","Category":"","Description":"","Attributes":1,"ValueType":"System.String"},"Value":"GetBestBooks_ThrowsException"},{"Key":{"Id":"MSTestDiscoverer.TestClassName","Label":"ClassName","Category":"","Description":"","Attributes":1,"ValueType":"System.String"},"Value":"Testovi.TestoviAsmir"},{"Key":{"Id":"TestCase.Hierarchy","Label":"Hierarchy","Category":"","Description":"","Attributes":2,"ValueType":"System.String[]"},"Value":["Testovi","TestoviAsmir"]},{"Key":{"Id":"TestObject.Traits","Label":"Traits","Category":"","Description":"","Attributes":5,"ValueType":"System.Collections.Generic.KeyValuePair`2[[System.String],[System.String]][]"},"Value":[]}]},"Attachments":[],"Outcome":2,"ErrorMessage":"Test method threw exception System.ArgumentNullException, but exception System.ArgumentException was expected. Exception message: System.ArgumentNullException: Value cannot be null. (Parameter 'Prazna lista knjiga')","ErrorStackTrace":"   at VVS_projekat.Controllers.RecommendationsController.GetBestBooks(List`1 allBooks) in C:\\Users\\Asmir\\source\\repos\\VVS-projekat\\VVS-projekat\\Controllers\\RecommendationsController.cs:line 49\r\n   at Testovi.TestoviAsmir.GetBestBooks_ThrowsException() in C:\\Users\\Asmir\\source\\repos\\VVS-projekat\\Testovi\\TestoviAsmir.cs:line 91\r\n","DisplayName":"GetBestBooks_ThrowsException","Messages":[],"ComputerName":null,"Duration":"00:00:00.0286714","StartTime":"2023-12-16T15:00:51.7798591+01:00","EndTime":"2023-12-16T15:00:51.8092786+01:00","Properties":[{"Key":{"Id":"ExecutionId","Label":"ExecutionId","Category":"","Description":"","Attributes":1,"ValueType":"System.Guid"},"Value":"00000000-0000-0000-0000-000000000000"},{"Key":{"Id":"ParentExecId","Label":"ParentExecId","Category":"","Description":"","Attributes":1,"ValueType":"System.Guid"},"Value":"00000000-0000-0000-0000-000000000000"},{"Key":{"Id":"InnerResultsCount","Label":"InnerResultsCount","Category":"","Description":"","Attributes":1,"ValueType":"System.Int32"},"Value":0}]},{"TestCase":{"Id":"5829400c-f3b1-a742-ef56-80be71be61a7","FullyQualifiedName":"Testovi.TestoviAsmir.GetBestBooks_ThrowsExceptionWithProperMessage","DisplayName":"GetBestBooks_ThrowsExceptionWithProperMessage","ExecutorUri":"executor://MSTestAdapter/v2","Source":"C:\\Users\\Asmir\\source\\repos\\VVS-projekat\\Testovi\\bin\\Debug\\net6.0\\fine-code-coverage\\build-output\\Testovi.dll","CodeFilePath":null,"LineNumber":-1,"Properties":[{"Key":{"Id":"TestCase.ManagedType","Label":"ManagedType","Category":"","Description":"","Attributes":1,"ValueType":"System.String"},"Value":"Testovi.TestoviAsmir"},{"Key":{"Id":"TestCase.ManagedMethod","Label":"ManagedMethod","Category":"","Description":"","Attributes":1,"ValueType":"System.String"},"Value":"GetBestBooks_ThrowsExceptionWithProperMessage"},{"Key":{"Id":"MSTestDiscoverer.TestClassName","Label":"ClassName","Category":"","Description":"","Attributes":1,"ValueType":"System.String"},"Value":"Testovi.TestoviAsmir"},{"Key":{"Id":"TestCase.Hierarchy","Label":"Hierarchy","Category":"","Description":"","Attributes":2,"ValueType":"System.String[]"},"Value":["Testovi","TestoviAsmir"]},{"Key":{"Id":"TestObject.Traits","Label":"Traits","Category":"","Description":"","Attributes":5,"ValueType":"System.Collections.Generic.KeyValuePair`2[[System.String],[System.String]][]"},"Value":[]}]},"Attachments":[],"Outcome":2,"ErrorMessage":"Assert.AreEqual failed. Expected:<Prazna lista knjiga>. Actual:<Value cannot be null. (Parameter 'Prazna lista knjiga')>. ","ErrorStackTrace":"   at Testovi.TestoviAsmir.GetBestBooks_ThrowsExceptionWithProperMessage() in C:\\Users\\Asmir\\source\\repos\\VVS-projekat\\Testovi\\TestoviAsmir.cs:line 105\r\n","DisplayName":"GetBestBooks_ThrowsExceptionWithProperMessage","Messages":[],"ComputerName":null,"Duration":"00:00:00.0062801","StartTime":"2023-12-16T15:00:51.8140154+01:00","EndTime":"2023-12-16T15:00:51.8207593+01:00","Properties":[{"Key":{"Id":"ExecutionId","Label":"ExecutionId","Category":"","Description":"","Attributes":1,"ValueType":"System.Guid"},"Value":"00000000-0000-0000-0000-000000000000"},{"Key":{"Id":"ParentExecId","Label":"ParentExecId","Category":"","Description":"","Attributes":1,"ValueType":"System.Guid"},"Value":"00000000-0000-0000-0000-000000000000"},{"Key":{"Id":"InnerResultsCount","Label":"InnerResultsCount","Category":"","Description":"","Attributes":1,"ValueType":"System.Int32"},"Value":0}]},{"TestCase":{"Id":"3961dd6a-791e-4fed-aab6-3313addb6eb2","FullyQualifiedName":"Testovi.UnitTest1.TestMethod1","DisplayName":"TestMethod1","ExecutorUri":"executor://MSTestAdapter/v2","Source":"C:\\Users\\Asmir\\source\\repos\\VVS-projekat\\Testovi\\bin\\Debug\\net6.0\\fine-code-coverage\\build-output\\Testovi.dll","CodeFilePath":null,"LineNumber":-1,"Properties":[{"Key":{"Id":"TestCase.ManagedType","Label":"ManagedType","Category":"","Description":"","Attributes":1,"ValueType":"System.String"},"Value":"Testovi.UnitTest1"},{"Key":{"Id":"TestCase.ManagedMethod","Label":"ManagedMethod","Category":"","Description":"","Attributes":1,"ValueType":"System.String"},"Value":"TestMethod1"},{"Key":{"Id":"MSTestDiscoverer.TestClassName","Label":"ClassName","Category":"","Description":"","Attributes":1,"ValueType":"System.String"},"Value":"Testovi.UnitTest1"},{"Key":{"Id":"TestCase.Hierarchy","Label":"Hierarchy","Category":"","Description":"","Attributes":2,"ValueType":"System.String[]"},"Value":["Testovi","UnitTest1"]},{"Key":{"Id":"TestObject.Traits","Label":"Traits","Category":"","Description":"","Attributes":5,"ValueType":"System.Collections.Generic.KeyValuePair`2[[System.String],[System.String]][]"},"Value":[]}]},"Attachments":[],"Outcome":1,"ErrorMessage":null,"ErrorStackTrace":null,"DisplayName":"TestMethod1","Messages":[],"ComputerName":null,"Duration":"00:00:00.0002143","StartTime":"2023-12-16T15:00:51.8378408+01:00","EndTime":"2023-12-16T15:00:51.8385445+01:00","Properties":[{"Key":{"Id":"ExecutionId","Label":"ExecutionId","Category":"","Description":"","Attributes":1,"ValueType":"System.Guid"},"Value":"00000000-0000-0000-0000-000000000000"},{"Key":{"Id":"ParentExecId","Label":"ParentExecId","Category":"","Description":"","Attributes":1,"ValueType":"System.Guid"},"Value":"00000000-0000-0000-0000-000000000000"},{"Key":{"Id":"InnerResultsCount","Label":"InnerResultsCount","Category":"","Description":"","Attributes":1,"ValueType":"System.Int32"},"Value":0}]}],"TestRunStatistics":{"ExecutedTests":6,"Stats":{"Passed":4,"Failed":2}},"ActiveTests":[]},"RunAttachments":[],"ExecutorUris":["executor://mstestadapter/v2"]}}
TpTrace Verbose: 0 : 14756, 4, 2023/12/16, 15:00:51.876, 851796342109, testhost.dll, BaseRunTests.RunTests: Run is complete.
TpTrace Verbose: 0 : 14756, 9, 2023/12/16, 15:00:51.877, 851796350026, testhost.dll, TcpClientExtensions.MessageLoopAsync: NotifyDataAvailable remoteEndPoint: [::ffff:127.0.0.1]:55204 localEndPoint: [::ffff:127.0.0.1]:55205
TpTrace Information: 0 : 14756, 9, 2023/12/16, 15:00:51.877, 851796351581, testhost.dll, TestRequestHandler.OnMessageReceived: received message: (TestSession.Terminate) -> null
TpTrace Information: 0 : 14756, 9, 2023/12/16, 15:00:51.877, 851796352179, testhost.dll, Session End message received from server. Closing the connection.
TpTrace Information: 0 : 14756, 9, 2023/12/16, 15:00:51.877, 851796355652, testhost.dll, SocketClient.Stop: Stop communication from server endpoint: 127.0.0.1:055204
TpTrace Information: 0 : 14756, 9, 2023/12/16, 15:00:51.877, 851796356280, testhost.dll, SocketClient: Stop: Cancellation requested. Stopping message loop.
TpTrace Verbose: 0 : 14756, 9, 2023/12/16, 15:00:51.878, 851796357466, testhost.dll, LengthPrefixCommunicationChannel.Dispose: Dispose reader and writer.
TpTrace Information: 0 : 14756, 9, 2023/12/16, 15:00:51.878, 851796358042, testhost.dll, Closing the connection !
TpTrace Information: 0 : 14756, 9, 2023/12/16, 15:00:51.878, 851796360214, testhost.dll, SocketClient.PrivateStop: Stop communication from server endpoint: 127.0.0.1:055204, error:
TpTrace Information: 0 : 14756, 1, 2023/12/16, 15:00:51.878, 851796364663, testhost.dll, Closing the connection !
TpTrace Verbose: 0 : 14756, 9, 2023/12/16, 15:00:51.878, 851796364663, testhost.dll, LengthPrefixCommunicationChannel.Dispose: Dispose reader and writer.
TpTrace Information: 0 : 14756, 1, 2023/12/16, 15:00:51.878, 851796366044, testhost.dll, SocketClient.Stop: Stop communication from server endpoint: 127.0.0.1:055204
TpTrace Verbose: 0 : 14756, 9, 2023/12/16, 15:00:51.878, 851796366065, testhost.dll, TcpClientExtensions.MessageLoopAsync: exiting MessageLoopAsync remoteEndPoint: [::ffff:127.0.0.1]:55204 localEndPoint: [::ffff:127.0.0.1]:55205
TpTrace Verbose: 0 : 14756, 1, 2023/12/16, 15:00:51.879, 851796366572, testhost.dll, LengthPrefixCommunicationChannel.Dispose: Dispose reader and writer.
TpTrace Information: 0 : 14756, 1, 2023/12/16, 15:00:51.879, 851796368091, testhost.dll, Testhost process exiting.
