TpTrace Verbose: 0 : 23500, 1, 2023/12/17, 19:29:01.243, 1876708709843, testhost.dll, Version: 17.1.0
TpTrace Information: 0 : 23500, 1, 2023/12/17, 19:29:01.250, 1876708752156, testhost.dll, DefaultEngineInvoker.Invoke: Testhost process started with args :[--port, 58520],[--endpoint, 127.0.0.1:058520],[--role, client],[--parentprocessid, 6708],[--diag, C:\Users\Asmir\source\repos\VVS-projekat\TestProject1\bin\Debug\net6.0\fine-code-coverage\coverage-tool-output\diagnostics.host.23-12-17_19-29-01_13018_5.log],[--tracelevel, 4],[--datacollectionport, 58519],[--telemetryoptedin, false]
TpTrace Information: 0 : 23500, 1, 2023/12/17, 19:29:01.257, 1876708821255, testhost.dll, Setting up debug trace listener.
TpTrace Verbose: 0 : 23500, 1, 2023/12/17, 19:29:01.257, 1876708823588, testhost.dll, TestPlatformTraceListener.Setup: Replacing listener 0 with TestHostTraceListener.
TpTrace Verbose: 0 : 23500, 1, 2023/12/17, 19:29:01.257, 1876708823869, testhost.dll, TestPlatformTraceListener.Setup: Added test platform trace listener.
TpTrace Information: 0 : 23500, 1, 2023/12/17, 19:29:01.258, 1876708832879, testhost.dll, DefaultEngineInvoker.SetParentProcessExitCallback: Monitoring parent process with id: '6708'
TpTrace Information: 0 : 23500, 1, 2023/12/17, 19:29:01.264, 1876708891868, testhost.dll, DefaultEngineInvoker.GetConnectionInfo: Initialize communication on endpoint address: '127.0.0.1:058520'
TpTrace Information: 0 : 23500, 1, 2023/12/17, 19:29:01.273, 1876708979414, testhost.dll, SocketClient.Start: connecting to server endpoint: 127.0.0.1:058520
TpTrace Information: 0 : 23500, 1, 2023/12/17, 19:29:01.279, 1876709040557, testhost.dll, DefaultEngineInvoker.ConnectToDatacollector: Connecting to datacollector, port: 58519
TpTrace Information: 0 : 23500, 10, 2023/12/17, 19:29:01.280, 1876709055441, testhost.dll, SocketClient.OnServerConnected: connected to server endpoint: 127.0.0.1:058520
TpTrace Verbose: 0 : 23500, 10, 2023/12/17, 19:29:01.282, 1876709074734, testhost.dll, Connected to server, and starting MessageLoopAsync
TpTrace Information: 0 : 23500, 1, 2023/12/17, 19:29:01.282, 1876709076251, testhost.dll, Trying to connect to server on socket : 127.0.0.1:58519 
TpTrace Verbose: 0 : 23500, 1, 2023/12/17, 19:29:01.283, 1876709079145, testhost.dll, SocketCommunicationManager : SetupClientAsync : Attempting to connect to the server.
TpTrace Information: 0 : 23500, 10, 2023/12/17, 19:29:01.284, 1876709090480, testhost.dll, Connected to the server successfully 
TpTrace Information: 0 : 23500, 10, 2023/12/17, 19:29:01.284, 1876709091688, testhost.dll, Using the buffer size of 16384 bytes
TpTrace Information: 0 : 23500, 1, 2023/12/17, 19:29:01.284, 1876709094940, testhost.dll, DefaultEngineInvoker.Invoke: Start Request Processing.
TpTrace Verbose: 0 : 23500, 9, 2023/12/17, 19:29:01.285, 1876709105479, testhost.dll, TcpClientExtensions.MessageLoopAsync: Polling on remoteEndPoint: [::ffff:127.0.0.1]:58520 localEndPoint: [::ffff:127.0.0.1]:58521
TpTrace Information: 0 : 23500, 12, 2023/12/17, 19:29:01.285, 1876709106004, testhost.dll, DefaultEngineInvoker.StartProcessingAsync: Connected to vstest.console, Starting process requests.
TpTrace Verbose: 0 : 23500, 9, 2023/12/17, 19:29:01.286, 1876709109034, testhost.dll, TcpClientExtensions.MessageLoopAsync: NotifyDataAvailable remoteEndPoint: [::ffff:127.0.0.1]:58520 localEndPoint: [::ffff:127.0.0.1]:58521
TpTrace Information: 0 : 23500, 9, 2023/12/17, 19:29:01.383, 1876710083669, testhost.dll, TestRequestHandler.OnMessageReceived: received message: (ProtocolVersion) -> 7
TpTrace Verbose: 0 : 23500, 9, 2023/12/17, 19:29:01.407, 1876710325240, testhost.dll, TestRequestHandler.SendData:  sending data from testhost: {"Version":5,"MessageType":"TestSession.Message","Payload":{"MessageLevel":0,"Message":"Logging TestHost Diagnostics in file: C:\\Users\\Asmir\\source\\repos\\VVS-projekat\\TestProject1\\bin\\Debug\\net6.0\\fine-code-coverage\\coverage-tool-output\\diagnostics.host.23-12-17_19-29-01_13018_5.log"}}
TpTrace Verbose: 0 : 23500, 9, 2023/12/17, 19:29:01.407, 1876710327235, testhost.dll, TcpClientExtensions.MessageLoopAsync: Polling on remoteEndPoint: [::ffff:127.0.0.1]:58520 localEndPoint: [::ffff:127.0.0.1]:58521
TpTrace Verbose: 0 : 23500, 9, 2023/12/17, 19:29:01.408, 1876710328687, testhost.dll, TcpClientExtensions.MessageLoopAsync: NotifyDataAvailable remoteEndPoint: [::ffff:127.0.0.1]:58520 localEndPoint: [::ffff:127.0.0.1]:58521
TpTrace Information: 0 : 23500, 9, 2023/12/17, 19:29:01.412, 1876710370068, testhost.dll, TestRequestHandler.OnMessageReceived: received message: (TestExecution.Initialize) -> [
  "C:\\Users\\Asmir\\source\\repos\\VVS-projekat\\TestProject1\\bin\\Debug\\net6.0\\fine-code-coverage\\build-output\\Microsoft.VisualStudio.TestPlatform.MSTest.TestAdapter.dll"
]
TpTrace Verbose: 0 : 23500, 9, 2023/12/17, 19:29:01.417, 1876710422169, testhost.dll, TcpClientExtensions.MessageLoopAsync: Polling on remoteEndPoint: [::ffff:127.0.0.1]:58520 localEndPoint: [::ffff:127.0.0.1]:58521
TpTrace Verbose: 0 : 23500, 9, 2023/12/17, 19:29:01.417, 1876710423295, testhost.dll, TcpClientExtensions.MessageLoopAsync: NotifyDataAvailable remoteEndPoint: [::ffff:127.0.0.1]:58520 localEndPoint: [::ffff:127.0.0.1]:58521
TpTrace Information: 0 : 23500, 4, 2023/12/17, 19:29:01.417, 1876710426790, testhost.dll, TestRequestHandler.OnMessageReceived: Running job 'TestExecution.Initialize'.
TpTrace Verbose: 0 : 23500, 4, 2023/12/17, 19:29:01.419, 1876710442809, testhost.dll, TestExecutorService: Loading the extensions
TpTrace Information: 0 : 23500, 9, 2023/12/17, 19:29:01.419, 1876710447022, testhost.dll, TestRequestHandler.OnMessageReceived: received message: (TestExecution.StartWithSources) -> {
  "AdapterSourceMap": {
    "_none_": [
      "C:\\Users\\Asmir\\source\\repos\\VVS-projekat\\TestProject1\\bin\\Debug\\net6.0\\fine-code-coverage\\build-output\\TestProject1.dll"
    ]
  },
  "RunSettings": "<RunSettings>\r\n  <RunConfiguration>\r\n    <ResultsDirectory>C:\\Users\\Asmir\\source\\repos\\VVS-projekat\\TestProject1\\bin\\Debug\\net6.0\\fine-code-coverage\\coverage-tool-output</ResultsDirectory>\r\n    <TargetFrameworkVersion>.NETCoreApp,Version=v6.0</TargetFrameworkVersion>\r\n    <DesignMode>False</DesignMode>\r\n    <CollectSourceInformation>False</CollectSourceInformation>\r\n  </RunConfiguration>\r\n  <LoggerRunSettings>\r\n    <Loggers>\r\n      <Logger friendlyName=\"blame\" enabled=\"True\" />\r\n      <Logger friendlyName=\"Console\" uri=\"logger://microsoft/TestPlatform/ConsoleLogger/v1\" assemblyQualifiedName=\"Microsoft.VisualStudio.TestPlatform.CommandLine.Internal.ConsoleLogger, vstest.console, Version=15.0.0.0, Culture=neutral, PublicKeyToken=b03f5f7f11d50a3a\" codeBase=\"C:\\Program Files\\dotnet\\sdk\\7.0.403\\vstest.console.dll\" enabled=\"True\" />\r\n    </Loggers>\r\n  </LoggerRunSettings>\r\n  <DataCollectionRunSettings>\r\n    <DataCollectors>\r\n      <DataCollector friendlyName=\"blame\" enabled=\"True\">\r\n        <Configuration>\r\n          <ResultsDirectory>C:\\Users\\Asmir\\source\\repos\\VVS-projekat\\TestProject1\\bin\\Debug\\net6.0\\fine-code-coverage\\coverage-tool-output</ResultsDirectory>\r\n        </Configuration>\r\n      </DataCollector>\r\n    </DataCollectors>\r\n  </DataCollectionRunSettings>\r\n</RunSettings>",
  "TestExecutionContext": {
    "FrequencyOfRunStatsChangeEvent": 10,
    "RunStatsChangeEventTimeout": "00:00:01.5000000",
    "InIsolation": false,
    "KeepAlive": false,
    "AreTestCaseLevelEventsRequired": false,
    "IsDebug": false,
    "TestCaseFilter": null,
    "FilterOptions": null
  },
  "Package": null
}
TpTrace Verbose: 0 : 23500, 4, 2023/12/17, 19:29:01.421, 1876710458767, testhost.dll, TestPluginCache.DiscoverTestExtensions: finding test extensions in assemblies ends with: TestAdapter.dll TPluginInfo: Microsoft.VisualStudio.TestPlatform.Common.ExtensionFramework.Utilities.TestExecutorPluginInformation TExtension: Microsoft.VisualStudio.TestPlatform.ObjectModel.Adapter.ITestExecutor
TpTrace Verbose: 0 : 23500, 4, 2023/12/17, 19:29:01.421, 1876710466696, testhost.dll, TestPluginCache.GetExtensionPaths: Filtered extension paths: 
TpTrace Verbose: 0 : 23500, 4, 2023/12/17, 19:29:01.422, 1876710470383, testhost.dll, TestPluginCache.GetExtensionPaths: Added default extension paths: C:\Users\Asmir\source\repos\VVS-projekat\TestProject1\bin\Debug\net6.0\fine-code-coverage\build-output\Microsoft.VisualStudio.TestPlatform.MSTest.TestAdapter.dll
TpTrace Verbose: 0 : 23500, 4, 2023/12/17, 19:29:01.422, 1876710470750, testhost.dll, TestPluginCache.GetExtensionPaths: Added unfilterableExtensionPaths: 
TpTrace Information: 0 : 23500, 4, 2023/12/17, 19:29:01.423, 1876710482076, testhost.dll, AssemblyResolver.ctor: Creating AssemblyResolver with searchDirectories C:\Users\Asmir\source\repos\VVS-projekat\TestProject1\bin\Debug\net6.0\fine-code-coverage\build-output
TpTrace Verbose: 0 : 23500, 4, 2023/12/17, 19:29:01.424, 1876710497015, testhost.dll, TestPluginCache.DiscoverTestExtensions: Discovering the extensions using extension path.
TpTrace Verbose: 0 : 23500, 4, 2023/12/17, 19:29:01.425, 1876710498809, testhost.dll, TestPluginCache.GetExtensionPaths: Filtered extension paths: 
TpTrace Verbose: 0 : 23500, 4, 2023/12/17, 19:29:01.425, 1876710499044, testhost.dll, TestPluginCache.GetExtensionPaths: Added default extension paths: C:\Users\Asmir\source\repos\VVS-projekat\TestProject1\bin\Debug\net6.0\fine-code-coverage\build-output\Microsoft.VisualStudio.TestPlatform.MSTest.TestAdapter.dll
TpTrace Verbose: 0 : 23500, 4, 2023/12/17, 19:29:01.425, 1876710499228, testhost.dll, TestPluginCache.GetExtensionPaths: Added unfilterableExtensionPaths: 
TpTrace Verbose: 0 : 23500, 4, 2023/12/17, 19:29:01.425, 1876710500428, testhost.dll, TestPluginCache.DiscoverTestExtensions: Discovering the extensions using allExtensionPaths: C:\Users\Asmir\source\repos\VVS-projekat\TestProject1\bin\Debug\net6.0\fine-code-coverage\build-output\Microsoft.VisualStudio.TestPlatform.MSTest.TestAdapter.dll
TpTrace Information: 0 : 23500, 4, 2023/12/17, 19:29:01.426, 1876710509506, testhost.dll, AssemblyResolver.AddSearchDirectories: Adding more searchDirectories C:\Users\Asmir\source\repos\VVS-projekat\TestProject1\bin\Debug\net6.0\fine-code-coverage\build-output
TpTrace Information: 0 : 23500, 4, 2023/12/17, 19:29:01.430, 1876710550154, testhost.dll, AssemblyResolver.OnResolve: Microsoft.VisualStudio.TestPlatform.MSTest.TestAdapter: Resolving assembly.
TpTrace Information: 0 : 23500, 4, 2023/12/17, 19:29:01.430, 1876710551241, testhost.dll, AssemblyResolver.OnResolve: Microsoft.VisualStudio.TestPlatform.MSTest.TestAdapter: Searching in: 'C:\Users\Asmir\source\repos\VVS-projekat\TestProject1\bin\Debug\net6.0\fine-code-coverage\build-output'.
TpTrace Information: 0 : 23500, 4, 2023/12/17, 19:29:01.431, 1876710560548, testhost.dll, AssemblyResolver.OnResolve: Microsoft.VisualStudio.TestPlatform.MSTest.TestAdapter: Loading assembly 'C:\Users\Asmir\source\repos\VVS-projekat\TestProject1\bin\Debug\net6.0\fine-code-coverage\build-output\Microsoft.VisualStudio.TestPlatform.MSTest.TestAdapter.dll'.
TpTrace Information: 0 : 23500, 4, 2023/12/17, 19:29:01.431, 1876710566187, testhost.dll, AssemblyResolver.OnResolve: Resolved assembly: Microsoft.VisualStudio.TestPlatform.MSTest.TestAdapter, from path: C:\Users\Asmir\source\repos\VVS-projekat\TestProject1\bin\Debug\net6.0\fine-code-coverage\build-output\Microsoft.VisualStudio.TestPlatform.MSTest.TestAdapter.dll
TpTrace Verbose: 0 : 23500, 9, 2023/12/17, 19:29:01.438, 1876710631949, testhost.dll, TcpClientExtensions.MessageLoopAsync: Polling on remoteEndPoint: [::ffff:127.0.0.1]:58520 localEndPoint: [::ffff:127.0.0.1]:58521
TpTrace Verbose: 0 : 23500, 4, 2023/12/17, 19:29:01.443, 1876710686226, testhost.dll, TestPluginCache: Discovered the extensions using extension path ''.
TpTrace Verbose: 0 : 23500, 4, 2023/12/17, 19:29:01.444, 1876710689420, testhost.dll, TestPluginCache: Discoverers are ''.
TpTrace Verbose: 0 : 23500, 4, 2023/12/17, 19:29:01.444, 1876710689884, testhost.dll, TestPluginCache: Executors are 'executor://MSTestAdapter/v2'.
TpTrace Verbose: 0 : 23500, 4, 2023/12/17, 19:29:01.444, 1876710690216, testhost.dll, TestPluginCache: Executors2 are ''.
TpTrace Verbose: 0 : 23500, 4, 2023/12/17, 19:29:01.444, 1876710690575, testhost.dll, TestPluginCache: Setting providers are ''.
TpTrace Verbose: 0 : 23500, 4, 2023/12/17, 19:29:01.444, 1876710690891, testhost.dll, TestPluginCache: Loggers are ''.
TpTrace Verbose: 0 : 23500, 4, 2023/12/17, 19:29:01.446, 1876710710130, testhost.dll, TestPluginCache.DiscoverTestExtensions: finding test extensions in assemblies ends with: TestAdapter.dll TPluginInfo: Microsoft.VisualStudio.TestPlatform.Common.ExtensionFramework.Utilities.TestExecutorPluginInformation2 TExtension: Microsoft.VisualStudio.TestPlatform.ObjectModel.Adapter.ITestExecutor2
TpTrace Verbose: 0 : 23500, 4, 2023/12/17, 19:29:01.446, 1876710712457, testhost.dll, TestPluginCache.GetExtensionPaths: Filtered extension paths: 
TpTrace Verbose: 0 : 23500, 4, 2023/12/17, 19:29:01.446, 1876710712762, testhost.dll, TestPluginCache.GetExtensionPaths: Added default extension paths: C:\Users\Asmir\source\repos\VVS-projekat\TestProject1\bin\Debug\net6.0\fine-code-coverage\build-output\Microsoft.VisualStudio.TestPlatform.MSTest.TestAdapter.dll
TpTrace Verbose: 0 : 23500, 4, 2023/12/17, 19:29:01.446, 1876710712932, testhost.dll, TestPluginCache.GetExtensionPaths: Added unfilterableExtensionPaths: 
TpTrace Information: 0 : 23500, 4, 2023/12/17, 19:29:01.446, 1876710714496, testhost.dll, AssemblyResolver.AddSearchDirectories: Adding more searchDirectories C:\Users\Asmir\source\repos\VVS-projekat\TestProject1\bin\Debug\net6.0\fine-code-coverage\build-output
TpTrace Verbose: 0 : 23500, 4, 2023/12/17, 19:29:01.446, 1876710714825, testhost.dll, TestPluginCache.DiscoverTestExtensions: Discovering the extensions using extension path.
TpTrace Verbose: 0 : 23500, 4, 2023/12/17, 19:29:01.446, 1876710715007, testhost.dll, TestPluginCache.GetExtensionPaths: Filtered extension paths: 
TpTrace Verbose: 0 : 23500, 4, 2023/12/17, 19:29:01.446, 1876710715161, testhost.dll, TestPluginCache.GetExtensionPaths: Added default extension paths: C:\Users\Asmir\source\repos\VVS-projekat\TestProject1\bin\Debug\net6.0\fine-code-coverage\build-output\Microsoft.VisualStudio.TestPlatform.MSTest.TestAdapter.dll
TpTrace Verbose: 0 : 23500, 4, 2023/12/17, 19:29:01.446, 1876710715377, testhost.dll, TestPluginCache.GetExtensionPaths: Added unfilterableExtensionPaths: 
TpTrace Verbose: 0 : 23500, 4, 2023/12/17, 19:29:01.446, 1876710715548, testhost.dll, TestPluginCache.DiscoverTestExtensions: Discovering the extensions using allExtensionPaths: C:\Users\Asmir\source\repos\VVS-projekat\TestProject1\bin\Debug\net6.0\fine-code-coverage\build-output\Microsoft.VisualStudio.TestPlatform.MSTest.TestAdapter.dll
TpTrace Information: 0 : 23500, 4, 2023/12/17, 19:29:01.446, 1876710715811, testhost.dll, AssemblyResolver.AddSearchDirectories: Adding more searchDirectories C:\Users\Asmir\source\repos\VVS-projekat\TestProject1\bin\Debug\net6.0\fine-code-coverage\build-output
TpTrace Verbose: 0 : 23500, 4, 2023/12/17, 19:29:01.446, 1876710717694, testhost.dll, TestPluginCache: Discovered the extensions using extension path ''.
TpTrace Verbose: 0 : 23500, 4, 2023/12/17, 19:29:01.447, 1876710717962, testhost.dll, TestPluginCache: Discoverers are ''.
TpTrace Verbose: 0 : 23500, 4, 2023/12/17, 19:29:01.447, 1876710718219, testhost.dll, TestPluginCache: Executors are 'executor://MSTestAdapter/v2'.
TpTrace Verbose: 0 : 23500, 4, 2023/12/17, 19:29:01.447, 1876710718676, testhost.dll, TestPluginCache: Executors2 are ''.
TpTrace Verbose: 0 : 23500, 4, 2023/12/17, 19:29:01.447, 1876710718849, testhost.dll, TestPluginCache: Setting providers are ''.
TpTrace Verbose: 0 : 23500, 4, 2023/12/17, 19:29:01.447, 1876710718992, testhost.dll, TestPluginCache: Loggers are ''.
TpTrace Information: 0 : 23500, 4, 2023/12/17, 19:29:01.450, 1876710752604, testhost.dll, TestPluginManager.CreateTestExtension: Attempting to load test extension: Microsoft.VisualStudio.TestPlatform.MSTest.TestAdapter.MSTestExecutor
TpTrace Verbose: 0 : 23500, 4, 2023/12/17, 19:29:01.455, 1876710806749, testhost.dll, TestExecutorExtensionManager: Loading executor Microsoft.VisualStudio.TestPlatform.MSTest.TestAdapter.MSTestExecutor
TpTrace Verbose: 0 : 23500, 4, 2023/12/17, 19:29:01.456, 1876710808266, testhost.dll, TestExecutorService: Loaded the executors
TpTrace Verbose: 0 : 23500, 4, 2023/12/17, 19:29:01.456, 1876710816381, testhost.dll, TestPluginCache.DiscoverTestExtensions: finding test extensions in assemblies ends with: TestAdapter.dll TPluginInfo: Microsoft.VisualStudio.TestPlatform.Common.ExtensionFramework.Utilities.TestSettingsProviderPluginInformation TExtension: Microsoft.VisualStudio.TestPlatform.ObjectModel.Adapter.ISettingsProvider
TpTrace Verbose: 0 : 23500, 4, 2023/12/17, 19:29:01.456, 1876710817432, testhost.dll, TestPluginCache.GetExtensionPaths: Filtered extension paths: 
TpTrace Verbose: 0 : 23500, 4, 2023/12/17, 19:29:01.456, 1876710817663, testhost.dll, TestPluginCache.GetExtensionPaths: Added default extension paths: C:\Users\Asmir\source\repos\VVS-projekat\TestProject1\bin\Debug\net6.0\fine-code-coverage\build-output\Microsoft.VisualStudio.TestPlatform.MSTest.TestAdapter.dll
TpTrace Verbose: 0 : 23500, 4, 2023/12/17, 19:29:01.457, 1876710817824, testhost.dll, TestPluginCache.GetExtensionPaths: Added unfilterableExtensionPaths: 
TpTrace Information: 0 : 23500, 4, 2023/12/17, 19:29:01.457, 1876710818993, testhost.dll, AssemblyResolver.AddSearchDirectories: Adding more searchDirectories C:\Users\Asmir\source\repos\VVS-projekat\TestProject1\bin\Debug\net6.0\fine-code-coverage\build-output
TpTrace Verbose: 0 : 23500, 4, 2023/12/17, 19:29:01.457, 1876710819251, testhost.dll, TestPluginCache.DiscoverTestExtensions: Discovering the extensions using extension path.
TpTrace Verbose: 0 : 23500, 4, 2023/12/17, 19:29:01.457, 1876710819418, testhost.dll, TestPluginCache.GetExtensionPaths: Filtered extension paths: 
TpTrace Verbose: 0 : 23500, 4, 2023/12/17, 19:29:01.457, 1876710819566, testhost.dll, TestPluginCache.GetExtensionPaths: Added default extension paths: C:\Users\Asmir\source\repos\VVS-projekat\TestProject1\bin\Debug\net6.0\fine-code-coverage\build-output\Microsoft.VisualStudio.TestPlatform.MSTest.TestAdapter.dll
TpTrace Verbose: 0 : 23500, 4, 2023/12/17, 19:29:01.457, 1876710819721, testhost.dll, TestPluginCache.GetExtensionPaths: Added unfilterableExtensionPaths: 
TpTrace Verbose: 0 : 23500, 4, 2023/12/17, 19:29:01.457, 1876710819934, testhost.dll, TestPluginCache.DiscoverTestExtensions: Discovering the extensions using allExtensionPaths: C:\Users\Asmir\source\repos\VVS-projekat\TestProject1\bin\Debug\net6.0\fine-code-coverage\build-output\Microsoft.VisualStudio.TestPlatform.MSTest.TestAdapter.dll
TpTrace Information: 0 : 23500, 4, 2023/12/17, 19:29:01.457, 1876710820200, testhost.dll, AssemblyResolver.AddSearchDirectories: Adding more searchDirectories C:\Users\Asmir\source\repos\VVS-projekat\TestProject1\bin\Debug\net6.0\fine-code-coverage\build-output
TpTrace Verbose: 0 : 23500, 4, 2023/12/17, 19:29:01.457, 1876710821610, testhost.dll, TestPluginCache: Discovered the extensions using extension path ''.
TpTrace Verbose: 0 : 23500, 4, 2023/12/17, 19:29:01.457, 1876710821980, testhost.dll, TestPluginCache: Discoverers are ''.
TpTrace Verbose: 0 : 23500, 4, 2023/12/17, 19:29:01.457, 1876710822162, testhost.dll, TestPluginCache: Executors are 'executor://MSTestAdapter/v2'.
TpTrace Verbose: 0 : 23500, 4, 2023/12/17, 19:29:01.457, 1876710822323, testhost.dll, TestPluginCache: Executors2 are ''.
TpTrace Verbose: 0 : 23500, 4, 2023/12/17, 19:29:01.457, 1876710822555, testhost.dll, TestPluginCache: Setting providers are ''.
TpTrace Verbose: 0 : 23500, 4, 2023/12/17, 19:29:01.457, 1876710822705, testhost.dll, TestPluginCache: Loggers are ''.
TpTrace Verbose: 0 : 23500, 4, 2023/12/17, 19:29:01.458, 1876710828618, testhost.dll, TestExecutorService: Loaded the settings providers
TpTrace Information: 0 : 23500, 4, 2023/12/17, 19:29:01.458, 1876710828952, testhost.dll, TestExecutorService: Loaded the extensions
TpTrace Information: 0 : 23500, 4, 2023/12/17, 19:29:01.458, 1876710832548, testhost.dll, TestRequestHandler.OnMessageReceived: Running job 'TestExecution.StartWithSources'.
TpTrace Information: 0 : 23500, 4, 2023/12/17, 19:29:01.521, 1876711458549, testhost.dll, TestDiscoveryManager: Discovering tests from sources C:\Users\Asmir\source\repos\VVS-projekat\TestProject1\bin\Debug\net6.0\fine-code-coverage\build-output\TestProject1.dll
TpTrace Verbose: 0 : 23500, 4, 2023/12/17, 19:29:01.523, 1876711479715, testhost.dll, TestPluginCache.DiscoverTestExtensions: finding test extensions in assemblies ends with: TestAdapter.dll TPluginInfo: Microsoft.VisualStudio.TestPlatform.Common.ExtensionFramework.Utilities.TestDiscovererPluginInformation TExtension: Microsoft.VisualStudio.TestPlatform.ObjectModel.Adapter.ITestDiscoverer
TpTrace Verbose: 0 : 23500, 4, 2023/12/17, 19:29:01.523, 1876711480881, testhost.dll, TestPluginCache.GetExtensionPaths: Filtered extension paths: 
TpTrace Verbose: 0 : 23500, 4, 2023/12/17, 19:29:01.523, 1876711481108, testhost.dll, TestPluginCache.GetExtensionPaths: Added default extension paths: C:\Users\Asmir\source\repos\VVS-projekat\TestProject1\bin\Debug\net6.0\fine-code-coverage\build-output\Microsoft.VisualStudio.TestPlatform.MSTest.TestAdapter.dll
TpTrace Verbose: 0 : 23500, 4, 2023/12/17, 19:29:01.523, 1876711481271, testhost.dll, TestPluginCache.GetExtensionPaths: Added unfilterableExtensionPaths: 
TpTrace Information: 0 : 23500, 4, 2023/12/17, 19:29:01.523, 1876711482398, testhost.dll, AssemblyResolver.AddSearchDirectories: Adding more searchDirectories C:\Users\Asmir\source\repos\VVS-projekat\TestProject1\bin\Debug\net6.0\fine-code-coverage\build-output
TpTrace Verbose: 0 : 23500, 4, 2023/12/17, 19:29:01.523, 1876711482697, testhost.dll, TestPluginCache.DiscoverTestExtensions: Discovering the extensions using extension path.
TpTrace Verbose: 0 : 23500, 4, 2023/12/17, 19:29:01.523, 1876711482928, testhost.dll, TestPluginCache.GetExtensionPaths: Filtered extension paths: 
TpTrace Verbose: 0 : 23500, 4, 2023/12/17, 19:29:01.523, 1876711483123, testhost.dll, TestPluginCache.GetExtensionPaths: Added default extension paths: C:\Users\Asmir\source\repos\VVS-projekat\TestProject1\bin\Debug\net6.0\fine-code-coverage\build-output\Microsoft.VisualStudio.TestPlatform.MSTest.TestAdapter.dll
TpTrace Verbose: 0 : 23500, 4, 2023/12/17, 19:29:01.523, 1876711483340, testhost.dll, TestPluginCache.GetExtensionPaths: Added unfilterableExtensionPaths: 
TpTrace Verbose: 0 : 23500, 4, 2023/12/17, 19:29:01.523, 1876711483671, testhost.dll, TestPluginCache.DiscoverTestExtensions: Discovering the extensions using allExtensionPaths: C:\Users\Asmir\source\repos\VVS-projekat\TestProject1\bin\Debug\net6.0\fine-code-coverage\build-output\Microsoft.VisualStudio.TestPlatform.MSTest.TestAdapter.dll
TpTrace Information: 0 : 23500, 4, 2023/12/17, 19:29:01.523, 1876711483967, testhost.dll, AssemblyResolver.AddSearchDirectories: Adding more searchDirectories C:\Users\Asmir\source\repos\VVS-projekat\TestProject1\bin\Debug\net6.0\fine-code-coverage\build-output
TpTrace Verbose: 0 : 23500, 4, 2023/12/17, 19:29:01.524, 1876711496871, testhost.dll, TestPluginCache: Discovered the extensions using extension path ''.
TpTrace Verbose: 0 : 23500, 4, 2023/12/17, 19:29:01.524, 1876711497606, testhost.dll, TestPluginCache: Discoverers are 'Microsoft.VisualStudio.TestPlatform.MSTest.TestAdapter.MSTestDiscoverer, Microsoft.VisualStudio.TestPlatform.MSTest.TestAdapter, Version=14.0.0.0, Culture=neutral, PublicKeyToken=b03f5f7f11d50a3a'.
TpTrace Verbose: 0 : 23500, 4, 2023/12/17, 19:29:01.525, 1876711497813, testhost.dll, TestPluginCache: Executors are 'executor://MSTestAdapter/v2'.
TpTrace Verbose: 0 : 23500, 4, 2023/12/17, 19:29:01.525, 1876711497970, testhost.dll, TestPluginCache: Executors2 are ''.
TpTrace Verbose: 0 : 23500, 4, 2023/12/17, 19:29:01.525, 1876711498119, testhost.dll, TestPluginCache: Setting providers are ''.
TpTrace Verbose: 0 : 23500, 4, 2023/12/17, 19:29:01.525, 1876711498261, testhost.dll, TestPluginCache: Loggers are ''.
TpTrace Verbose: 0 : 23500, 4, 2023/12/17, 19:29:01.528, 1876711536791, testhost.dll, BaseRunTests.RunTestInternalWithExecutors: Running tests for executor://MSTestAdapter/v2
TpTrace Information: 0 : 23500, 4, 2023/12/17, 19:29:01.529, 1876711540351, testhost.dll, AssemblyResolver.OnResolve: Microsoft.VisualStudio.TestPlatform.MSTestAdapter.PlatformServices.Interface: Resolving assembly.
TpTrace Information: 0 : 23500, 4, 2023/12/17, 19:29:01.529, 1876711540847, testhost.dll, AssemblyResolver.OnResolve: Microsoft.VisualStudio.TestPlatform.MSTestAdapter.PlatformServices.Interface: Searching in: 'C:\Users\Asmir\source\repos\VVS-projekat\TestProject1\bin\Debug\net6.0\fine-code-coverage\build-output'.
TpTrace Information: 0 : 23500, 4, 2023/12/17, 19:29:01.529, 1876711543483, testhost.dll, AssemblyResolver.OnResolve: Microsoft.VisualStudio.TestPlatform.MSTestAdapter.PlatformServices.Interface: Loading assembly 'C:\Users\Asmir\source\repos\VVS-projekat\TestProject1\bin\Debug\net6.0\fine-code-coverage\build-output\Microsoft.VisualStudio.TestPlatform.MSTestAdapter.PlatformServices.Interface.dll'.
TpTrace Information: 0 : 23500, 4, 2023/12/17, 19:29:01.529, 1876711545955, testhost.dll, AssemblyResolver.OnResolve: Resolved assembly: Microsoft.VisualStudio.TestPlatform.MSTestAdapter.PlatformServices.Interface, from path: C:\Users\Asmir\source\repos\VVS-projekat\TestProject1\bin\Debug\net6.0\fine-code-coverage\build-output\Microsoft.VisualStudio.TestPlatform.MSTestAdapter.PlatformServices.Interface.dll
TpTrace Information: 0 : 23500, 4, 2023/12/17, 19:29:01.530, 1876711553840, testhost.dll, AssemblyResolver.OnResolve: Microsoft.VisualStudio.TestPlatform.MSTestAdapter.PlatformServices: Resolving assembly.
TpTrace Information: 0 : 23500, 4, 2023/12/17, 19:29:01.530, 1876711554546, testhost.dll, AssemblyResolver.OnResolve: Microsoft.VisualStudio.TestPlatform.MSTestAdapter.PlatformServices: Searching in: 'C:\Users\Asmir\source\repos\VVS-projekat\TestProject1\bin\Debug\net6.0\fine-code-coverage\build-output'.
TpTrace Information: 0 : 23500, 4, 2023/12/17, 19:29:01.530, 1876711556914, testhost.dll, AssemblyResolver.OnResolve: Microsoft.VisualStudio.TestPlatform.MSTestAdapter.PlatformServices: Loading assembly 'C:\Users\Asmir\source\repos\VVS-projekat\TestProject1\bin\Debug\net6.0\fine-code-coverage\build-output\Microsoft.VisualStudio.TestPlatform.MSTestAdapter.PlatformServices.dll'.
TpTrace Information: 0 : 23500, 4, 2023/12/17, 19:29:01.531, 1876711559745, testhost.dll, AssemblyResolver.OnResolve: Resolved assembly: Microsoft.VisualStudio.TestPlatform.MSTestAdapter.PlatformServices, from path: C:\Users\Asmir\source\repos\VVS-projekat\TestProject1\bin\Debug\net6.0\fine-code-coverage\build-output\Microsoft.VisualStudio.TestPlatform.MSTestAdapter.PlatformServices.dll
TpTrace Information: 0 : 23500, 4, 2023/12/17, 19:29:01.531, 1876711562907, testhost.dll, MSTest - MSTestExecutor.RunTests: Running tests from sources.
TpTrace Information: 0 : 23500, 4, 2023/12/17, 19:29:01.534, 1876711593876, testhost.dll, MSTest - CollectSourceInformation value Found : False 
TpTrace Information: 0 : 23500, 4, 2023/12/17, 19:29:01.554, 1876711789161, testhost.dll, MSTest - DictionaryHelper.ConcatWithOverwrites: The source is null or empty, returning the overwrite dictionary.
TpTrace Information: 0 : 23500, 4, 2023/12/17, 19:29:01.558, 1876711828845, testhost.dll, MSTest - DictionaryHelper.ConcatWithOverwrites: The source is null or empty, returning the overwrite dictionary.
TpTrace Information: 0 : 23500, 4, 2023/12/17, 19:29:01.558, 1876711830688, testhost.dll, MSTest - DictionaryHelper.ConcatWithOverwrites: The source is null or empty, returning the overwrite dictionary.
TpTrace Information: 0 : 23500, 4, 2023/12/17, 19:29:01.558, 1876711831273, testhost.dll, MSTest - DictionaryHelper.ConcatWithOverwrites: The source is null or empty, returning the overwrite dictionary.
TpTrace Information: 0 : 23500, 4, 2023/12/17, 19:29:01.558, 1876711832455, testhost.dll, MSTest - DictionaryHelper.ConcatWithOverwrites: The source is null or empty, returning the overwrite dictionary.
TpTrace Information: 0 : 23500, 4, 2023/12/17, 19:29:01.562, 1876711871705, testhost.dll, AssemblyResolver.OnResolve: Microsoft.TestPlatform.AdapterUtilities: Resolving assembly.
TpTrace Information: 0 : 23500, 4, 2023/12/17, 19:29:01.562, 1876711872682, testhost.dll, AssemblyResolver.OnResolve: Microsoft.TestPlatform.AdapterUtilities: Searching in: 'C:\Users\Asmir\source\repos\VVS-projekat\TestProject1\bin\Debug\net6.0\fine-code-coverage\build-output'.
TpTrace Information: 0 : 23500, 4, 2023/12/17, 19:29:01.562, 1876711874737, testhost.dll, AssemblyResolver.OnResolve: Microsoft.TestPlatform.AdapterUtilities: Loading assembly 'C:\Users\Asmir\source\repos\VVS-projekat\TestProject1\bin\Debug\net6.0\fine-code-coverage\build-output\Microsoft.TestPlatform.AdapterUtilities.dll'.
TpTrace Information: 0 : 23500, 4, 2023/12/17, 19:29:01.562, 1876711877402, testhost.dll, AssemblyResolver.OnResolve: Resolved assembly: Microsoft.TestPlatform.AdapterUtilities, from path: C:\Users\Asmir\source\repos\VVS-projekat\TestProject1\bin\Debug\net6.0\fine-code-coverage\build-output\Microsoft.TestPlatform.AdapterUtilities.dll
TpTrace Information: 0 : 23500, 4, 2023/12/17, 19:29:01.580, 1876712052826, testhost.dll, MSTest - DictionaryHelper.ConcatWithOverwrites: The source is null or empty, returning the overwrite dictionary.
TpTrace Information: 0 : 23500, 4, 2023/12/17, 19:29:01.580, 1876712053994, testhost.dll, MSTest - DictionaryHelper.ConcatWithOverwrites: The source is null or empty, returning the overwrite dictionary.
TpTrace Information: 0 : 23500, 4, 2023/12/17, 19:29:01.580, 1876712054407, testhost.dll, MSTest - DictionaryHelper.ConcatWithOverwrites: The source is null or empty, returning the overwrite dictionary.
TpTrace Information: 0 : 23500, 4, 2023/12/17, 19:29:01.581, 1876712058573, testhost.dll, MSTest - DictionaryHelper.ConcatWithOverwrites: The source is null or empty, returning the overwrite dictionary.
TpTrace Information: 0 : 23500, 4, 2023/12/17, 19:29:01.581, 1876712059136, testhost.dll, MSTest - DictionaryHelper.ConcatWithOverwrites: The source is null or empty, returning the overwrite dictionary.
TpTrace Information: 0 : 23500, 4, 2023/12/17, 19:29:01.581, 1876712059535, testhost.dll, MSTest - DictionaryHelper.ConcatWithOverwrites: The source is null or empty, returning the overwrite dictionary.
TpTrace Information: 0 : 23500, 4, 2023/12/17, 19:29:01.581, 1876712061735, testhost.dll, MSTest - DictionaryHelper.ConcatWithOverwrites: The source is null or empty, returning the overwrite dictionary.
TpTrace Information: 0 : 23500, 4, 2023/12/17, 19:29:01.581, 1876712062237, testhost.dll, MSTest - DictionaryHelper.ConcatWithOverwrites: The source is null or empty, returning the overwrite dictionary.
TpTrace Information: 0 : 23500, 4, 2023/12/17, 19:29:01.581, 1876712062651, testhost.dll, MSTest - DictionaryHelper.ConcatWithOverwrites: The source is null or empty, returning the overwrite dictionary.
TpTrace Information: 0 : 23500, 4, 2023/12/17, 19:29:01.581, 1876712063929, testhost.dll, MSTest - MSTestDiscoverer: Found 9 tests from source C:\Users\Asmir\source\repos\VVS-projekat\TestProject1\bin\Debug\net6.0\fine-code-coverage\build-output\TestProject1.dll
TpTrace Information: 0 : 23500, 4, 2023/12/17, 19:29:01.592, 1876712171047, testhost.dll, AssemblyResolver.OnResolve: Microsoft.VisualStudio.TestPlatform.MSTestAdapter.PlatformServices.resources: Resolving assembly.
TpTrace Information: 0 : 23500, 4, 2023/12/17, 19:29:01.592, 1876712171831, testhost.dll, AssemblyResolver.OnResolve: Microsoft.VisualStudio.TestPlatform.MSTestAdapter.PlatformServices.resources: Searching in: 'C:\Users\Asmir\source\repos\VVS-projekat\TestProject1\bin\Debug\net6.0\fine-code-coverage\build-output'.
TpTrace Information: 0 : 23500, 4, 2023/12/17, 19:29:01.592, 1876712172339, testhost.dll, AssemblyResolver.OnResolve: Microsoft.VisualStudio.TestPlatform.MSTestAdapter.PlatformServices.resources: Assembly path does not exist: 'C:\Users\Asmir\source\repos\VVS-projekat\TestProject1\bin\Debug\net6.0\fine-code-coverage\build-output\Microsoft.VisualStudio.TestPlatform.MSTestAdapter.PlatformServices.resources.dll', returning.
TpTrace Information: 0 : 23500, 4, 2023/12/17, 19:29:01.592, 1876712173280, testhost.dll, AssemblyResolver.OnResolve: Microsoft.VisualStudio.TestPlatform.MSTestAdapter.PlatformServices.resources: Assembly path does not exist: 'C:\Users\Asmir\source\repos\VVS-projekat\TestProject1\bin\Debug\net6.0\fine-code-coverage\build-output\Microsoft.VisualStudio.TestPlatform.MSTestAdapter.PlatformServices.resources.exe', returning.
TpTrace Information: 0 : 23500, 4, 2023/12/17, 19:29:01.592, 1876712173516, testhost.dll, AssemblyResolver.OnResolve: Microsoft.VisualStudio.TestPlatform.MSTestAdapter.PlatformServices.resources: Failed to load assembly.
TpTrace Information: 0 : 23500, 4, 2023/12/17, 19:29:01.592, 1876712175404, testhost.dll, AssemblyResolver.OnResolve: Microsoft.VisualStudio.TestPlatform.MSTestAdapter.PlatformServices.resources: Resolving assembly.
TpTrace Information: 0 : 23500, 4, 2023/12/17, 19:29:01.592, 1876712175706, testhost.dll, AssemblyResolver.OnResolve: Microsoft.VisualStudio.TestPlatform.MSTestAdapter.PlatformServices.resources: Resolved from cache.
TpTrace Information: 0 : 23500, 4, 2023/12/17, 19:29:01.599, 1876712244702, testhost.dll, MSTest - Created unit-test runner C:\Users\Asmir\source\repos\VVS-projekat\TestProject1\bin\Debug\net6.0\fine-code-coverage\build-output\TestProject1.dll
TpTrace Verbose: 0 : 23500, 4, 2023/12/17, 19:29:01.603, 1876712281891, testhost.dll, TestExecutionRecorder.RecordStart: Starting test: TestProject1.BookTest.MostReservedBookTitle_ReturnsCorrectResult.
TpTrace Information: 0 : 23500, 4, 2023/12/17, 19:29:01.647, 1876712725815, testhost.dll, MSTest - Executing test MostReservedBookTitle_ReturnsCorrectResult
TpTrace Information: 0 : 23500, 4, 2023/12/17, 19:29:02.440, 1876720650272, testhost.dll, MSTest - Executed test MostReservedBookTitle_ReturnsCorrectResult
TpTrace Verbose: 0 : 23500, 4, 2023/12/17, 19:29:02.443, 1876720678981, testhost.dll, TestExecutionRecorder.RecordEnd: test: TestProject1.BookTest.MostReservedBookTitle_ReturnsCorrectResult execution completed.
TpTrace Verbose: 0 : 23500, 9, 2023/12/17, 19:29:02.443, 1876720683921, testhost.dll, TcpClientExtensions.MessageLoopAsync: Polling on remoteEndPoint: [::ffff:127.0.0.1]:58520 localEndPoint: [::ffff:127.0.0.1]:58521
TpTrace Verbose: 0 : 23500, 4, 2023/12/17, 19:29:02.453, 1876720777810, testhost.dll, TestExecutionRecorder.RecordResult: Received result for test: TestProject1.BookTest.MostReservedBookTitle_ReturnsCorrectResult.
TpTrace Warning: 0 : 23500, 4, 2023/12/17, 19:29:02.456, 1876720808372, testhost.dll, TestRunCache: InProgressTests is null
TpTrace Warning: 0 : 23500, 4, 2023/12/17, 19:29:02.456, 1876720809556, testhost.dll, TestRunCache: No test found corresponding to testResult 'MostReservedBookTitle_ReturnsCorrectResult' in inProgress list.
TpTrace Verbose: 0 : 23500, 4, 2023/12/17, 19:29:02.456, 1876720810914, testhost.dll, TestExecutionRecorder.RecordStart: Starting test: TestProject1.BookTest.BookTest1.
TpTrace Information: 0 : 23500, 4, 2023/12/17, 19:29:02.458, 1876720834767, testhost.dll, MSTest - Executing test BookTest1
TpTrace Information: 0 : 23500, 4, 2023/12/17, 19:29:02.471, 1876720967244, testhost.dll, MSTest - Executed test BookTest1
TpTrace Verbose: 0 : 23500, 4, 2023/12/17, 19:29:02.472, 1876720968316, testhost.dll, TestExecutionRecorder.RecordEnd: test: TestProject1.BookTest.BookTest1 execution completed.
TpTrace Verbose: 0 : 23500, 4, 2023/12/17, 19:29:02.473, 1876720982927, testhost.dll, TestExecutionRecorder.RecordResult: Received result for test: TestProject1.BookTest.BookTest1.
TpTrace Warning: 0 : 23500, 4, 2023/12/17, 19:29:02.473, 1876720983949, testhost.dll, TestRunCache: InProgressTests is null
TpTrace Warning: 0 : 23500, 4, 2023/12/17, 19:29:02.473, 1876720984332, testhost.dll, TestRunCache: No test found corresponding to testResult 'BookTest1' in inProgress list.
TpTrace Verbose: 0 : 23500, 4, 2023/12/17, 19:29:02.473, 1876720985006, testhost.dll, TestExecutionRecorder.RecordStart: Starting test: TestProject1.RecommendationsTest.Index_ReturnsViewResult.
TpTrace Information: 0 : 23500, 4, 2023/12/17, 19:29:02.475, 1876720998314, testhost.dll, MSTest - Executing test Index_ReturnsViewResult
TpTrace Information: 0 : 23500, 4, 2023/12/17, 19:29:02.538, 1876721628320, testhost.dll, MSTest - Executed test Index_ReturnsViewResult
TpTrace Verbose: 0 : 23500, 4, 2023/12/17, 19:29:02.538, 1876721629241, testhost.dll, TestExecutionRecorder.RecordEnd: test: TestProject1.RecommendationsTest.Index_ReturnsViewResult execution completed.
TpTrace Verbose: 0 : 23500, 4, 2023/12/17, 19:29:02.539, 1876721647078, testhost.dll, TestExecutionRecorder.RecordResult: Received result for test: TestProject1.RecommendationsTest.Index_ReturnsViewResult.
TpTrace Warning: 0 : 23500, 4, 2023/12/17, 19:29:02.540, 1876721648014, testhost.dll, TestRunCache: InProgressTests is null
TpTrace Warning: 0 : 23500, 4, 2023/12/17, 19:29:02.540, 1876721648198, testhost.dll, TestRunCache: No test found corresponding to testResult 'Index_ReturnsViewResult' in inProgress list.
TpTrace Verbose: 0 : 23500, 4, 2023/12/17, 19:29:02.540, 1876721648867, testhost.dll, TestExecutionRecorder.RecordStart: Starting test: TestProject1.RecommendationsTest.GetAllBooksAsync_ReturnsListOfBooks.
TpTrace Information: 0 : 23500, 4, 2023/12/17, 19:29:02.541, 1876721663239, testhost.dll, MSTest - Executing test GetAllBooksAsync_ReturnsListOfBooks
TpTrace Information: 0 : 23500, 4, 2023/12/17, 19:29:02.543, 1876721678698, testhost.dll, MSTest - Executed test GetAllBooksAsync_ReturnsListOfBooks
TpTrace Verbose: 0 : 23500, 4, 2023/12/17, 19:29:02.543, 1876721679699, testhost.dll, TestExecutionRecorder.RecordEnd: test: TestProject1.RecommendationsTest.GetAllBooksAsync_ReturnsListOfBooks execution completed.
TpTrace Verbose: 0 : 23500, 4, 2023/12/17, 19:29:02.544, 1876721693726, testhost.dll, TestExecutionRecorder.RecordResult: Received result for test: TestProject1.RecommendationsTest.GetAllBooksAsync_ReturnsListOfBooks.
TpTrace Warning: 0 : 23500, 4, 2023/12/17, 19:29:02.544, 1876721694698, testhost.dll, TestRunCache: InProgressTests is null
TpTrace Warning: 0 : 23500, 4, 2023/12/17, 19:29:02.544, 1876721694877, testhost.dll, TestRunCache: No test found corresponding to testResult 'GetAllBooksAsync_ReturnsListOfBooks' in inProgress list.
TpTrace Verbose: 0 : 23500, 4, 2023/12/17, 19:29:02.544, 1876721695404, testhost.dll, TestExecutionRecorder.RecordStart: Starting test: TestProject1.RecommendationsTest.CalculateAverageRatings_ReturnsCorrectAverage.
TpTrace Information: 0 : 23500, 4, 2023/12/17, 19:29:02.545, 1876721703074, testhost.dll, MSTest - Executing test CalculateAverageRatings_ReturnsCorrectAverage
TpTrace Information: 0 : 23500, 4, 2023/12/17, 19:29:02.547, 1876721720965, testhost.dll, MSTest - Executed test CalculateAverageRatings_ReturnsCorrectAverage
TpTrace Verbose: 0 : 23500, 4, 2023/12/17, 19:29:02.547, 1876721721960, testhost.dll, TestExecutionRecorder.RecordEnd: test: TestProject1.RecommendationsTest.CalculateAverageRatings_ReturnsCorrectAverage execution completed.
TpTrace Verbose: 0 : 23500, 4, 2023/12/17, 19:29:02.548, 1876721734955, testhost.dll, TestExecutionRecorder.RecordResult: Received result for test: TestProject1.RecommendationsTest.CalculateAverageRatings_ReturnsCorrectAverage.
TpTrace Warning: 0 : 23500, 4, 2023/12/17, 19:29:02.548, 1876721736785, testhost.dll, TestRunCache: InProgressTests is null
TpTrace Warning: 0 : 23500, 4, 2023/12/17, 19:29:02.548, 1876721737302, testhost.dll, TestRunCache: No test found corresponding to testResult 'CalculateAverageRatings_ReturnsCorrectAverage' in inProgress list.
TpTrace Verbose: 0 : 23500, 4, 2023/12/17, 19:29:02.549, 1876721738182, testhost.dll, TestExecutionRecorder.RecordStart: Starting test: TestProject1.RecommendationsTest.GetBestBooks_ThrowsException.
TpTrace Information: 0 : 23500, 4, 2023/12/17, 19:29:02.550, 1876721748377, testhost.dll, MSTest - Executing test GetBestBooks_ThrowsException
TpTrace Information: 0 : 23500, 4, 2023/12/17, 19:29:02.553, 1876721781510, testhost.dll, AssemblyResolver.OnResolve: Microsoft.VisualStudio.TestPlatform.TestFramework.resources: Resolving assembly.
TpTrace Information: 0 : 23500, 4, 2023/12/17, 19:29:02.553, 1876721782288, testhost.dll, AssemblyResolver.OnResolve: Microsoft.VisualStudio.TestPlatform.TestFramework.resources: Searching in: 'C:\Users\Asmir\source\repos\VVS-projekat\TestProject1\bin\Debug\net6.0\fine-code-coverage\build-output'.
TpTrace Information: 0 : 23500, 4, 2023/12/17, 19:29:02.553, 1876721782815, testhost.dll, AssemblyResolver.OnResolve: Microsoft.VisualStudio.TestPlatform.TestFramework.resources: Assembly path does not exist: 'C:\Users\Asmir\source\repos\VVS-projekat\TestProject1\bin\Debug\net6.0\fine-code-coverage\build-output\Microsoft.VisualStudio.TestPlatform.TestFramework.resources.dll', returning.
TpTrace Information: 0 : 23500, 4, 2023/12/17, 19:29:02.553, 1876721783308, testhost.dll, AssemblyResolver.OnResolve: Microsoft.VisualStudio.TestPlatform.TestFramework.resources: Assembly path does not exist: 'C:\Users\Asmir\source\repos\VVS-projekat\TestProject1\bin\Debug\net6.0\fine-code-coverage\build-output\Microsoft.VisualStudio.TestPlatform.TestFramework.resources.exe', returning.
TpTrace Information: 0 : 23500, 4, 2023/12/17, 19:29:02.553, 1876721783492, testhost.dll, AssemblyResolver.OnResolve: Microsoft.VisualStudio.TestPlatform.TestFramework.resources: Failed to load assembly.
TpTrace Information: 0 : 23500, 4, 2023/12/17, 19:29:02.572, 1876721968166, testhost.dll, MSTest - Executed test GetBestBooks_ThrowsException
TpTrace Verbose: 0 : 23500, 4, 2023/12/17, 19:29:02.572, 1876721969136, testhost.dll, TestExecutionRecorder.RecordEnd: test: TestProject1.RecommendationsTest.GetBestBooks_ThrowsException execution completed.
TpTrace Information: 0 : 23500, 4, 2023/12/17, 19:29:02.573, 1876721986487, testhost.dll, MSTest - MSTestExecutor:Test TestProject1.RecommendationsTest.GetBestBooks_ThrowsException failed. ErrorMessage:Test method threw exception System.ArgumentNullException, but exception System.ArgumentException was expected. Exception message: System.ArgumentNullException: Value cannot be null. (Parameter 'Prazna lista knjiga'), ErrorStackTrace:   at VVS_projekat.Controllers.RecommendationsController.GetBestBooks(List`1 allBooks) in C:\Users\Asmir\source\repos\VVS-projekat\VVS-projekat\Controllers\RecommendationsController.cs:line 46
   at TestProject1.RecommendationsTest.GetBestBooks_ThrowsException() in C:\Users\Asmir\source\repos\VVS-projekat\TestProject1\RecommendationsTest.cs:line 88
.
TpTrace Verbose: 0 : 23500, 4, 2023/12/17, 19:29:02.573, 1876721987346, testhost.dll, TestExecutionRecorder.RecordResult: Received result for test: TestProject1.RecommendationsTest.GetBestBooks_ThrowsException.
TpTrace Warning: 0 : 23500, 4, 2023/12/17, 19:29:02.574, 1876721987862, testhost.dll, TestRunCache: InProgressTests is null
TpTrace Warning: 0 : 23500, 4, 2023/12/17, 19:29:02.574, 1876721988257, testhost.dll, TestRunCache: No test found corresponding to testResult 'GetBestBooks_ThrowsException' in inProgress list.
TpTrace Verbose: 0 : 23500, 4, 2023/12/17, 19:29:02.574, 1876721988930, testhost.dll, TestExecutionRecorder.RecordStart: Starting test: TestProject1.RecommendationsTest.GetBestBooks_ThrowsExceptionWithProperMessage.
TpTrace Information: 0 : 23500, 4, 2023/12/17, 19:29:02.575, 1876722000204, testhost.dll, MSTest - Executing test GetBestBooks_ThrowsExceptionWithProperMessage
TpTrace Information: 0 : 23500, 4, 2023/12/17, 19:29:02.581, 1876722064901, testhost.dll, MSTest - Executed test GetBestBooks_ThrowsExceptionWithProperMessage
TpTrace Verbose: 0 : 23500, 4, 2023/12/17, 19:29:02.581, 1876722066831, testhost.dll, TestExecutionRecorder.RecordEnd: test: TestProject1.RecommendationsTest.GetBestBooks_ThrowsExceptionWithProperMessage execution completed.
TpTrace Information: 0 : 23500, 4, 2023/12/17, 19:29:02.588, 1876722135221, testhost.dll, MSTest - MSTestExecutor:Test TestProject1.RecommendationsTest.GetBestBooks_ThrowsExceptionWithProperMessage failed. ErrorMessage:Assert.AreEqual failed. Expected:<Prazna lista knjiga>. Actual:<Value cannot be null. (Parameter 'Prazna lista knjiga')>. , ErrorStackTrace:   at TestProject1.RecommendationsTest.GetBestBooks_ThrowsExceptionWithProperMessage() in C:\Users\Asmir\source\repos\VVS-projekat\TestProject1\RecommendationsTest.cs:line 102
.
TpTrace Verbose: 0 : 23500, 4, 2023/12/17, 19:29:02.588, 1876722137098, testhost.dll, TestExecutionRecorder.RecordResult: Received result for test: TestProject1.RecommendationsTest.GetBestBooks_ThrowsExceptionWithProperMessage.
TpTrace Warning: 0 : 23500, 4, 2023/12/17, 19:29:02.589, 1876722138230, testhost.dll, TestRunCache: InProgressTests is null
TpTrace Warning: 0 : 23500, 4, 2023/12/17, 19:29:02.589, 1876722138729, testhost.dll, TestRunCache: No test found corresponding to testResult 'GetBestBooks_ThrowsExceptionWithProperMessage' in inProgress list.
TpTrace Verbose: 0 : 23500, 4, 2023/12/17, 19:29:02.589, 1876722139716, testhost.dll, TestExecutionRecorder.RecordStart: Starting test: TestProject1.ReservationTest.CountReservation_MultipleReservations_ReturnsCorrectCount.
TpTrace Information: 0 : 23500, 4, 2023/12/17, 19:29:02.590, 1876722150055, testhost.dll, MSTest - Executing test CountReservation_MultipleReservations_ReturnsCorrectCount
TpTrace Information: 0 : 23500, 4, 2023/12/17, 19:29:02.597, 1876722218306, testhost.dll, MSTest - Executed test CountReservation_MultipleReservations_ReturnsCorrectCount
TpTrace Verbose: 0 : 23500, 4, 2023/12/17, 19:29:02.597, 1876722219335, testhost.dll, TestExecutionRecorder.RecordEnd: test: TestProject1.ReservationTest.CountReservation_MultipleReservations_ReturnsCorrectCount execution completed.
TpTrace Verbose: 0 : 23500, 4, 2023/12/17, 19:29:02.598, 1876722231199, testhost.dll, TestExecutionRecorder.RecordResult: Received result for test: TestProject1.ReservationTest.CountReservation_MultipleReservations_ReturnsCorrectCount.
TpTrace Warning: 0 : 23500, 4, 2023/12/17, 19:29:02.598, 1876722232431, testhost.dll, TestRunCache: InProgressTests is null
TpTrace Warning: 0 : 23500, 4, 2023/12/17, 19:29:02.598, 1876722232649, testhost.dll, TestRunCache: No test found corresponding to testResult 'CountReservation_MultipleReservations_ReturnsCorrectCount' in inProgress list.
TpTrace Verbose: 0 : 23500, 4, 2023/12/17, 19:29:02.598, 1876722233084, testhost.dll, TestExecutionRecorder.RecordStart: Starting test: TestProject1.ReservationTest.LateActivatedReservations_ActivatedReservationsAfterIssuedDate_ReturnsCorrectReservations.
TpTrace Information: 0 : 23500, 4, 2023/12/17, 19:29:02.599, 1876722246475, testhost.dll, MSTest - Executing test LateActivatedReservations_ActivatedReservationsAfterIssuedDate_ReturnsCorrectReservations
TpTrace Information: 0 : 23500, 4, 2023/12/17, 19:29:02.621, 1876722458216, testhost.dll, MSTest - Executed test LateActivatedReservations_ActivatedReservationsAfterIssuedDate_ReturnsCorrectReservations
TpTrace Verbose: 0 : 23500, 4, 2023/12/17, 19:29:02.621, 1876722459571, testhost.dll, TestExecutionRecorder.RecordEnd: test: TestProject1.ReservationTest.LateActivatedReservations_ActivatedReservationsAfterIssuedDate_ReturnsCorrectReservations execution completed.
TpTrace Verbose: 0 : 23500, 4, 2023/12/17, 19:29:02.622, 1876722476811, testhost.dll, TestExecutionRecorder.RecordResult: Received result for test: TestProject1.ReservationTest.LateActivatedReservations_ActivatedReservationsAfterIssuedDate_ReturnsCorrectReservations.
TpTrace Warning: 0 : 23500, 4, 2023/12/17, 19:29:02.623, 1876722477895, testhost.dll, TestRunCache: InProgressTests is null
TpTrace Warning: 0 : 23500, 4, 2023/12/17, 19:29:02.623, 1876722478102, testhost.dll, TestRunCache: No test found corresponding to testResult 'LateActivatedReservations_ActivatedReservationsAfterIssuedDate_ReturnsCorrectReservations' in inProgress list.
TpTrace Information: 0 : 23500, 4, 2023/12/17, 19:29:02.623, 1876722479986, testhost.dll, MSTest - Executing cleanup methods.
TpTrace Information: 0 : 23500, 4, 2023/12/17, 19:29:02.623, 1876722487606, testhost.dll, MSTest - Executed cleanup methods.
TpTrace Information: 0 : 23500, 4, 2023/12/17, 19:29:02.624, 1876722487959, testhost.dll, MSTest - Executed tests belonging to source C:\Users\Asmir\source\repos\VVS-projekat\TestProject1\bin\Debug\net6.0\fine-code-coverage\build-output\TestProject1.dll
TpTrace Verbose: 0 : 23500, 4, 2023/12/17, 19:29:02.624, 1876722490779, testhost.dll, BaseRunTests.RunTestInternalWithExecutors: Completed running tests for executor://MSTestAdapter/v2
TpTrace Information: 0 : 23500, 4, 2023/12/17, 19:29:02.627, 1876722518234, testhost.dll, Sending test run complete
TpTrace Verbose: 0 : 23500, 4, 2023/12/17, 19:29:02.650, 1876722757687, testhost.dll, TestRequestHandler.SendData:  sending data from testhost: {"Version":5,"MessageType":"TestExecution.Completed","Payload":{"TestRunCompleteArgs":{"TestRunStatistics":{"ExecutedTests":9,"Stats":{"Passed":7,"Failed":2}},"IsCanceled":false,"IsAborted":false,"Error":null,"AttachmentSets":[],"ElapsedTimeInRunningTests":"00:00:01.0986079","Metrics":{}},"LastRunTests":{"NewTestResults":[{"TestCase":{"Id":"0dfe68ac-1c3e-e984-ca37-9f7fb403c475","FullyQualifiedName":"TestProject1.BookTest.MostReservedBookTitle_ReturnsCorrectResult","DisplayName":"MostReservedBookTitle_ReturnsCorrectResult","ExecutorUri":"executor://MSTestAdapter/v2","Source":"C:\\Users\\Asmir\\source\\repos\\VVS-projekat\\TestProject1\\bin\\Debug\\net6.0\\fine-code-coverage\\build-output\\TestProject1.dll","CodeFilePath":null,"LineNumber":-1,"Properties":[{"Key":{"Id":"TestCase.ManagedType","Label":"ManagedType","Category":"","Description":"","Attributes":1,"ValueType":"System.String"},"Value":"TestProject1.BookTest"},{"Key":{"Id":"TestCase.ManagedMethod","Label":"ManagedMethod","Category":"","Description":"","Attributes":1,"ValueType":"System.String"},"Value":"MostReservedBookTitle_ReturnsCorrectResult"},{"Key":{"Id":"MSTestDiscoverer.TestClassName","Label":"ClassName","Category":"","Description":"","Attributes":1,"ValueType":"System.String"},"Value":"TestProject1.BookTest"},{"Key":{"Id":"TestCase.Hierarchy","Label":"Hierarchy","Category":"","Description":"","Attributes":2,"ValueType":"System.String[]"},"Value":["TestProject1","BookTest"]},{"Key":{"Id":"TestObject.Traits","Label":"Traits","Category":"","Description":"","Attributes":5,"ValueType":"System.Collections.Generic.KeyValuePair`2[[System.String],[System.String]][]"},"Value":[]}]},"Attachments":[],"Outcome":1,"ErrorMessage":null,"ErrorStackTrace":null,"DisplayName":"MostReservedBookTitle_ReturnsCorrectResult","Messages":[],"ComputerName":null,"Duration":"00:00:00.7811161","StartTime":"2023-12-17T19:29:01.6476974+01:00","EndTime":"2023-12-17T19:29:02.4403501+01:00","Properties":[{"Key":{"Id":"ExecutionId","Label":"ExecutionId","Category":"","Description":"","Attributes":1,"ValueType":"System.Guid"},"Value":"00000000-0000-0000-0000-000000000000"},{"Key":{"Id":"ParentExecId","Label":"ParentExecId","Category":"","Description":"","Attributes":1,"ValueType":"System.Guid"},"Value":"00000000-0000-0000-0000-000000000000"},{"Key":{"Id":"InnerResultsCount","Label":"InnerResultsCount","Category":"","Description":"","Attributes":1,"ValueType":"System.Int32"},"Value":0}]},{"TestCase":{"Id":"cbecee06-110f-365e-7c47-bf83158d859c","FullyQualifiedName":"TestProject1.BookTest.BookTest1","DisplayName":"BookTest1","ExecutorUri":"executor://MSTestAdapter/v2","Source":"C:\\Users\\Asmir\\source\\repos\\VVS-projekat\\TestProject1\\bin\\Debug\\net6.0\\fine-code-coverage\\build-output\\TestProject1.dll","CodeFilePath":null,"LineNumber":-1,"Properties":[{"Key":{"Id":"TestCase.ManagedType","Label":"ManagedType","Category":"","Description":"","Attributes":1,"ValueType":"System.String"},"Value":"TestProject1.BookTest"},{"Key":{"Id":"TestCase.ManagedMethod","Label":"ManagedMethod","Category":"","Description":"","Attributes":1,"ValueType":"System.String"},"Value":"BookTest1"},{"Key":{"Id":"MSTestDiscoverer.TestClassName","Label":"ClassName","Category":"","Description":"","Attributes":1,"ValueType":"System.String"},"Value":"TestProject1.BookTest"},{"Key":{"Id":"TestCase.Hierarchy","Label":"Hierarchy","Category":"","Description":"","Attributes":2,"ValueType":"System.String[]"},"Value":["TestProject1","BookTest"]},{"Key":{"Id":"TestObject.Traits","Label":"Traits","Category":"","Description":"","Attributes":5,"ValueType":"System.Collections.Generic.KeyValuePair`2[[System.String],[System.String]][]"},"Value":[]}]},"Attachments":[],"Outcome":1,"ErrorMessage":null,"ErrorStackTrace":null,"DisplayName":"BookTest1","Messages":[],"ComputerName":null,"Duration":"00:00:00.0127273","StartTime":"2023-12-17T19:29:02.4586877+01:00","EndTime":"2023-12-17T19:29:02.4720373+01:00","Properties":[{"Key":{"Id":"ExecutionId","Label":"ExecutionId","Category":"","Description":"","Attributes":1,"ValueType":"System.Guid"},"Value":"00000000-0000-0000-0000-000000000000"},{"Key":{"Id":"ParentExecId","Label":"ParentExecId","Category":"","Description":"","Attributes":1,"ValueType":"System.Guid"},"Value":"00000000-0000-0000-0000-000000000000"},{"Key":{"Id":"InnerResultsCount","Label":"InnerResultsCount","Category":"","Description":"","Attributes":1,"ValueType":"System.Int32"},"Value":0}]},{"TestCase":{"Id":"78c7d1a2-bbd6-9634-a983-c87af5a9c7fc","FullyQualifiedName":"TestProject1.RecommendationsTest.Index_ReturnsViewResult","DisplayName":"Index_ReturnsViewResult","ExecutorUri":"executor://MSTestAdapter/v2","Source":"C:\\Users\\Asmir\\source\\repos\\VVS-projekat\\TestProject1\\bin\\Debug\\net6.0\\fine-code-coverage\\build-output\\TestProject1.dll","CodeFilePath":null,"LineNumber":-1,"Properties":[{"Key":{"Id":"TestCase.ManagedType","Label":"ManagedType","Category":"","Description":"","Attributes":1,"ValueType":"System.String"},"Value":"TestProject1.RecommendationsTest"},{"Key":{"Id":"TestCase.ManagedMethod","Label":"ManagedMethod","Category":"","Description":"","Attributes":1,"ValueType":"System.String"},"Value":"Index_ReturnsViewResult"},{"Key":{"Id":"MSTestDiscoverer.TestClassName","Label":"ClassName","Category":"","Description":"","Attributes":1,"ValueType":"System.String"},"Value":"TestProject1.RecommendationsTest"},{"Key":{"Id":"TestCase.Hierarchy","Label":"Hierarchy","Category":"","Description":"","Attributes":2,"ValueType":"System.String[]"},"Value":["TestProject1","RecommendationsTest"]},{"Key":{"Id":"TestObject.Traits","Label":"Traits","Category":"","Description":"","Attributes":5,"ValueType":"System.Collections.Generic.KeyValuePair`2[[System.String],[System.String]][]"},"Value":[]}]},"Attachments":[],"Outcome":1,"ErrorMessage":null,"ErrorStackTrace":null,"DisplayName":"Index_ReturnsViewResult","Messages":[],"ComputerName":null,"Duration":"00:00:00.0625690","StartTime":"2023-12-17T19:29:02.4750522+01:00","EndTime":"2023-12-17T19:29:02.538133+01:00","Properties":[{"Key":{"Id":"ExecutionId","Label":"ExecutionId","Category":"","Description":"","Attributes":1,"ValueType":"System.Guid"},"Value":"00000000-0000-0000-0000-000000000000"},{"Key":{"Id":"ParentExecId","Label":"ParentExecId","Category":"","Description":"","Attributes":1,"ValueType":"System.Guid"},"Value":"00000000-0000-0000-0000-000000000000"},{"Key":{"Id":"InnerResultsCount","Label":"InnerResultsCount","Category":"","Description":"","Attributes":1,"ValueType":"System.Int32"},"Value":0}]},{"TestCase":{"Id":"7420171a-0b6e-f3a6-dd83-8bcd5b284385","FullyQualifiedName":"TestProject1.RecommendationsTest.GetAllBooksAsync_ReturnsListOfBooks","DisplayName":"GetAllBooksAsync_ReturnsListOfBooks","ExecutorUri":"executor://MSTestAdapter/v2","Source":"C:\\Users\\Asmir\\source\\repos\\VVS-projekat\\TestProject1\\bin\\Debug\\net6.0\\fine-code-coverage\\build-output\\TestProject1.dll","CodeFilePath":null,"LineNumber":-1,"Properties":[{"Key":{"Id":"TestCase.ManagedType","Label":"ManagedType","Category":"","Description":"","Attributes":1,"ValueType":"System.String"},"Value":"TestProject1.RecommendationsTest"},{"Key":{"Id":"TestCase.ManagedMethod","Label":"ManagedMethod","Category":"","Description":"","Attributes":1,"ValueType":"System.String"},"Value":"GetAllBooksAsync_ReturnsListOfBooks"},{"Key":{"Id":"MSTestDiscoverer.TestClassName","Label":"ClassName","Category":"","Description":"","Attributes":1,"ValueType":"System.String"},"Value":"TestProject1.RecommendationsTest"},{"Key":{"Id":"TestCase.Hierarchy","Label":"Hierarchy","Category":"","Description":"","Attributes":2,"ValueType":"System.String[]"},"Value":["TestProject1","RecommendationsTest"]},{"Key":{"Id":"TestObject.Traits","Label":"Traits","Category":"","Description":"","Attributes":5,"ValueType":"System.Collections.Generic.KeyValuePair`2[[System.String],[System.String]][]"},"Value":[]}]},"Attachments":[],"Outcome":1,"ErrorMessage":null,"ErrorStackTrace":null,"DisplayName":"GetAllBooksAsync_ReturnsListOfBooks","Messages":[],"ComputerName":null,"Duration":"00:00:00.0012188","StartTime":"2023-12-17T19:29:02.5415341+01:00","EndTime":"2023-12-17T19:29:02.5431793+01:00","Properties":[{"Key":{"Id":"ExecutionId","Label":"ExecutionId","Category":"","Description":"","Attributes":1,"ValueType":"System.Guid"},"Value":"00000000-0000-0000-0000-000000000000"},{"Key":{"Id":"ParentExecId","Label":"ParentExecId","Category":"","Description":"","Attributes":1,"ValueType":"System.Guid"},"Value":"00000000-0000-0000-0000-000000000000"},{"Key":{"Id":"InnerResultsCount","Label":"InnerResultsCount","Category":"","Description":"","Attributes":1,"ValueType":"System.Int32"},"Value":0}]},{"TestCase":{"Id":"e0eaba33-137e-bdc8-99a6-87ec171189be","FullyQualifiedName":"TestProject1.RecommendationsTest.CalculateAverageRatings_ReturnsCorrectAverage","DisplayName":"CalculateAverageRatings_ReturnsCorrectAverage","ExecutorUri":"executor://MSTestAdapter/v2","Source":"C:\\Users\\Asmir\\source\\repos\\VVS-projekat\\TestProject1\\bin\\Debug\\net6.0\\fine-code-coverage\\build-output\\TestProject1.dll","CodeFilePath":null,"LineNumber":-1,"Properties":[{"Key":{"Id":"TestCase.ManagedType","Label":"ManagedType","Category":"","Description":"","Attributes":1,"ValueType":"System.String"},"Value":"TestProject1.RecommendationsTest"},{"Key":{"Id":"TestCase.ManagedMethod","Label":"ManagedMethod","Category":"","Description":"","Attributes":1,"ValueType":"System.String"},"Value":"CalculateAverageRatings_ReturnsCorrectAverage"},{"Key":{"Id":"MSTestDiscoverer.TestClassName","Label":"ClassName","Category":"","Description":"","Attributes":1,"ValueType":"System.String"},"Value":"TestProject1.RecommendationsTest"},{"Key":{"Id":"TestCase.Hierarchy","Label":"Hierarchy","Category":"","Description":"","Attributes":2,"ValueType":"System.String[]"},"Value":["TestProject1","RecommendationsTest"]},{"Key":{"Id":"TestObject.Traits","Label":"Traits","Category":"","Description":"","Attributes":5,"ValueType":"System.Collections.Generic.KeyValuePair`2[[System.String],[System.String]][]"},"Value":[]}]},"Attachments":[],"Outcome":1,"ErrorMessage":null,"ErrorStackTrace":null,"DisplayName":"CalculateAverageRatings_ReturnsCorrectAverage","Messages":[],"ComputerName":null,"Duration":"00:00:00.0015123","StartTime":"2023-12-17T19:29:02.5455213+01:00","EndTime":"2023-12-17T19:29:02.5474007+01:00","Properties":[{"Key":{"Id":"ExecutionId","Label":"ExecutionId","Category":"","Description":"","Attributes":1,"ValueType":"System.Guid"},"Value":"00000000-0000-0000-0000-000000000000"},{"Key":{"Id":"ParentExecId","Label":"ParentExecId","Category":"","Description":"","Attributes":1,"ValueType":"System.Guid"},"Value":"00000000-0000-0000-0000-000000000000"},{"Key":{"Id":"InnerResultsCount","Label":"InnerResultsCount","Category":"","Description":"","Attributes":1,"ValueType":"System.Int32"},"Value":0}]},{"TestCase":{"Id":"52c8a5e7-0a3e-aba5-89a7-1ad6e4fe39d5","FullyQualifiedName":"TestProject1.RecommendationsTest.GetBestBooks_ThrowsException","DisplayName":"GetBestBooks_ThrowsException","ExecutorUri":"executor://MSTestAdapter/v2","Source":"C:\\Users\\Asmir\\source\\repos\\VVS-projekat\\TestProject1\\bin\\Debug\\net6.0\\fine-code-coverage\\build-output\\TestProject1.dll","CodeFilePath":null,"LineNumber":-1,"Properties":[{"Key":{"Id":"TestCase.ManagedType","Label":"ManagedType","Category":"","Description":"","Attributes":1,"ValueType":"System.String"},"Value":"TestProject1.RecommendationsTest"},{"Key":{"Id":"TestCase.ManagedMethod","Label":"ManagedMethod","Category":"","Description":"","Attributes":1,"ValueType":"System.String"},"Value":"GetBestBooks_ThrowsException"},{"Key":{"Id":"MSTestDiscoverer.TestClassName","Label":"ClassName","Category":"","Description":"","Attributes":1,"ValueType":"System.String"},"Value":"TestProject1.RecommendationsTest"},{"Key":{"Id":"TestCase.Hierarchy","Label":"Hierarchy","Category":"","Description":"","Attributes":2,"ValueType":"System.String[]"},"Value":["TestProject1","RecommendationsTest"]},{"Key":{"Id":"TestObject.Traits","Label":"Traits","Category":"","Description":"","Attributes":5,"ValueType":"System.Collections.Generic.KeyValuePair`2[[System.String],[System.String]][]"},"Value":[]}]},"Attachments":[],"Outcome":2,"ErrorMessage":"Test method threw exception System.ArgumentNullException, but exception System.ArgumentException was expected. Exception message: System.ArgumentNullException: Value cannot be null. (Parameter 'Prazna lista knjiga')","ErrorStackTrace":"   at VVS_projekat.Controllers.RecommendationsController.GetBestBooks(List`1 allBooks) in C:\\Users\\Asmir\\source\\repos\\VVS-projekat\\VVS-projekat\\Controllers\\RecommendationsController.cs:line 46\r\n   at TestProject1.RecommendationsTest.GetBestBooks_ThrowsException() in C:\\Users\\Asmir\\source\\repos\\VVS-projekat\\TestProject1\\RecommendationsTest.cs:line 88\r\n","DisplayName":"GetBestBooks_ThrowsException","Messages":[],"ComputerName":null,"Duration":"00:00:00.0214954","StartTime":"2023-12-17T19:29:02.5500546+01:00","EndTime":"2023-12-17T19:29:02.572128+01:00","Properties":[{"Key":{"Id":"ExecutionId","Label":"ExecutionId","Category":"","Description":"","Attributes":1,"ValueType":"System.Guid"},"Value":"00000000-0000-0000-0000-000000000000"},{"Key":{"Id":"ParentExecId","Label":"ParentExecId","Category":"","Description":"","Attributes":1,"ValueType":"System.Guid"},"Value":"00000000-0000-0000-0000-000000000000"},{"Key":{"Id":"InnerResultsCount","Label":"InnerResultsCount","Category":"","Description":"","Attributes":1,"ValueType":"System.Int32"},"Value":0}]},{"TestCase":{"Id":"58c5295c-63b0-c4ab-54ce-598a4e19f6a9","FullyQualifiedName":"TestProject1.RecommendationsTest.GetBestBooks_ThrowsExceptionWithProperMessage","DisplayName":"GetBestBooks_ThrowsExceptionWithProperMessage","ExecutorUri":"executor://MSTestAdapter/v2","Source":"C:\\Users\\Asmir\\source\\repos\\VVS-projekat\\TestProject1\\bin\\Debug\\net6.0\\fine-code-coverage\\build-output\\TestProject1.dll","CodeFilePath":null,"LineNumber":-1,"Properties":[{"Key":{"Id":"TestCase.ManagedType","Label":"ManagedType","Category":"","Description":"","Attributes":1,"ValueType":"System.String"},"Value":"TestProject1.RecommendationsTest"},{"Key":{"Id":"TestCase.ManagedMethod","Label":"ManagedMethod","Category":"","Description":"","Attributes":1,"ValueType":"System.String"},"Value":"GetBestBooks_ThrowsExceptionWithProperMessage"},{"Key":{"Id":"MSTestDiscoverer.TestClassName","Label":"ClassName","Category":"","Description":"","Attributes":1,"ValueType":"System.String"},"Value":"TestProject1.RecommendationsTest"},{"Key":{"Id":"TestCase.Hierarchy","Label":"Hierarchy","Category":"","Description":"","Attributes":2,"ValueType":"System.String[]"},"Value":["TestProject1","RecommendationsTest"]},{"Key":{"Id":"TestObject.Traits","Label":"Traits","Category":"","Description":"","Attributes":5,"ValueType":"System.Collections.Generic.KeyValuePair`2[[System.String],[System.String]][]"},"Value":[]}]},"Attachments":[],"Outcome":2,"ErrorMessage":"Assert.AreEqual failed. Expected:<Prazna lista knjiga>. Actual:<Value cannot be null. (Parameter 'Prazna lista knjiga')>. ","ErrorStackTrace":"   at TestProject1.RecommendationsTest.GetBestBooks_ThrowsExceptionWithProperMessage() in C:\\Users\\Asmir\\source\\repos\\VVS-projekat\\TestProject1\\RecommendationsTest.cs:line 102\r\n","DisplayName":"GetBestBooks_ThrowsExceptionWithProperMessage","Messages":[],"ComputerName":null,"Duration":"00:00:00.0061459","StartTime":"2023-12-17T19:29:02.5752309+01:00","EndTime":"2023-12-17T19:29:02.5818841+01:00","Properties":[{"Key":{"Id":"ExecutionId","Label":"ExecutionId","Category":"","Description":"","Attributes":1,"ValueType":"System.Guid"},"Value":"00000000-0000-0000-0000-000000000000"},{"Key":{"Id":"ParentExecId","Label":"ParentExecId","Category":"","Description":"","Attributes":1,"ValueType":"System.Guid"},"Value":"00000000-0000-0000-0000-000000000000"},{"Key":{"Id":"InnerResultsCount","Label":"InnerResultsCount","Category":"","Description":"","Attributes":1,"ValueType":"System.Int32"},"Value":0}]},{"TestCase":{"Id":"de0a5b1c-f885-804a-6a30-f2547f3f4cf7","FullyQualifiedName":"TestProject1.ReservationTest.CountReservation_MultipleReservations_ReturnsCorrectCount","DisplayName":"CountReservation_MultipleReservations_ReturnsCorrectCount","ExecutorUri":"executor://MSTestAdapter/v2","Source":"C:\\Users\\Asmir\\source\\repos\\VVS-projekat\\TestProject1\\bin\\Debug\\net6.0\\fine-code-coverage\\build-output\\TestProject1.dll","CodeFilePath":null,"LineNumber":-1,"Properties":[{"Key":{"Id":"TestCase.ManagedType","Label":"ManagedType","Category":"","Description":"","Attributes":1,"ValueType":"System.String"},"Value":"TestProject1.ReservationTest"},{"Key":{"Id":"TestCase.ManagedMethod","Label":"ManagedMethod","Category":"","Description":"","Attributes":1,"ValueType":"System.String"},"Value":"CountReservation_MultipleReservations_ReturnsCorrectCount"},{"Key":{"Id":"MSTestDiscoverer.TestClassName","Label":"ClassName","Category":"","Description":"","Attributes":1,"ValueType":"System.String"},"Value":"TestProject1.ReservationTest"},{"Key":{"Id":"TestCase.Hierarchy","Label":"Hierarchy","Category":"","Description":"","Attributes":2,"ValueType":"System.String[]"},"Value":["TestProject1","ReservationTest"]},{"Key":{"Id":"TestObject.Traits","Label":"Traits","Category":"","Description":"","Attributes":5,"ValueType":"System.Collections.Generic.KeyValuePair`2[[System.String],[System.String]][]"},"Value":[]}]},"Attachments":[],"Outcome":1,"ErrorMessage":null,"ErrorStackTrace":null,"DisplayName":"CountReservation_MultipleReservations_ReturnsCorrectCount","Messages":[],"ComputerName":null,"Duration":"00:00:00.0065360","StartTime":"2023-12-17T19:29:02.5902225+01:00","EndTime":"2023-12-17T19:29:02.597147+01:00","Properties":[{"Key":{"Id":"ExecutionId","Label":"ExecutionId","Category":"","Description":"","Attributes":1,"ValueType":"System.Guid"},"Value":"00000000-0000-0000-0000-000000000000"},{"Key":{"Id":"ParentExecId","Label":"ParentExecId","Category":"","Description":"","Attributes":1,"ValueType":"System.Guid"},"Value":"00000000-0000-0000-0000-000000000000"},{"Key":{"Id":"InnerResultsCount","Label":"InnerResultsCount","Category":"","Description":"","Attributes":1,"ValueType":"System.Int32"},"Value":0}]},{"TestCase":{"Id":"8775ff69-b065-339b-7dd2-2714c862cad0","FullyQualifiedName":"TestProject1.ReservationTest.LateActivatedReservations_ActivatedReservationsAfterIssuedDate_ReturnsCorrectReservations","DisplayName":"LateActivatedReservations_ActivatedReservationsAfterIssuedDate_ReturnsCorrectReservations","ExecutorUri":"executor://MSTestAdapter/v2","Source":"C:\\Users\\Asmir\\source\\repos\\VVS-projekat\\TestProject1\\bin\\Debug\\net6.0\\fine-code-coverage\\build-output\\TestProject1.dll","CodeFilePath":null,"LineNumber":-1,"Properties":[{"Key":{"Id":"TestCase.ManagedType","Label":"ManagedType","Category":"","Description":"","Attributes":1,"ValueType":"System.String"},"Value":"TestProject1.ReservationTest"},{"Key":{"Id":"TestCase.ManagedMethod","Label":"ManagedMethod","Category":"","Description":"","Attributes":1,"ValueType":"System.String"},"Value":"LateActivatedReservations_ActivatedReservationsAfterIssuedDate_ReturnsCorrectReservations"},{"Key":{"Id":"MSTestDiscoverer.TestClassName","Label":"ClassName","Category":"","Description":"","Attributes":1,"ValueType":"System.String"},"Value":"TestProject1.ReservationTest"},{"Key":{"Id":"TestCase.Hierarchy","Label":"Hierarchy","Category":"","Description":"","Attributes":2,"ValueType":"System.String[]"},"Value":["TestProject1","ReservationTest"]},{"Key":{"Id":"TestObject.Traits","Label":"Traits","Category":"","Description":"","Attributes":5,"ValueType":"System.Collections.Generic.KeyValuePair`2[[System.String],[System.String]][]"},"Value":[]}]},"Attachments":[],"Outcome":1,"ErrorMessage":null,"ErrorStackTrace":null,"DisplayName":"LateActivatedReservations_ActivatedReservationsAfterIssuedDate_ReturnsCorrectReservations","Messages":[],"ComputerName":null,"Duration":"00:00:00.0207734","StartTime":"2023-12-17T19:29:02.5998421+01:00","EndTime":"2023-12-17T19:29:02.6211667+01:00","Properties":[{"Key":{"Id":"ExecutionId","Label":"ExecutionId","Category":"","Description":"","Attributes":1,"ValueType":"System.Guid"},"Value":"00000000-0000-0000-0000-000000000000"},{"Key":{"Id":"ParentExecId","Label":"ParentExecId","Category":"","Description":"","Attributes":1,"ValueType":"System.Guid"},"Value":"00000000-0000-0000-0000-000000000000"},{"Key":{"Id":"InnerResultsCount","Label":"InnerResultsCount","Category":"","Description":"","Attributes":1,"ValueType":"System.Int32"},"Value":0}]}],"TestRunStatistics":{"ExecutedTests":9,"Stats":{"Passed":7,"Failed":2}},"ActiveTests":[]},"RunAttachments":[],"ExecutorUris":["executor://mstestadapter/v2"]}}
TpTrace Verbose: 0 : 23500, 4, 2023/12/17, 19:29:02.651, 1876722762489, testhost.dll, BaseRunTests.RunTests: Run is complete.
TpTrace Verbose: 0 : 23500, 9, 2023/12/17, 19:29:02.652, 1876722770755, testhost.dll, TcpClientExtensions.MessageLoopAsync: NotifyDataAvailable remoteEndPoint: [::ffff:127.0.0.1]:58520 localEndPoint: [::ffff:127.0.0.1]:58521
TpTrace Information: 0 : 23500, 9, 2023/12/17, 19:29:02.652, 1876722772916, testhost.dll, TestRequestHandler.OnMessageReceived: received message: (TestSession.Terminate) -> null
TpTrace Information: 0 : 23500, 9, 2023/12/17, 19:29:02.652, 1876722773165, testhost.dll, Session End message received from server. Closing the connection.
TpTrace Information: 0 : 23500, 9, 2023/12/17, 19:29:02.652, 1876722775511, testhost.dll, SocketClient.Stop: Stop communication from server endpoint: 127.0.0.1:058520
TpTrace Information: 0 : 23500, 9, 2023/12/17, 19:29:02.652, 1876722775854, testhost.dll, SocketClient: Stop: Cancellation requested. Stopping message loop.
TpTrace Verbose: 0 : 23500, 9, 2023/12/17, 19:29:02.652, 1876722776613, testhost.dll, LengthPrefixCommunicationChannel.Dispose: Dispose reader and writer.
TpTrace Information: 0 : 23500, 9, 2023/12/17, 19:29:02.652, 1876722776905, testhost.dll, Closing the connection !
TpTrace Information: 0 : 23500, 9, 2023/12/17, 19:29:02.653, 1876722778459, testhost.dll, SocketClient.PrivateStop: Stop communication from server endpoint: 127.0.0.1:058520, error:
TpTrace Verbose: 0 : 23500, 9, 2023/12/17, 19:29:02.653, 1876722784083, testhost.dll, LengthPrefixCommunicationChannel.Dispose: Dispose reader and writer.
TpTrace Information: 0 : 23500, 1, 2023/12/17, 19:29:02.653, 1876722784322, testhost.dll, Closing the connection !
TpTrace Verbose: 0 : 23500, 9, 2023/12/17, 19:29:02.653, 1876722784623, testhost.dll, TcpClientExtensions.MessageLoopAsync: exiting MessageLoopAsync remoteEndPoint: [::ffff:127.0.0.1]:58520 localEndPoint: [::ffff:127.0.0.1]:58521
TpTrace Information: 0 : 23500, 1, 2023/12/17, 19:29:02.653, 1876722785602, testhost.dll, SocketClient.Stop: Stop communication from server endpoint: 127.0.0.1:058520
TpTrace Verbose: 0 : 23500, 1, 2023/12/17, 19:29:02.653, 1876722786700, testhost.dll, LengthPrefixCommunicationChannel.Dispose: Dispose reader and writer.
TpTrace Information: 0 : 23500, 1, 2023/12/17, 19:29:02.654, 1876722788542, testhost.dll, Testhost process exiting.
