TpTrace Verbose: 0 : 760, 1, 2023/12/14, 21:14:53.689, 73594011283, testhost.dll, Version: 17.5.0 Current process architecture: X64
TpTrace Verbose: 0 : 760, 1, 2023/12/14, 21:14:53.691, 73594028093, testhost.dll, Runtime location: C:\Program Files\dotnet\shared\Microsoft.NETCore.App\5.0.17
TpTrace Information: 0 : 760, 1, 2023/12/14, 21:14:53.692, 73594040405, testhost.dll, DefaultEngineInvoker.Invoke: Testhost process started with args :[--port, 50900],[--endpoint, 127.0.0.1:050900],[--role, client],[--parentprocessid, 16772],[--diag, C:\Users\Asmir\source\repos\VVS-projekat\Testovi1\bin\Debug\net5.0\fine-code-coverage\coverage-tool-output\diagnostics.host.23-12-14_21-14-53_50310_5.log],[--tracelevel, 4],[--datacollectionport, 50899],[--telemetryoptedin, false]
TpTrace Information: 0 : 760, 1, 2023/12/14, 21:14:53.693, 73594053004, testhost.dll, Setting up debug trace listener.
TpTrace Verbose: 0 : 760, 1, 2023/12/14, 21:14:53.693, 73594054391, testhost.dll, TestPlatformTraceListener.Setup: Replacing listener System.Diagnostics.DefaultTraceListener with TestHostTraceListener.
TpTrace Verbose: 0 : 760, 1, 2023/12/14, 21:14:53.693, 73594054686, testhost.dll, TestPlatformTraceListener.Setup: Added test platform trace listener.
TpTrace Information: 0 : 760, 1, 2023/12/14, 21:14:53.694, 73594056756, testhost.dll, DefaultEngineInvoker.SetParentProcessExitCallback: Monitoring parent process with id: '16772'
TpTrace Information: 0 : 760, 1, 2023/12/14, 21:14:53.697, 73594087349, testhost.dll, DefaultEngineInvoker.GetConnectionInfo: Initialize communication on endpoint address: '127.0.0.1:050900'
TpTrace Information: 0 : 760, 1, 2023/12/14, 21:14:53.709, 73594213260, testhost.dll, SocketClient.Start: connecting to server endpoint: 127.0.0.1:050900
TpTrace Information: 0 : 760, 1, 2023/12/14, 21:14:53.714, 73594263543, testhost.dll, DefaultEngineInvoker.ConnectToDatacollector: Connecting to datacollector, port: 50899
TpTrace Information: 0 : 760, 6, 2023/12/14, 21:14:53.715, 73594272459, testhost.dll, SocketClient.OnServerConnected: connected to server endpoint: 127.0.0.1:050900
TpTrace Information: 0 : 760, 1, 2023/12/14, 21:14:53.716, 73594285075, testhost.dll, Trying to connect to server on socket : 127.0.0.1:50899 
TpTrace Verbose: 0 : 760, 1, 2023/12/14, 21:14:53.717, 73594288377, testhost.dll, SocketCommunicationManager : SetupClientAsync : Attempting to connect to the server.
TpTrace Verbose: 0 : 760, 6, 2023/12/14, 21:14:53.718, 73594298439, testhost.dll, MulticastDelegateUtilities.SafeInvoke: SocketClient: ServerConnected: Invoking callback 1/1 for Microsoft.VisualStudio.TestPlatform.CommunicationUtilities.TestRequestHandler., took 0 ms.
TpTrace Verbose: 0 : 760, 6, 2023/12/14, 21:14:53.718, 73594299385, testhost.dll, Connected to server, and starting MessageLoopAsync
TpTrace Information: 0 : 760, 10, 2023/12/14, 21:14:53.718, 73594299905, testhost.dll, Connected to the server successfully 
TpTrace Information: 0 : 760, 10, 2023/12/14, 21:14:53.718, 73594300695, testhost.dll, Using the buffer size of 16384 bytes
TpTrace Verbose: 0 : 760, 1, 2023/12/14, 21:14:53.718, 73594301354, testhost.dll, SocketCommunicationManager.WaitForServerConnection took: 0 ms, with 90000 ms timeout, and finished with True.
TpTrace Information: 0 : 760, 1, 2023/12/14, 21:14:53.718, 73594302811, testhost.dll, DefaultEngineInvoker.Invoke: Start Request Processing.
TpTrace Information: 0 : 760, 11, 2023/12/14, 21:14:53.719, 73594308654, testhost.dll, DefaultEngineInvoker.StartProcessingAsync: Connected to vstest.console, Starting process requests.
TpTrace Verbose: 0 : 760, 6, 2023/12/14, 21:14:53.720, 73594319508, testhost.dll, TcpClientExtensions.MessageLoopAsync: Polling on remoteEndPoint: [::ffff:127.0.0.1]:50900 localEndPoint: [::ffff:127.0.0.1]:50901
TpTrace Verbose: 0 : 760, 6, 2023/12/14, 21:14:53.720, 73594322386, testhost.dll, TcpClientExtensions.MessageLoopAsync: NotifyDataAvailable remoteEndPoint: [::ffff:127.0.0.1]:50900 localEndPoint: [::ffff:127.0.0.1]:50901
TpTrace Information: 0 : 760, 6, 2023/12/14, 21:14:53.723, 73594351709, testhost.dll, TestRequestHandler.OnMessageReceived: received message: (ProtocolVersion) -> {"MessageType":"ProtocolVersion","Payload":7}
TpTrace Verbose: 0 : 760, 6, 2023/12/14, 21:14:53.836, 73595478972, testhost.dll, TestRequestHandler.SendData: sending data from testhost: {"Version":7,"MessageType":"TestSession.Message","Payload":{"MessageLevel":0,"Message":"Logging TestHost Diagnostics in file: C:\\Users\\Asmir\\source\\repos\\VVS-projekat\\Testovi1\\bin\\Debug\\net5.0\\fine-code-coverage\\coverage-tool-output\\diagnostics.host.23-12-14_21-14-53_50310_5.log"}}
TpTrace Verbose: 0 : 760, 6, 2023/12/14, 21:14:53.836, 73595480681, testhost.dll, MulticastDelegateUtilities.SafeInvoke: LengthPrefixCommunicationChannel: MessageReceived: Invoking callback 1/1 for Microsoft.VisualStudio.TestPlatform.CommunicationUtilities.TestRequestHandler., took 114 ms.
TpTrace Verbose: 0 : 760, 6, 2023/12/14, 21:14:53.836, 73595481085, testhost.dll, TcpClientExtensions.MessageLoopAsync: Polling on remoteEndPoint: [::ffff:127.0.0.1]:50900 localEndPoint: [::ffff:127.0.0.1]:50901
TpTrace Verbose: 0 : 760, 6, 2023/12/14, 21:14:53.836, 73595481390, testhost.dll, TcpClientExtensions.MessageLoopAsync: NotifyDataAvailable remoteEndPoint: [::ffff:127.0.0.1]:50900 localEndPoint: [::ffff:127.0.0.1]:50901
TpTrace Information: 0 : 760, 6, 2023/12/14, 21:14:53.836, 73595483590, testhost.dll, TestRequestHandler.OnMessageReceived: received message: (TestExecution.Initialize) -> {"Version":7,"MessageType":"TestExecution.Initialize","Payload":["C:\\Users\\Asmir\\source\\repos\\VVS-projekat\\Testovi1\\bin\\Debug\\net5.0\\fine-code-coverage\\build-output\\Microsoft.VisualStudio.TestPlatform.MSTest.TestAdapter.dll"]}
TpTrace Verbose: 0 : 760, 6, 2023/12/14, 21:14:53.844, 73595555986, testhost.dll, MulticastDelegateUtilities.SafeInvoke: LengthPrefixCommunicationChannel: MessageReceived: Invoking callback 1/1 for Microsoft.VisualStudio.TestPlatform.CommunicationUtilities.TestRequestHandler., took 7 ms.
TpTrace Verbose: 0 : 760, 6, 2023/12/14, 21:14:53.844, 73595556792, testhost.dll, TcpClientExtensions.MessageLoopAsync: Polling on remoteEndPoint: [::ffff:127.0.0.1]:50900 localEndPoint: [::ffff:127.0.0.1]:50901
TpTrace Information: 0 : 760, 4, 2023/12/14, 21:14:53.844, 73595561829, testhost.dll, TestRequestHandler.OnMessageReceived: Running job 'TestExecution.Initialize'.
TpTrace Verbose: 0 : 760, 6, 2023/12/14, 21:14:53.844, 73595565740, testhost.dll, TcpClientExtensions.MessageLoopAsync: NotifyDataAvailable remoteEndPoint: [::ffff:127.0.0.1]:50900 localEndPoint: [::ffff:127.0.0.1]:50901
TpTrace Information: 0 : 760, 6, 2023/12/14, 21:14:53.845, 73595567020, testhost.dll, TestRequestHandler.OnMessageReceived: received message: (TestExecution.StartWithSources) -> {"Version":7,"MessageType":"TestExecution.StartWithSources","Payload":{"AdapterSourceMap":{"_none_":["C:\\Users\\Asmir\\source\\repos\\VVS-projekat\\Testovi1\\bin\\Debug\\net5.0\\fine-code-coverage\\build-output\\Testovi1.dll"]},"RunSettings":"<RunSettings>\r\n  <RunConfiguration>\r\n    <ResultsDirectory>C:\\Users\\Asmir\\source\\repos\\VVS-projekat\\Testovi1\\bin\\Debug\\net5.0\\fine-code-coverage\\coverage-tool-output</ResultsDirectory>\r\n    <TargetFrameworkVersion>.NETCoreApp,Version=v5.0</TargetFrameworkVersion>\r\n    <DesignMode>False</DesignMode>\r\n    <CollectSourceInformation>False</CollectSourceInformation>\r\n  </RunConfiguration>\r\n  <LoggerRunSettings>\r\n    <Loggers>\r\n      <Logger friendlyName=\"blame\" enabled=\"True\" />\r\n      <Logger friendlyName=\"Console\" uri=\"logger://microsoft/TestPlatform/ConsoleLogger/v1\" assemblyQualifiedName=\"Microsoft.VisualStudio.TestPlatform.CommandLine.Internal.ConsoleLogger, vstest.console, Version=15.0.0.0, Culture=neutral, PublicKeyToken=b03f5f7f11d50a3a\" codeBase=\"C:\\Program Files\\dotnet\\sdk\\7.0.403\\vstest.console.dll\" enabled=\"True\" />\r\n    </Loggers>\r\n  </LoggerRunSettings>\r\n  <DataCollectionRunSettings>\r\n    <DataCollectors>\r\n      <DataCollector friendlyName=\"blame\" enabled=\"True\">\r\n        <Configuration>\r\n          <ResultsDirectory>C:\\Users\\Asmir\\source\\repos\\VVS-projekat\\Testovi1\\bin\\Debug\\net5.0\\fine-code-coverage\\coverage-tool-output</ResultsDirectory>\r\n        </Configuration>\r\n      </DataCollector>\r\n    </DataCollectors>\r\n  </DataCollectionRunSettings>\r\n</RunSettings>","TestExecutionContext":{"FrequencyOfRunStatsChangeEvent":10,"RunStatsChangeEventTimeout":"00:00:01.5000000","InIsolation":false,"KeepAlive":false,"AreTestCaseLevelEventsRequired":false,"IsDebug":false,"TestCaseFilter":null,"FilterOptions":null},"Package":null}}
TpTrace Verbose: 0 : 760, 4, 2023/12/14, 21:14:53.846, 73595576613, testhost.dll, TestExecutorService: Loading the extensions
TpTrace Verbose: 0 : 760, 4, 2023/12/14, 21:14:53.847, 73595587581, testhost.dll, TestPluginCache.DiscoverTestExtensions: finding test extensions in assemblies ends with: TestAdapter.dll TPluginInfo: Microsoft.VisualStudio.TestPlatform.Common.ExtensionFramework.Utilities.TestExecutorPluginInformation TExtension: Microsoft.VisualStudio.TestPlatform.ObjectModel.Adapter.ITestExecutor
TpTrace Verbose: 0 : 760, 4, 2023/12/14, 21:14:53.848, 73595597825, testhost.dll, TestPluginCache.GetExtensionPaths: Filtered extension paths: 
TpTrace Verbose: 0 : 760, 4, 2023/12/14, 21:14:53.848, 73595601060, testhost.dll, TestPluginCache.GetExtensionPaths: Added default extension paths: C:\Users\Asmir\source\repos\VVS-projekat\Testovi1\bin\Debug\net5.0\fine-code-coverage\build-output\Microsoft.VisualStudio.TestPlatform.MSTest.TestAdapter.dll
TpTrace Verbose: 0 : 760, 4, 2023/12/14, 21:14:53.848, 73595601565, testhost.dll, TestPluginCache.GetExtensionPaths: Added unfilterableExtensionPaths: 
TpTrace Information: 0 : 760, 4, 2023/12/14, 21:14:53.849, 73595612932, testhost.dll, AssemblyResolver.ctor: Creating AssemblyResolver with searchDirectories C:\Users\Asmir\source\repos\VVS-projekat\Testovi1\bin\Debug\net5.0\fine-code-coverage\build-output
TpTrace Verbose: 0 : 760, 4, 2023/12/14, 21:14:53.851, 73595626281, testhost.dll, TestPluginCache.DiscoverTestExtensions: Discovering the extensions using extension path.
TpTrace Verbose: 0 : 760, 4, 2023/12/14, 21:14:53.851, 73595627567, testhost.dll, TestPluginCache.GetExtensionPaths: Filtered extension paths: 
TpTrace Verbose: 0 : 760, 4, 2023/12/14, 21:14:53.851, 73595627843, testhost.dll, TestPluginCache.GetExtensionPaths: Added default extension paths: C:\Users\Asmir\source\repos\VVS-projekat\Testovi1\bin\Debug\net5.0\fine-code-coverage\build-output\Microsoft.VisualStudio.TestPlatform.MSTest.TestAdapter.dll
TpTrace Verbose: 0 : 760, 4, 2023/12/14, 21:14:53.851, 73595628034, testhost.dll, TestPluginCache.GetExtensionPaths: Added unfilterableExtensionPaths: 
TpTrace Verbose: 0 : 760, 4, 2023/12/14, 21:14:53.851, 73595628483, testhost.dll, TestPluginCache.DiscoverTestExtensions: Discovering the extensions using allExtensionPaths: C:\Users\Asmir\source\repos\VVS-projekat\Testovi1\bin\Debug\net5.0\fine-code-coverage\build-output\Microsoft.VisualStudio.TestPlatform.MSTest.TestAdapter.dll
TpTrace Information: 0 : 760, 4, 2023/12/14, 21:14:53.851, 73595634865, testhost.dll, AssemblyResolver.AddSearchDirectories: Adding more searchDirectories C:\Users\Asmir\source\repos\VVS-projekat\Testovi1\bin\Debug\net5.0\fine-code-coverage\build-output
TpTrace Information: 0 : 760, 4, 2023/12/14, 21:14:53.855, 73595667837, testhost.dll, AssemblyResolver.OnResolve: Microsoft.VisualStudio.TestPlatform.MSTest.TestAdapter: Resolving assembly.
TpTrace Information: 0 : 760, 4, 2023/12/14, 21:14:53.855, 73595669017, testhost.dll, AssemblyResolver.OnResolve: Microsoft.VisualStudio.TestPlatform.MSTest.TestAdapter: Searching in: 'C:\Users\Asmir\source\repos\VVS-projekat\Testovi1\bin\Debug\net5.0\fine-code-coverage\build-output'.
TpTrace Information: 0 : 760, 4, 2023/12/14, 21:14:53.856, 73595677789, testhost.dll, AssemblyResolver.OnResolve: Microsoft.VisualStudio.TestPlatform.MSTest.TestAdapter: Loading assembly 'C:\Users\Asmir\source\repos\VVS-projekat\Testovi1\bin\Debug\net5.0\fine-code-coverage\build-output\Microsoft.VisualStudio.TestPlatform.MSTest.TestAdapter.dll'.
TpTrace Information: 0 : 760, 4, 2023/12/14, 21:14:53.856, 73595683778, testhost.dll, AssemblyResolver.OnResolve: Resolved assembly: Microsoft.VisualStudio.TestPlatform.MSTest.TestAdapter, from path: C:\Users\Asmir\source\repos\VVS-projekat\Testovi1\bin\Debug\net5.0\fine-code-coverage\build-output\Microsoft.VisualStudio.TestPlatform.MSTest.TestAdapter.dll
TpTrace Verbose: 0 : 760, 4, 2023/12/14, 21:14:53.863, 73595753133, testhost.dll, MetadataReaderExtensionsHelper: Discovering extensions inside assembly 'Microsoft.VisualStudio.TestPlatform.MSTest.TestAdapter, Version=14.0.0.0, Culture=neutral, PublicKeyToken=b03f5f7f11d50a3a' file path 'C:\Users\Asmir\source\repos\VVS-projekat\Testovi1\bin\Debug\net5.0\fine-code-coverage\build-output\Microsoft.VisualStudio.TestPlatform.MSTest.TestAdapter.dll'
TpTrace Verbose: 0 : 760, 6, 2023/12/14, 21:14:53.868, 73595799702, testhost.dll, MulticastDelegateUtilities.SafeInvoke: LengthPrefixCommunicationChannel: MessageReceived: Invoking callback 1/1 for Microsoft.VisualStudio.TestPlatform.CommunicationUtilities.TestRequestHandler., took 23 ms.
TpTrace Verbose: 0 : 760, 6, 2023/12/14, 21:14:53.868, 73595800617, testhost.dll, TcpClientExtensions.MessageLoopAsync: Polling on remoteEndPoint: [::ffff:127.0.0.1]:50900 localEndPoint: [::ffff:127.0.0.1]:50901
TpTrace Information: 0 : 760, 4, 2023/12/14, 21:14:53.871, 73595832544, testhost.dll, GetTestExtensionFromType: Register extension with identifier data 'executor://MSTestAdapter/v2' and type 'Microsoft.VisualStudio.TestPlatform.MSTest.TestAdapter.MSTestExecutor, Microsoft.VisualStudio.TestPlatform.MSTest.TestAdapter, Version=14.0.0.0, Culture=neutral, PublicKeyToken=b03f5f7f11d50a3a' inside file 'C:\Users\Asmir\source\repos\VVS-projekat\Testovi1\bin\Debug\net5.0\fine-code-coverage\build-output\Microsoft.VisualStudio.TestPlatform.MSTest.TestAdapter.dll'
TpTrace Verbose: 0 : 760, 4, 2023/12/14, 21:14:53.873, 73595850781, testhost.dll, TestPluginCache: Discovered the extensions using extension path ''.
TpTrace Verbose: 0 : 760, 4, 2023/12/14, 21:14:53.873, 73595855007, testhost.dll, TestPluginCache: Discoverers are ''.
TpTrace Verbose: 0 : 760, 4, 2023/12/14, 21:14:53.873, 73595855612, testhost.dll, TestPluginCache: Executors are 'executor://MSTestAdapter/v2'.
TpTrace Verbose: 0 : 760, 4, 2023/12/14, 21:14:53.874, 73595856023, testhost.dll, TestPluginCache: Executors2 are ''.
TpTrace Verbose: 0 : 760, 4, 2023/12/14, 21:14:53.874, 73595856474, testhost.dll, TestPluginCache: Setting providers are ''.
TpTrace Verbose: 0 : 760, 4, 2023/12/14, 21:14:53.874, 73595856869, testhost.dll, TestPluginCache: Loggers are ''.
TpTrace Verbose: 0 : 760, 4, 2023/12/14, 21:14:53.874, 73595857236, testhost.dll, TestPluginCache: TestHosts are ''.
TpTrace Verbose: 0 : 760, 4, 2023/12/14, 21:14:53.874, 73595857604, testhost.dll, TestPluginCache: DataCollectors are ''.
TpTrace Verbose: 0 : 760, 4, 2023/12/14, 21:14:53.876, 73595879269, testhost.dll, TestPluginCache.DiscoverTestExtensions: finding test extensions in assemblies ends with: TestAdapter.dll TPluginInfo: Microsoft.VisualStudio.TestPlatform.Common.ExtensionFramework.Utilities.TestExecutorPluginInformation2 TExtension: Microsoft.VisualStudio.TestPlatform.ObjectModel.Adapter.ITestExecutor2
TpTrace Verbose: 0 : 760, 4, 2023/12/14, 21:14:53.876, 73595881877, testhost.dll, TestPluginCache.GetExtensionPaths: Filtered extension paths: 
TpTrace Verbose: 0 : 760, 4, 2023/12/14, 21:14:53.876, 73595882320, testhost.dll, TestPluginCache.GetExtensionPaths: Added default extension paths: C:\Users\Asmir\source\repos\VVS-projekat\Testovi1\bin\Debug\net5.0\fine-code-coverage\build-output\Microsoft.VisualStudio.TestPlatform.MSTest.TestAdapter.dll
TpTrace Verbose: 0 : 760, 4, 2023/12/14, 21:14:53.876, 73595882513, testhost.dll, TestPluginCache.GetExtensionPaths: Added unfilterableExtensionPaths: 
TpTrace Information: 0 : 760, 4, 2023/12/14, 21:14:53.876, 73595884068, testhost.dll, AssemblyResolver.AddSearchDirectories: Adding more searchDirectories C:\Users\Asmir\source\repos\VVS-projekat\Testovi1\bin\Debug\net5.0\fine-code-coverage\build-output
TpTrace Verbose: 0 : 760, 4, 2023/12/14, 21:14:53.876, 73595884980, testhost.dll, TestPluginCache.DiscoverTestExtensions: Discovering the extensions using extension path.
TpTrace Verbose: 0 : 760, 4, 2023/12/14, 21:14:53.876, 73595885231, testhost.dll, TestPluginCache.GetExtensionPaths: Filtered extension paths: 
TpTrace Verbose: 0 : 760, 4, 2023/12/14, 21:14:53.876, 73595885408, testhost.dll, TestPluginCache.GetExtensionPaths: Added default extension paths: C:\Users\Asmir\source\repos\VVS-projekat\Testovi1\bin\Debug\net5.0\fine-code-coverage\build-output\Microsoft.VisualStudio.TestPlatform.MSTest.TestAdapter.dll
TpTrace Verbose: 0 : 760, 4, 2023/12/14, 21:14:53.876, 73595885626, testhost.dll, TestPluginCache.GetExtensionPaths: Added unfilterableExtensionPaths: 
TpTrace Verbose: 0 : 760, 4, 2023/12/14, 21:14:53.877, 73595885823, testhost.dll, TestPluginCache.DiscoverTestExtensions: Discovering the extensions using allExtensionPaths: C:\Users\Asmir\source\repos\VVS-projekat\Testovi1\bin\Debug\net5.0\fine-code-coverage\build-output\Microsoft.VisualStudio.TestPlatform.MSTest.TestAdapter.dll
TpTrace Information: 0 : 760, 4, 2023/12/14, 21:14:53.877, 73595886165, testhost.dll, AssemblyResolver.AddSearchDirectories: Adding more searchDirectories C:\Users\Asmir\source\repos\VVS-projekat\Testovi1\bin\Debug\net5.0\fine-code-coverage\build-output
TpTrace Verbose: 0 : 760, 4, 2023/12/14, 21:14:53.877, 73595886876, testhost.dll, MetadataReaderExtensionsHelper: Discovering extensions inside assembly 'Microsoft.VisualStudio.TestPlatform.MSTest.TestAdapter, Version=14.0.0.0, Culture=neutral, PublicKeyToken=b03f5f7f11d50a3a' file path 'C:\Users\Asmir\source\repos\VVS-projekat\Testovi1\bin\Debug\net5.0\fine-code-coverage\build-output\Microsoft.VisualStudio.TestPlatform.MSTest.TestAdapter.dll'
TpTrace Verbose: 0 : 760, 4, 2023/12/14, 21:14:53.877, 73595892546, testhost.dll, TestPluginCache: Discovered the extensions using extension path ''.
TpTrace Verbose: 0 : 760, 4, 2023/12/14, 21:14:53.877, 73595893389, testhost.dll, TestPluginCache: Discoverers are ''.
TpTrace Verbose: 0 : 760, 4, 2023/12/14, 21:14:53.877, 73595893689, testhost.dll, TestPluginCache: Executors are 'executor://MSTestAdapter/v2'.
TpTrace Verbose: 0 : 760, 4, 2023/12/14, 21:14:53.877, 73595894332, testhost.dll, TestPluginCache: Executors2 are ''.
TpTrace Verbose: 0 : 760, 4, 2023/12/14, 21:14:53.877, 73595894516, testhost.dll, TestPluginCache: Setting providers are ''.
TpTrace Verbose: 0 : 760, 4, 2023/12/14, 21:14:53.877, 73595894671, testhost.dll, TestPluginCache: Loggers are ''.
TpTrace Verbose: 0 : 760, 4, 2023/12/14, 21:14:53.877, 73595894820, testhost.dll, TestPluginCache: TestHosts are ''.
TpTrace Verbose: 0 : 760, 4, 2023/12/14, 21:14:53.877, 73595894970, testhost.dll, TestPluginCache: DataCollectors are ''.
TpTrace Information: 0 : 760, 4, 2023/12/14, 21:14:53.881, 73595934004, testhost.dll, TestPluginManager.CreateTestExtension: Attempting to load test extension: Microsoft.VisualStudio.TestPlatform.MSTest.TestAdapter.MSTestExecutor
TpTrace Verbose: 0 : 760, 4, 2023/12/14, 21:14:53.888, 73595999571, testhost.dll, TestExecutorExtensionManager: Loading executor Microsoft.VisualStudio.TestPlatform.Common.ExtensionDecorators.SerialTestRunDecorator
TpTrace Verbose: 0 : 760, 4, 2023/12/14, 21:14:53.888, 73596000530, testhost.dll, TestExecutorService: Loaded the executors
TpTrace Verbose: 0 : 760, 4, 2023/12/14, 21:14:53.889, 73596009865, testhost.dll, TestPluginCache.DiscoverTestExtensions: finding test extensions in assemblies ends with: TestAdapter.dll TPluginInfo: Microsoft.VisualStudio.TestPlatform.Common.ExtensionFramework.Utilities.TestSettingsProviderPluginInformation TExtension: Microsoft.VisualStudio.TestPlatform.ObjectModel.Adapter.ISettingsProvider
TpTrace Verbose: 0 : 760, 4, 2023/12/14, 21:14:53.889, 73596011301, testhost.dll, TestPluginCache.GetExtensionPaths: Filtered extension paths: 
TpTrace Verbose: 0 : 760, 4, 2023/12/14, 21:14:53.889, 73596011599, testhost.dll, TestPluginCache.GetExtensionPaths: Added default extension paths: C:\Users\Asmir\source\repos\VVS-projekat\Testovi1\bin\Debug\net5.0\fine-code-coverage\build-output\Microsoft.VisualStudio.TestPlatform.MSTest.TestAdapter.dll
TpTrace Verbose: 0 : 760, 4, 2023/12/14, 21:14:53.889, 73596011936, testhost.dll, TestPluginCache.GetExtensionPaths: Added unfilterableExtensionPaths: 
TpTrace Information: 0 : 760, 4, 2023/12/14, 21:14:53.889, 73596013270, testhost.dll, AssemblyResolver.AddSearchDirectories: Adding more searchDirectories C:\Users\Asmir\source\repos\VVS-projekat\Testovi1\bin\Debug\net5.0\fine-code-coverage\build-output
TpTrace Verbose: 0 : 760, 4, 2023/12/14, 21:14:53.889, 73596013613, testhost.dll, TestPluginCache.DiscoverTestExtensions: Discovering the extensions using extension path.
TpTrace Verbose: 0 : 760, 4, 2023/12/14, 21:14:53.889, 73596013820, testhost.dll, TestPluginCache.GetExtensionPaths: Filtered extension paths: 
TpTrace Verbose: 0 : 760, 4, 2023/12/14, 21:14:53.889, 73596014042, testhost.dll, TestPluginCache.GetExtensionPaths: Added default extension paths: C:\Users\Asmir\source\repos\VVS-projekat\Testovi1\bin\Debug\net5.0\fine-code-coverage\build-output\Microsoft.VisualStudio.TestPlatform.MSTest.TestAdapter.dll
TpTrace Verbose: 0 : 760, 4, 2023/12/14, 21:14:53.889, 73596014227, testhost.dll, TestPluginCache.GetExtensionPaths: Added unfilterableExtensionPaths: 
TpTrace Verbose: 0 : 760, 4, 2023/12/14, 21:14:53.889, 73596014415, testhost.dll, TestPluginCache.DiscoverTestExtensions: Discovering the extensions using allExtensionPaths: C:\Users\Asmir\source\repos\VVS-projekat\Testovi1\bin\Debug\net5.0\fine-code-coverage\build-output\Microsoft.VisualStudio.TestPlatform.MSTest.TestAdapter.dll
TpTrace Information: 0 : 760, 4, 2023/12/14, 21:14:53.889, 73596014872, testhost.dll, AssemblyResolver.AddSearchDirectories: Adding more searchDirectories C:\Users\Asmir\source\repos\VVS-projekat\Testovi1\bin\Debug\net5.0\fine-code-coverage\build-output
TpTrace Verbose: 0 : 760, 4, 2023/12/14, 21:14:53.889, 73596015578, testhost.dll, MetadataReaderExtensionsHelper: Discovering extensions inside assembly 'Microsoft.VisualStudio.TestPlatform.MSTest.TestAdapter, Version=14.0.0.0, Culture=neutral, PublicKeyToken=b03f5f7f11d50a3a' file path 'C:\Users\Asmir\source\repos\VVS-projekat\Testovi1\bin\Debug\net5.0\fine-code-coverage\build-output\Microsoft.VisualStudio.TestPlatform.MSTest.TestAdapter.dll'
TpTrace Verbose: 0 : 760, 4, 2023/12/14, 21:14:53.890, 73596020420, testhost.dll, TestPluginCache: Discovered the extensions using extension path ''.
TpTrace Verbose: 0 : 760, 4, 2023/12/14, 21:14:53.890, 73596021135, testhost.dll, TestPluginCache: Discoverers are ''.
TpTrace Verbose: 0 : 760, 4, 2023/12/14, 21:14:53.890, 73596021354, testhost.dll, TestPluginCache: Executors are 'executor://MSTestAdapter/v2'.
TpTrace Verbose: 0 : 760, 4, 2023/12/14, 21:14:53.890, 73596021540, testhost.dll, TestPluginCache: Executors2 are ''.
TpTrace Verbose: 0 : 760, 4, 2023/12/14, 21:14:53.890, 73596021837, testhost.dll, TestPluginCache: Setting providers are ''.
TpTrace Verbose: 0 : 760, 4, 2023/12/14, 21:14:53.890, 73596022017, testhost.dll, TestPluginCache: Loggers are ''.
TpTrace Verbose: 0 : 760, 4, 2023/12/14, 21:14:53.890, 73596022196, testhost.dll, TestPluginCache: TestHosts are ''.
TpTrace Verbose: 0 : 760, 4, 2023/12/14, 21:14:53.890, 73596022376, testhost.dll, TestPluginCache: DataCollectors are ''.
TpTrace Verbose: 0 : 760, 4, 2023/12/14, 21:14:53.891, 73596030393, testhost.dll, TestExecutorService: Loaded the settings providers
TpTrace Information: 0 : 760, 4, 2023/12/14, 21:14:53.891, 73596031011, testhost.dll, TestExecutorService: Loaded the extensions
TpTrace Information: 0 : 760, 4, 2023/12/14, 21:14:53.891, 73596034875, testhost.dll, TestRequestHandler.OnMessageReceived: Running job 'TestExecution.StartWithSources'.
TpTrace Verbose: 0 : 760, 4, 2023/12/14, 21:14:53.940, 73596516245, testhost.dll, MulticastDelegateUtilities.SafeInvoke: TestCaseEventsHandler.RaiseSessionStart: Invoking callbacks was skipped because there are no subscribers.
TpTrace Information: 0 : 760, 4, 2023/12/14, 21:14:53.942, 73596545638, testhost.dll, TestDiscoveryManager: Discovering tests from sources C:\Users\Asmir\source\repos\VVS-projekat\Testovi1\bin\Debug\net5.0\fine-code-coverage\build-output\Testovi1.dll
TpTrace Verbose: 0 : 760, 4, 2023/12/14, 21:14:53.944, 73596563836, testhost.dll, TestPluginCache.DiscoverTestExtensions: finding test extensions in assemblies ends with: TestAdapter.dll TPluginInfo: Microsoft.VisualStudio.TestPlatform.Common.ExtensionFramework.Utilities.TestDiscovererPluginInformation TExtension: Microsoft.VisualStudio.TestPlatform.ObjectModel.Adapter.ITestDiscoverer
TpTrace Verbose: 0 : 760, 4, 2023/12/14, 21:14:53.944, 73596564800, testhost.dll, TestPluginCache.GetExtensionPaths: Filtered extension paths: 
TpTrace Verbose: 0 : 760, 4, 2023/12/14, 21:14:53.944, 73596565036, testhost.dll, TestPluginCache.GetExtensionPaths: Added default extension paths: C:\Users\Asmir\source\repos\VVS-projekat\Testovi1\bin\Debug\net5.0\fine-code-coverage\build-output\Microsoft.VisualStudio.TestPlatform.MSTest.TestAdapter.dll
TpTrace Verbose: 0 : 760, 4, 2023/12/14, 21:14:53.944, 73596565207, testhost.dll, TestPluginCache.GetExtensionPaths: Added unfilterableExtensionPaths: 
TpTrace Information: 0 : 760, 4, 2023/12/14, 21:14:53.945, 73596566238, testhost.dll, AssemblyResolver.AddSearchDirectories: Adding more searchDirectories C:\Users\Asmir\source\repos\VVS-projekat\Testovi1\bin\Debug\net5.0\fine-code-coverage\build-output
TpTrace Verbose: 0 : 760, 4, 2023/12/14, 21:14:53.945, 73596566528, testhost.dll, TestPluginCache.DiscoverTestExtensions: Discovering the extensions using extension path.
TpTrace Verbose: 0 : 760, 4, 2023/12/14, 21:14:53.945, 73596566712, testhost.dll, TestPluginCache.GetExtensionPaths: Filtered extension paths: 
TpTrace Verbose: 0 : 760, 4, 2023/12/14, 21:14:53.945, 73596566880, testhost.dll, TestPluginCache.GetExtensionPaths: Added default extension paths: C:\Users\Asmir\source\repos\VVS-projekat\Testovi1\bin\Debug\net5.0\fine-code-coverage\build-output\Microsoft.VisualStudio.TestPlatform.MSTest.TestAdapter.dll
TpTrace Verbose: 0 : 760, 4, 2023/12/14, 21:14:53.945, 73596567041, testhost.dll, TestPluginCache.GetExtensionPaths: Added unfilterableExtensionPaths: 
TpTrace Verbose: 0 : 760, 4, 2023/12/14, 21:14:53.945, 73596567209, testhost.dll, TestPluginCache.DiscoverTestExtensions: Discovering the extensions using allExtensionPaths: C:\Users\Asmir\source\repos\VVS-projekat\Testovi1\bin\Debug\net5.0\fine-code-coverage\build-output\Microsoft.VisualStudio.TestPlatform.MSTest.TestAdapter.dll
TpTrace Information: 0 : 760, 4, 2023/12/14, 21:14:53.945, 73596567466, testhost.dll, AssemblyResolver.AddSearchDirectories: Adding more searchDirectories C:\Users\Asmir\source\repos\VVS-projekat\Testovi1\bin\Debug\net5.0\fine-code-coverage\build-output
TpTrace Verbose: 0 : 760, 4, 2023/12/14, 21:14:53.945, 73596568042, testhost.dll, MetadataReaderExtensionsHelper: Discovering extensions inside assembly 'Microsoft.VisualStudio.TestPlatform.MSTest.TestAdapter, Version=14.0.0.0, Culture=neutral, PublicKeyToken=b03f5f7f11d50a3a' file path 'C:\Users\Asmir\source\repos\VVS-projekat\Testovi1\bin\Debug\net5.0\fine-code-coverage\build-output\Microsoft.VisualStudio.TestPlatform.MSTest.TestAdapter.dll'
TpTrace Information: 0 : 760, 4, 2023/12/14, 21:14:53.947, 73596587710, testhost.dll, GetTestExtensionFromType: Register extension with identifier data 'Microsoft.VisualStudio.TestPlatform.MSTest.TestAdapter.MSTestDiscoverer, Microsoft.VisualStudio.TestPlatform.MSTest.TestAdapter, Version=14.0.0.0, Culture=neutral, PublicKeyToken=b03f5f7f11d50a3a' and type 'Microsoft.VisualStudio.TestPlatform.MSTest.TestAdapter.MSTestDiscoverer, Microsoft.VisualStudio.TestPlatform.MSTest.TestAdapter, Version=14.0.0.0, Culture=neutral, PublicKeyToken=b03f5f7f11d50a3a' inside file 'C:\Users\Asmir\source\repos\VVS-projekat\Testovi1\bin\Debug\net5.0\fine-code-coverage\build-output\Microsoft.VisualStudio.TestPlatform.MSTest.TestAdapter.dll'
TpTrace Verbose: 0 : 760, 4, 2023/12/14, 21:14:53.947, 73596589225, testhost.dll, TestPluginCache: Discovered the extensions using extension path ''.
TpTrace Verbose: 0 : 760, 4, 2023/12/14, 21:14:53.947, 73596589682, testhost.dll, TestPluginCache: Discoverers are 'Microsoft.VisualStudio.TestPlatform.MSTest.TestAdapter.MSTestDiscoverer, Microsoft.VisualStudio.TestPlatform.MSTest.TestAdapter, Version=14.0.0.0, Culture=neutral, PublicKeyToken=b03f5f7f11d50a3a'.
TpTrace Verbose: 0 : 760, 4, 2023/12/14, 21:14:53.947, 73596589891, testhost.dll, TestPluginCache: Executors are 'executor://MSTestAdapter/v2'.
TpTrace Verbose: 0 : 760, 4, 2023/12/14, 21:14:53.947, 73596590064, testhost.dll, TestPluginCache: Executors2 are ''.
TpTrace Verbose: 0 : 760, 4, 2023/12/14, 21:14:53.947, 73596590217, testhost.dll, TestPluginCache: Setting providers are ''.
TpTrace Verbose: 0 : 760, 4, 2023/12/14, 21:14:53.947, 73596590371, testhost.dll, TestPluginCache: Loggers are ''.
TpTrace Verbose: 0 : 760, 4, 2023/12/14, 21:14:53.947, 73596590529, testhost.dll, TestPluginCache: TestHosts are ''.
TpTrace Verbose: 0 : 760, 4, 2023/12/14, 21:14:53.947, 73596590679, testhost.dll, TestPluginCache: DataCollectors are ''.
TpTrace Verbose: 0 : 760, 4, 2023/12/14, 21:14:53.951, 73596633506, testhost.dll, BaseRunTests.RunTestInternalWithExecutors: Running tests for executor://MSTestAdapter/v2
TpTrace Information: 0 : 760, 4, 2023/12/14, 21:14:53.953, 73596654380, testhost.dll, AssemblyResolver.OnResolve: Microsoft.VisualStudio.TestPlatform.MSTestAdapter.PlatformServices.Interface: Resolving assembly.
TpTrace Information: 0 : 760, 4, 2023/12/14, 21:14:53.953, 73596655237, testhost.dll, AssemblyResolver.OnResolve: Microsoft.VisualStudio.TestPlatform.MSTestAdapter.PlatformServices.Interface: Searching in: 'C:\Users\Asmir\source\repos\VVS-projekat\Testovi1\bin\Debug\net5.0\fine-code-coverage\build-output'.
TpTrace Information: 0 : 760, 4, 2023/12/14, 21:14:53.954, 73596657416, testhost.dll, AssemblyResolver.OnResolve: Microsoft.VisualStudio.TestPlatform.MSTestAdapter.PlatformServices.Interface: Loading assembly 'C:\Users\Asmir\source\repos\VVS-projekat\Testovi1\bin\Debug\net5.0\fine-code-coverage\build-output\Microsoft.VisualStudio.TestPlatform.MSTestAdapter.PlatformServices.Interface.dll'.
TpTrace Information: 0 : 760, 4, 2023/12/14, 21:14:53.954, 73596659683, testhost.dll, AssemblyResolver.OnResolve: Resolved assembly: Microsoft.VisualStudio.TestPlatform.MSTestAdapter.PlatformServices.Interface, from path: C:\Users\Asmir\source\repos\VVS-projekat\Testovi1\bin\Debug\net5.0\fine-code-coverage\build-output\Microsoft.VisualStudio.TestPlatform.MSTestAdapter.PlatformServices.Interface.dll
TpTrace Information: 0 : 760, 4, 2023/12/14, 21:14:53.955, 73596667158, testhost.dll, AssemblyResolver.OnResolve: Microsoft.VisualStudio.TestPlatform.MSTestAdapter.PlatformServices: Resolving assembly.
TpTrace Information: 0 : 760, 4, 2023/12/14, 21:14:53.955, 73596667792, testhost.dll, AssemblyResolver.OnResolve: Microsoft.VisualStudio.TestPlatform.MSTestAdapter.PlatformServices: Searching in: 'C:\Users\Asmir\source\repos\VVS-projekat\Testovi1\bin\Debug\net5.0\fine-code-coverage\build-output'.
TpTrace Information: 0 : 760, 4, 2023/12/14, 21:14:53.955, 73596669756, testhost.dll, AssemblyResolver.OnResolve: Microsoft.VisualStudio.TestPlatform.MSTestAdapter.PlatformServices: Loading assembly 'C:\Users\Asmir\source\repos\VVS-projekat\Testovi1\bin\Debug\net5.0\fine-code-coverage\build-output\Microsoft.VisualStudio.TestPlatform.MSTestAdapter.PlatformServices.dll'.
TpTrace Information: 0 : 760, 4, 2023/12/14, 21:14:53.955, 73596672119, testhost.dll, AssemblyResolver.OnResolve: Resolved assembly: Microsoft.VisualStudio.TestPlatform.MSTestAdapter.PlatformServices, from path: C:\Users\Asmir\source\repos\VVS-projekat\Testovi1\bin\Debug\net5.0\fine-code-coverage\build-output\Microsoft.VisualStudio.TestPlatform.MSTestAdapter.PlatformServices.dll
TpTrace Information: 0 : 760, 4, 2023/12/14, 21:14:53.955, 73596674399, testhost.dll, MSTest - MSTestExecutor.RunTests: Running tests from sources.
TpTrace Information: 0 : 760, 4, 2023/12/14, 21:14:53.958, 73596699341, testhost.dll, MSTest - CollectSourceInformation value Found : False 
TpTrace Information: 0 : 760, 4, 2023/12/14, 21:14:53.970, 73596824154, testhost.dll, MSTest - DictionaryHelper.ConcatWithOverwrites: The source is null or empty, returning the overwrite dictionary.
TpTrace Information: 0 : 760, 4, 2023/12/14, 21:14:53.974, 73596858351, testhost.dll, MSTest - DictionaryHelper.ConcatWithOverwrites: The source is null or empty, returning the overwrite dictionary.
TpTrace Information: 0 : 760, 4, 2023/12/14, 21:14:53.978, 73596896567, testhost.dll, AssemblyResolver.OnResolve: Microsoft.TestPlatform.AdapterUtilities: Resolving assembly.
TpTrace Information: 0 : 760, 4, 2023/12/14, 21:14:53.978, 73596897459, testhost.dll, AssemblyResolver.OnResolve: Microsoft.TestPlatform.AdapterUtilities: Searching in: 'C:\Users\Asmir\source\repos\VVS-projekat\Testovi1\bin\Debug\net5.0\fine-code-coverage\build-output'.
TpTrace Information: 0 : 760, 4, 2023/12/14, 21:14:53.978, 73596899460, testhost.dll, AssemblyResolver.OnResolve: Microsoft.TestPlatform.AdapterUtilities: Loading assembly 'C:\Users\Asmir\source\repos\VVS-projekat\Testovi1\bin\Debug\net5.0\fine-code-coverage\build-output\Microsoft.TestPlatform.AdapterUtilities.dll'.
TpTrace Information: 0 : 760, 4, 2023/12/14, 21:14:53.978, 73596901986, testhost.dll, AssemblyResolver.OnResolve: Resolved assembly: Microsoft.TestPlatform.AdapterUtilities, from path: C:\Users\Asmir\source\repos\VVS-projekat\Testovi1\bin\Debug\net5.0\fine-code-coverage\build-output\Microsoft.TestPlatform.AdapterUtilities.dll
TpTrace Information: 0 : 760, 4, 2023/12/14, 21:14:53.994, 73597062610, testhost.dll, MSTest - DictionaryHelper.ConcatWithOverwrites: The source is null or empty, returning the overwrite dictionary.
TpTrace Information: 0 : 760, 4, 2023/12/14, 21:14:53.994, 73597063683, testhost.dll, MSTest - DictionaryHelper.ConcatWithOverwrites: The source is null or empty, returning the overwrite dictionary.
TpTrace Information: 0 : 760, 4, 2023/12/14, 21:14:53.994, 73597064041, testhost.dll, MSTest - DictionaryHelper.ConcatWithOverwrites: The source is null or empty, returning the overwrite dictionary.
TpTrace Information: 0 : 760, 4, 2023/12/14, 21:14:53.994, 73597064374, testhost.dll, MSTest - DictionaryHelper.ConcatWithOverwrites: The source is null or empty, returning the overwrite dictionary.
TpTrace Information: 0 : 760, 4, 2023/12/14, 21:14:53.994, 73597065281, testhost.dll, MSTest - MSTestDiscoverer: Found 3 tests from source C:\Users\Asmir\source\repos\VVS-projekat\Testovi1\bin\Debug\net5.0\fine-code-coverage\build-output\Testovi1.dll
TpTrace Information: 0 : 760, 4, 2023/12/14, 21:14:54.006, 73597176498, testhost.dll, AssemblyResolver.OnResolve: Microsoft.VisualStudio.TestPlatform.MSTestAdapter.PlatformServices.resources: Resolving assembly.
TpTrace Information: 0 : 760, 4, 2023/12/14, 21:14:54.006, 73597177319, testhost.dll, AssemblyResolver.OnResolve: Microsoft.VisualStudio.TestPlatform.MSTestAdapter.PlatformServices.resources: Searching in: 'C:\Users\Asmir\source\repos\VVS-projekat\Testovi1\bin\Debug\net5.0\fine-code-coverage\build-output'.
TpTrace Information: 0 : 760, 4, 2023/12/14, 21:14:54.006, 73597177974, testhost.dll, AssemblyResolver.OnResolve: Microsoft.VisualStudio.TestPlatform.MSTestAdapter.PlatformServices.resources: Assembly path does not exist: 'C:\Users\Asmir\source\repos\VVS-projekat\Testovi1\bin\Debug\net5.0\fine-code-coverage\build-output\Microsoft.VisualStudio.TestPlatform.MSTestAdapter.PlatformServices.resources.dll', returning.
TpTrace Information: 0 : 760, 4, 2023/12/14, 21:14:54.006, 73597178544, testhost.dll, AssemblyResolver.OnResolve: Microsoft.VisualStudio.TestPlatform.MSTestAdapter.PlatformServices.resources: Assembly path does not exist: 'C:\Users\Asmir\source\repos\VVS-projekat\Testovi1\bin\Debug\net5.0\fine-code-coverage\build-output\Microsoft.VisualStudio.TestPlatform.MSTestAdapter.PlatformServices.resources.exe', returning.
TpTrace Information: 0 : 760, 4, 2023/12/14, 21:14:54.006, 73597178757, testhost.dll, AssemblyResolver.OnResolve: Microsoft.VisualStudio.TestPlatform.MSTestAdapter.PlatformServices.resources: Failed to load assembly.
TpTrace Information: 0 : 760, 4, 2023/12/14, 21:14:54.006, 73597181154, testhost.dll, AssemblyResolver.OnResolve: Microsoft.VisualStudio.TestPlatform.MSTestAdapter.PlatformServices.resources: Resolving assembly.
TpTrace Information: 0 : 760, 4, 2023/12/14, 21:14:54.006, 73597181467, testhost.dll, AssemblyResolver.OnResolve: Microsoft.VisualStudio.TestPlatform.MSTestAdapter.PlatformServices.resources: Resolved from cache.
TpTrace Information: 0 : 760, 4, 2023/12/14, 21:14:54.013, 73597245948, testhost.dll, MSTest - Created unit-test runner C:\Users\Asmir\source\repos\VVS-projekat\Testovi1\bin\Debug\net5.0\fine-code-coverage\build-output\Testovi1.dll
TpTrace Verbose: 0 : 760, 4, 2023/12/14, 21:14:54.017, 73597286739, testhost.dll, TestExecutionRecorder.RecordStart: Starting test: Testovi1.UnitTest1.Index_ReturnsViewResult.
TpTrace Verbose: 0 : 760, 4, 2023/12/14, 21:14:54.082, 73597940969, testhost.dll, MulticastDelegateUtilities.SafeInvoke: TestCaseEventsHandler.RaiseTestCaseStart: Invoking callback 1/1 for Microsoft.VisualStudio.TestPlatform.CrossPlatEngine.DataCollection.ProxyOutOfProcDataCollectionManager., took 63 ms.
TpTrace Information: 0 : 760, 4, 2023/12/14, 21:14:54.082, 73597943608, testhost.dll, MSTest - Executing test Index_ReturnsViewResult
TpTrace Information: 0 : 760, 4, 2023/12/14, 21:14:54.111, 73598226978, testhost.dll, AssemblyResolver.OnResolve: Microsoft.VisualStudio.TestPlatform.MSTest.TestAdapter.resources: Resolving assembly.
TpTrace Information: 0 : 760, 4, 2023/12/14, 21:14:54.111, 73598227818, testhost.dll, AssemblyResolver.OnResolve: Microsoft.VisualStudio.TestPlatform.MSTest.TestAdapter.resources: Searching in: 'C:\Users\Asmir\source\repos\VVS-projekat\Testovi1\bin\Debug\net5.0\fine-code-coverage\build-output'.
TpTrace Information: 0 : 760, 4, 2023/12/14, 21:14:54.111, 73598228439, testhost.dll, AssemblyResolver.OnResolve: Microsoft.VisualStudio.TestPlatform.MSTest.TestAdapter.resources: Assembly path does not exist: 'C:\Users\Asmir\source\repos\VVS-projekat\Testovi1\bin\Debug\net5.0\fine-code-coverage\build-output\Microsoft.VisualStudio.TestPlatform.MSTest.TestAdapter.resources.dll', returning.
TpTrace Information: 0 : 760, 4, 2023/12/14, 21:14:54.111, 73598228851, testhost.dll, AssemblyResolver.OnResolve: Microsoft.VisualStudio.TestPlatform.MSTest.TestAdapter.resources: Assembly path does not exist: 'C:\Users\Asmir\source\repos\VVS-projekat\Testovi1\bin\Debug\net5.0\fine-code-coverage\build-output\Microsoft.VisualStudio.TestPlatform.MSTest.TestAdapter.resources.exe', returning.
TpTrace Information: 0 : 760, 4, 2023/12/14, 21:14:54.111, 73598229047, testhost.dll, AssemblyResolver.OnResolve: Microsoft.VisualStudio.TestPlatform.MSTest.TestAdapter.resources: Failed to load assembly.
TpTrace Information: 0 : 760, 4, 2023/12/14, 21:14:54.128, 73598397287, testhost.dll, MSTest - Executed test Index_ReturnsViewResult
TpTrace Verbose: 0 : 760, 4, 2023/12/14, 21:14:54.130, 73598425334, testhost.dll, TestExecutionRecorder.RecordEnd: test: Testovi1.UnitTest1.Index_ReturnsViewResult execution completed.
TpTrace Verbose: 0 : 760, 4, 2023/12/14, 21:14:54.145, 73598570793, testhost.dll, MulticastDelegateUtilities.SafeInvoke: TestCaseEventsHandler.RaiseTestCaseEnd: Invoking callback 1/1 for Microsoft.VisualStudio.TestPlatform.CrossPlatEngine.DataCollection.ProxyOutOfProcDataCollectionManager., took 13 ms.
TpTrace Information: 0 : 760, 4, 2023/12/14, 21:14:54.146, 73598577656, testhost.dll, MSTest - MSTestExecutor:Test Testovi1.UnitTest1.Index_ReturnsViewResult failed. ErrorMessage:Class Initialization method Testovi1.UnitTest1.Init threw exception. System.NotSupportedException: System.NotSupportedException: Unsupported expression: x => x.Book
Non-overridable members (here: ApplicationDbContext.get_Book) may not be used in setup / verification expressions.., ErrorStackTrace:   at Moq.Guard.IsOverridable(MethodInfo method, Expression expression) in C:\projects\moq4\src\Moq\Guard.cs:line 99
   at Moq.InvocationShape..ctor(LambdaExpression expression, MethodInfo method, IReadOnlyList`1 arguments, Boolean exactGenericTypeArguments, Boolean skipMatcherInitialization, Boolean allowNonOverridable) in C:\projects\moq4\src\Moq\InvocationShape.cs:line 82
   at Moq.ExpressionExtensions.<Split>g__Split|5_0(Expression e, Expression& r, InvocationShape& p, Boolean assignment, Boolean allowNonOverridableLastProperty) in C:\projects\moq4\src\Moq\ExpressionExtensions.cs:line 304
   at Moq.ExpressionExtensions.Split(LambdaExpression expression, Boolean allowNonOverridableLastProperty) in C:\projects\moq4\src\Moq\ExpressionExtensions.cs:line 148
   at Moq.Mock.SetupRecursive[TSetup](Mock mock, LambdaExpression expression, Func`4 setupLast, Boolean allowNonOverridableLastProperty) in C:\projects\moq4\src\Moq\Mock.cs:line 618
   at Moq.Mock.Setup(Mock mock, LambdaExpression expression, Condition condition) in C:\projects\moq4\src\Moq\Mock.cs:line 522
   at Moq.Mock`1.Setup[TResult](Expression`1 expression) in C:\projects\moq4\src\Moq\Mock.Generic.cs:line 468
   at Testovi1.UnitTest1.Init(TestContext context) in C:\Users\Asmir\source\repos\VVS-projekat\Testovi1\UnitTest1.cs:line 33
.
TpTrace Verbose: 0 : 760, 4, 2023/12/14, 21:14:54.146, 73598580176, testhost.dll, TestExecutionRecorder.RecordResult: Received result for test: Testovi1.UnitTest1.Index_ReturnsViewResult.
TpTrace Verbose: 0 : 760, 4, 2023/12/14, 21:14:54.147, 73598592319, testhost.dll, MulticastDelegateUtilities.SafeInvoke: TestCaseEventsHandler.RaiseTestCaseEnd: Invoking callback 1/1 for Microsoft.VisualStudio.TestPlatform.CrossPlatEngine.DataCollection.ProxyOutOfProcDataCollectionManager., took 1 ms.
TpTrace Warning: 0 : 760, 4, 2023/12/14, 21:14:54.149, 73598614658, testhost.dll, TestRunCache: InProgressTests is null
TpTrace Warning: 0 : 760, 4, 2023/12/14, 21:14:54.150, 73598616125, testhost.dll, TestRunCache: No test found corresponding to testResult '' in inProgress list.
TpTrace Verbose: 0 : 760, 4, 2023/12/14, 21:14:54.150, 73598616890, testhost.dll, TestExecutionRecorder.RecordStart: Starting test: Testovi1.UnitTest1.GetAllBooksAsync_ReturnsListOfBooks.
TpTrace Verbose: 0 : 760, 4, 2023/12/14, 21:14:54.152, 73598640418, testhost.dll, MulticastDelegateUtilities.SafeInvoke: TestCaseEventsHandler.RaiseTestCaseStart: Invoking callback 1/1 for Microsoft.VisualStudio.TestPlatform.CrossPlatEngine.DataCollection.ProxyOutOfProcDataCollectionManager., took 2 ms.
TpTrace Information: 0 : 760, 4, 2023/12/14, 21:14:54.152, 73598641219, testhost.dll, MSTest - Executing test GetAllBooksAsync_ReturnsListOfBooks
TpTrace Information: 0 : 760, 4, 2023/12/14, 21:14:54.152, 73598643323, testhost.dll, MSTest - Executed test GetAllBooksAsync_ReturnsListOfBooks
TpTrace Verbose: 0 : 760, 4, 2023/12/14, 21:14:54.152, 73598643723, testhost.dll, TestExecutionRecorder.RecordEnd: test: Testovi1.UnitTest1.GetAllBooksAsync_ReturnsListOfBooks execution completed.
TpTrace Verbose: 0 : 760, 4, 2023/12/14, 21:14:54.155, 73598668218, testhost.dll, MulticastDelegateUtilities.SafeInvoke: TestCaseEventsHandler.RaiseTestCaseEnd: Invoking callback 1/1 for Microsoft.VisualStudio.TestPlatform.CrossPlatEngine.DataCollection.ProxyOutOfProcDataCollectionManager., took 2 ms.
TpTrace Information: 0 : 760, 4, 2023/12/14, 21:14:54.155, 73598669100, testhost.dll, MSTest - MSTestExecutor:Test Testovi1.UnitTest1.GetAllBooksAsync_ReturnsListOfBooks failed. ErrorMessage:Class Initialization method Testovi1.UnitTest1.Init threw exception. System.NotSupportedException: System.NotSupportedException: Unsupported expression: x => x.Book
Non-overridable members (here: ApplicationDbContext.get_Book) may not be used in setup / verification expressions.., ErrorStackTrace:   at Moq.Guard.IsOverridable(MethodInfo method, Expression expression) in C:\projects\moq4\src\Moq\Guard.cs:line 99
   at Moq.InvocationShape..ctor(LambdaExpression expression, MethodInfo method, IReadOnlyList`1 arguments, Boolean exactGenericTypeArguments, Boolean skipMatcherInitialization, Boolean allowNonOverridable) in C:\projects\moq4\src\Moq\InvocationShape.cs:line 82
   at Moq.ExpressionExtensions.<Split>g__Split|5_0(Expression e, Expression& r, InvocationShape& p, Boolean assignment, Boolean allowNonOverridableLastProperty) in C:\projects\moq4\src\Moq\ExpressionExtensions.cs:line 304
   at Moq.ExpressionExtensions.Split(LambdaExpression expression, Boolean allowNonOverridableLastProperty) in C:\projects\moq4\src\Moq\ExpressionExtensions.cs:line 148
   at Moq.Mock.SetupRecursive[TSetup](Mock mock, LambdaExpression expression, Func`4 setupLast, Boolean allowNonOverridableLastProperty) in C:\projects\moq4\src\Moq\Mock.cs:line 618
   at Moq.Mock.Setup(Mock mock, LambdaExpression expression, Condition condition) in C:\projects\moq4\src\Moq\Mock.cs:line 522
   at Moq.Mock`1.Setup[TResult](Expression`1 expression) in C:\projects\moq4\src\Moq\Mock.Generic.cs:line 468
   at Testovi1.UnitTest1.Init(TestContext context) in C:\Users\Asmir\source\repos\VVS-projekat\Testovi1\UnitTest1.cs:line 33
.
TpTrace Verbose: 0 : 760, 4, 2023/12/14, 21:14:54.155, 73598669528, testhost.dll, TestExecutionRecorder.RecordResult: Received result for test: Testovi1.UnitTest1.GetAllBooksAsync_ReturnsListOfBooks.
TpTrace Verbose: 0 : 760, 4, 2023/12/14, 21:14:54.155, 73598669921, testhost.dll, MulticastDelegateUtilities.SafeInvoke: TestCaseEventsHandler.RaiseTestCaseEnd: Invoking callback 1/1 for Microsoft.VisualStudio.TestPlatform.CrossPlatEngine.DataCollection.ProxyOutOfProcDataCollectionManager., took 0 ms.
TpTrace Warning: 0 : 760, 4, 2023/12/14, 21:14:54.155, 73598670177, testhost.dll, TestRunCache: InProgressTests is null
TpTrace Warning: 0 : 760, 4, 2023/12/14, 21:14:54.155, 73598670386, testhost.dll, TestRunCache: No test found corresponding to testResult '' in inProgress list.
TpTrace Verbose: 0 : 760, 4, 2023/12/14, 21:14:54.155, 73598670877, testhost.dll, TestExecutionRecorder.RecordStart: Starting test: Testovi1.UnitTest1.CalculateAverageRatings_ReturnsCorrectAverage.
TpTrace Verbose: 0 : 760, 4, 2023/12/14, 21:14:54.157, 73598689236, testhost.dll, MulticastDelegateUtilities.SafeInvoke: TestCaseEventsHandler.RaiseTestCaseStart: Invoking callback 1/1 for Microsoft.VisualStudio.TestPlatform.CrossPlatEngine.DataCollection.ProxyOutOfProcDataCollectionManager., took 1 ms.
TpTrace Information: 0 : 760, 4, 2023/12/14, 21:14:54.157, 73598690417, testhost.dll, MSTest - Executing test CalculateAverageRatings_ReturnsCorrectAverage
TpTrace Information: 0 : 760, 4, 2023/12/14, 21:14:54.157, 73598695536, testhost.dll, MSTest - Executed test CalculateAverageRatings_ReturnsCorrectAverage
TpTrace Verbose: 0 : 760, 4, 2023/12/14, 21:14:54.158, 73598696597, testhost.dll, TestExecutionRecorder.RecordEnd: test: Testovi1.UnitTest1.CalculateAverageRatings_ReturnsCorrectAverage execution completed.
TpTrace Verbose: 0 : 760, 4, 2023/12/14, 21:14:54.159, 73598713557, testhost.dll, MulticastDelegateUtilities.SafeInvoke: TestCaseEventsHandler.RaiseTestCaseEnd: Invoking callback 1/1 for Microsoft.VisualStudio.TestPlatform.CrossPlatEngine.DataCollection.ProxyOutOfProcDataCollectionManager., took 1 ms.
TpTrace Information: 0 : 760, 4, 2023/12/14, 21:14:54.159, 73598714762, testhost.dll, MSTest - MSTestExecutor:Test Testovi1.UnitTest1.CalculateAverageRatings_ReturnsCorrectAverage failed. ErrorMessage:Class Initialization method Testovi1.UnitTest1.Init threw exception. System.NotSupportedException: System.NotSupportedException: Unsupported expression: x => x.Book
Non-overridable members (here: ApplicationDbContext.get_Book) may not be used in setup / verification expressions.., ErrorStackTrace:   at Moq.Guard.IsOverridable(MethodInfo method, Expression expression) in C:\projects\moq4\src\Moq\Guard.cs:line 99
   at Moq.InvocationShape..ctor(LambdaExpression expression, MethodInfo method, IReadOnlyList`1 arguments, Boolean exactGenericTypeArguments, Boolean skipMatcherInitialization, Boolean allowNonOverridable) in C:\projects\moq4\src\Moq\InvocationShape.cs:line 82
   at Moq.ExpressionExtensions.<Split>g__Split|5_0(Expression e, Expression& r, InvocationShape& p, Boolean assignment, Boolean allowNonOverridableLastProperty) in C:\projects\moq4\src\Moq\ExpressionExtensions.cs:line 304
   at Moq.ExpressionExtensions.Split(LambdaExpression expression, Boolean allowNonOverridableLastProperty) in C:\projects\moq4\src\Moq\ExpressionExtensions.cs:line 148
   at Moq.Mock.SetupRecursive[TSetup](Mock mock, LambdaExpression expression, Func`4 setupLast, Boolean allowNonOverridableLastProperty) in C:\projects\moq4\src\Moq\Mock.cs:line 618
   at Moq.Mock.Setup(Mock mock, LambdaExpression expression, Condition condition) in C:\projects\moq4\src\Moq\Mock.cs:line 522
   at Moq.Mock`1.Setup[TResult](Expression`1 expression) in C:\projects\moq4\src\Moq\Mock.Generic.cs:line 468
   at Testovi1.UnitTest1.Init(TestContext context) in C:\Users\Asmir\source\repos\VVS-projekat\Testovi1\UnitTest1.cs:line 33
.
TpTrace Verbose: 0 : 760, 4, 2023/12/14, 21:14:54.159, 73598715333, testhost.dll, TestExecutionRecorder.RecordResult: Received result for test: Testovi1.UnitTest1.CalculateAverageRatings_ReturnsCorrectAverage.
TpTrace Verbose: 0 : 760, 4, 2023/12/14, 21:14:54.160, 73598715999, testhost.dll, MulticastDelegateUtilities.SafeInvoke: TestCaseEventsHandler.RaiseTestCaseEnd: Invoking callback 1/1 for Microsoft.VisualStudio.TestPlatform.CrossPlatEngine.DataCollection.ProxyOutOfProcDataCollectionManager., took 0 ms.
TpTrace Warning: 0 : 760, 4, 2023/12/14, 21:14:54.160, 73598716420, testhost.dll, TestRunCache: InProgressTests is null
TpTrace Warning: 0 : 760, 4, 2023/12/14, 21:14:54.160, 73598716763, testhost.dll, TestRunCache: No test found corresponding to testResult '' in inProgress list.
TpTrace Information: 0 : 760, 4, 2023/12/14, 21:14:54.160, 73598718792, testhost.dll, MSTest - Executing cleanup methods.
TpTrace Information: 0 : 760, 4, 2023/12/14, 21:14:54.161, 73598729526, testhost.dll, MSTest - Executed cleanup methods.
TpTrace Information: 0 : 760, 4, 2023/12/14, 21:14:54.161, 73598730256, testhost.dll, MSTest - Executed tests belonging to source C:\Users\Asmir\source\repos\VVS-projekat\Testovi1\bin\Debug\net5.0\fine-code-coverage\build-output\Testovi1.dll
TpTrace Verbose: 0 : 760, 4, 2023/12/14, 21:14:54.161, 73598732970, testhost.dll, BaseRunTests.RunTestInternalWithExecutors: Completed running tests for executor://MSTestAdapter/v2
TpTrace Verbose: 0 : 760, 4, 2023/12/14, 21:14:54.162, 73598741690, testhost.dll, MulticastDelegateUtilities.SafeInvoke: TestCaseEventsHandler.RaiseSessionEnd: Invoking callback 1/1 for Microsoft.VisualStudio.TestPlatform.CrossPlatEngine.DataCollection.ProxyOutOfProcDataCollectionManager., took 0 ms.
TpTrace Information: 0 : 760, 4, 2023/12/14, 21:14:54.165, 73598769258, testhost.dll, Sending test run complete
TpTrace Verbose: 0 : 760, 4, 2023/12/14, 21:14:54.194, 73599058689, testhost.dll, TestRequestHandler.SendData: sending data from testhost: {"Version":7,"MessageType":"TestExecution.Completed","Payload":{"TestRunCompleteArgs":{"TestRunStatistics":{"ExecutedTests":3,"Stats":{"Failed":3}},"IsCanceled":false,"IsAborted":false,"Error":null,"AttachmentSets":[],"InvokedDataCollectors":[],"ElapsedTimeInRunningTests":"00:00:00.2132171","Metrics":{},"DiscoveredExtensions":{"TestDiscoverers":["Microsoft.VisualStudio.TestPlatform.MSTest.TestAdapter.MSTestDiscoverer, Microsoft.VisualStudio.TestPlatform.MSTest.TestAdapter, Version=14.0.0.0, Culture=neutral, PublicKeyToken=b03f5f7f11d50a3a"],"TestExecutors":["executor://MSTestAdapter/v2"],"TestExecutors2":[],"TestSettingsProviders":[]}},"LastRunTests":{"NewTestResults":[{"TestCase":{"Id":"3cadb951-e5ee-5786-1882-03d3e9afec7d","FullyQualifiedName":"Testovi1.UnitTest1.Index_ReturnsViewResult","DisplayName":"Index_ReturnsViewResult","ExecutorUri":"executor://MSTestAdapter/v2","Source":"C:\\Users\\Asmir\\source\\repos\\VVS-projekat\\Testovi1\\bin\\Debug\\net5.0\\fine-code-coverage\\build-output\\Testovi1.dll","CodeFilePath":null,"LineNumber":-1,"Properties":[{"Key":{"Id":"TestCase.ManagedType","Label":"ManagedType","Category":"","Description":"","Attributes":1,"ValueType":"System.String"},"Value":"Testovi1.UnitTest1"},{"Key":{"Id":"TestCase.ManagedMethod","Label":"ManagedMethod","Category":"","Description":"","Attributes":1,"ValueType":"System.String"},"Value":"Index_ReturnsViewResult"},{"Key":{"Id":"MSTestDiscoverer.TestClassName","Label":"ClassName","Category":"","Description":"","Attributes":1,"ValueType":"System.String"},"Value":"Testovi1.UnitTest1"},{"Key":{"Id":"TestCase.Hierarchy","Label":"Hierarchy","Category":"","Description":"","Attributes":2,"ValueType":"System.String[]"},"Value":["Testovi1","UnitTest1"]},{"Key":{"Id":"TestObject.Traits","Label":"Traits","Category":"","Description":"","Attributes":5,"ValueType":"System.Collections.Generic.KeyValuePair`2[[System.String],[System.String]][]"},"Value":[]}]},"Attachments":[],"Outcome":2,"ErrorMessage":"Class Initialization method Testovi1.UnitTest1.Init threw exception. System.NotSupportedException: System.NotSupportedException: Unsupported expression: x => x.Book\nNon-overridable members (here: ApplicationDbContext.get_Book) may not be used in setup / verification expressions..","ErrorStackTrace":"   at Moq.Guard.IsOverridable(MethodInfo method, Expression expression) in C:\\projects\\moq4\\src\\Moq\\Guard.cs:line 99\r\n   at Moq.InvocationShape..ctor(LambdaExpression expression, MethodInfo method, IReadOnlyList`1 arguments, Boolean exactGenericTypeArguments, Boolean skipMatcherInitialization, Boolean allowNonOverridable) in C:\\projects\\moq4\\src\\Moq\\InvocationShape.cs:line 82\r\n   at Moq.ExpressionExtensions.<Split>g__Split|5_0(Expression e, Expression& r, InvocationShape& p, Boolean assignment, Boolean allowNonOverridableLastProperty) in C:\\projects\\moq4\\src\\Moq\\ExpressionExtensions.cs:line 304\r\n   at Moq.ExpressionExtensions.Split(LambdaExpression expression, Boolean allowNonOverridableLastProperty) in C:\\projects\\moq4\\src\\Moq\\ExpressionExtensions.cs:line 148\r\n   at Moq.Mock.SetupRecursive[TSetup](Mock mock, LambdaExpression expression, Func`4 setupLast, Boolean allowNonOverridableLastProperty) in C:\\projects\\moq4\\src\\Moq\\Mock.cs:line 618\r\n   at Moq.Mock.Setup(Mock mock, LambdaExpression expression, Condition condition) in C:\\projects\\moq4\\src\\Moq\\Mock.cs:line 522\r\n   at Moq.Mock`1.Setup[TResult](Expression`1 expression) in C:\\projects\\moq4\\src\\Moq\\Mock.Generic.cs:line 468\r\n   at Testovi1.UnitTest1.Init(TestContext context) in C:\\Users\\Asmir\\source\\repos\\VVS-projekat\\Testovi1\\UnitTest1.cs:line 33\r\n","DisplayName":null,"Messages":[],"ComputerName":null,"Duration":"00:00:00","StartTime":"2023-12-14T21:14:54.0826585+01:00","EndTime":"2023-12-14T21:14:54.1282384+01:00","Properties":[{"Key":{"Id":"ExecutionId","Label":"ExecutionId","Category":"","Description":"","Attributes":1,"ValueType":"System.Guid"},"Value":"00000000-0000-0000-0000-000000000000"},{"Key":{"Id":"ParentExecId","Label":"ParentExecId","Category":"","Description":"","Attributes":1,"ValueType":"System.Guid"},"Value":"00000000-0000-0000-0000-000000000000"},{"Key":{"Id":"InnerResultsCount","Label":"InnerResultsCount","Category":"","Description":"","Attributes":1,"ValueType":"System.Int32"},"Value":0}]},{"TestCase":{"Id":"e0fa8d6f-4703-690f-cb87-4522a92edf25","FullyQualifiedName":"Testovi1.UnitTest1.GetAllBooksAsync_ReturnsListOfBooks","DisplayName":"GetAllBooksAsync_ReturnsListOfBooks","ExecutorUri":"executor://MSTestAdapter/v2","Source":"C:\\Users\\Asmir\\source\\repos\\VVS-projekat\\Testovi1\\bin\\Debug\\net5.0\\fine-code-coverage\\build-output\\Testovi1.dll","CodeFilePath":null,"LineNumber":-1,"Properties":[{"Key":{"Id":"TestCase.ManagedType","Label":"ManagedType","Category":"","Description":"","Attributes":1,"ValueType":"System.String"},"Value":"Testovi1.UnitTest1"},{"Key":{"Id":"TestCase.ManagedMethod","Label":"ManagedMethod","Category":"","Description":"","Attributes":1,"ValueType":"System.String"},"Value":"GetAllBooksAsync_ReturnsListOfBooks"},{"Key":{"Id":"MSTestDiscoverer.TestClassName","Label":"ClassName","Category":"","Description":"","Attributes":1,"ValueType":"System.String"},"Value":"Testovi1.UnitTest1"},{"Key":{"Id":"TestCase.Hierarchy","Label":"Hierarchy","Category":"","Description":"","Attributes":2,"ValueType":"System.String[]"},"Value":["Testovi1","UnitTest1"]},{"Key":{"Id":"TestObject.Traits","Label":"Traits","Category":"","Description":"","Attributes":5,"ValueType":"System.Collections.Generic.KeyValuePair`2[[System.String],[System.String]][]"},"Value":[]}]},"Attachments":[],"Outcome":2,"ErrorMessage":"Class Initialization method Testovi1.UnitTest1.Init threw exception. System.NotSupportedException: System.NotSupportedException: Unsupported expression: x => x.Book\nNon-overridable members (here: ApplicationDbContext.get_Book) may not be used in setup / verification expressions..","ErrorStackTrace":"   at Moq.Guard.IsOverridable(MethodInfo method, Expression expression) in C:\\projects\\moq4\\src\\Moq\\Guard.cs:line 99\r\n   at Moq.InvocationShape..ctor(LambdaExpression expression, MethodInfo method, IReadOnlyList`1 arguments, Boolean exactGenericTypeArguments, Boolean skipMatcherInitialization, Boolean allowNonOverridable) in C:\\projects\\moq4\\src\\Moq\\InvocationShape.cs:line 82\r\n   at Moq.ExpressionExtensions.<Split>g__Split|5_0(Expression e, Expression& r, InvocationShape& p, Boolean assignment, Boolean allowNonOverridableLastProperty) in C:\\projects\\moq4\\src\\Moq\\ExpressionExtensions.cs:line 304\r\n   at Moq.ExpressionExtensions.Split(LambdaExpression expression, Boolean allowNonOverridableLastProperty) in C:\\projects\\moq4\\src\\Moq\\ExpressionExtensions.cs:line 148\r\n   at Moq.Mock.SetupRecursive[TSetup](Mock mock, LambdaExpression expression, Func`4 setupLast, Boolean allowNonOverridableLastProperty) in C:\\projects\\moq4\\src\\Moq\\Mock.cs:line 618\r\n   at Moq.Mock.Setup(Mock mock, LambdaExpression expression, Condition condition) in C:\\projects\\moq4\\src\\Moq\\Mock.cs:line 522\r\n   at Moq.Mock`1.Setup[TResult](Expression`1 expression) in C:\\projects\\moq4\\src\\Moq\\Mock.Generic.cs:line 468\r\n   at Testovi1.UnitTest1.Init(TestContext context) in C:\\Users\\Asmir\\source\\repos\\VVS-projekat\\Testovi1\\UnitTest1.cs:line 33\r\n","DisplayName":null,"Messages":[],"ComputerName":null,"Duration":"00:00:00","StartTime":"2023-12-14T21:14:54.1525409+01:00","EndTime":"2023-12-14T21:14:54.1527848+01:00","Properties":[{"Key":{"Id":"ExecutionId","Label":"ExecutionId","Category":"","Description":"","Attributes":1,"ValueType":"System.Guid"},"Value":"00000000-0000-0000-0000-000000000000"},{"Key":{"Id":"ParentExecId","Label":"ParentExecId","Category":"","Description":"","Attributes":1,"ValueType":"System.Guid"},"Value":"00000000-0000-0000-0000-000000000000"},{"Key":{"Id":"InnerResultsCount","Label":"InnerResultsCount","Category":"","Description":"","Attributes":1,"ValueType":"System.Int32"},"Value":0}]},{"TestCase":{"Id":"ec83bfa7-a7f2-aabc-82ac-5d8ff5f154ea","FullyQualifiedName":"Testovi1.UnitTest1.CalculateAverageRatings_ReturnsCorrectAverage","DisplayName":"CalculateAverageRatings_ReturnsCorrectAverage","ExecutorUri":"executor://MSTestAdapter/v2","Source":"C:\\Users\\Asmir\\source\\repos\\VVS-projekat\\Testovi1\\bin\\Debug\\net5.0\\fine-code-coverage\\build-output\\Testovi1.dll","CodeFilePath":null,"LineNumber":-1,"Properties":[{"Key":{"Id":"TestCase.ManagedType","Label":"ManagedType","Category":"","Description":"","Attributes":1,"ValueType":"System.String"},"Value":"Testovi1.UnitTest1"},{"Key":{"Id":"TestCase.ManagedMethod","Label":"ManagedMethod","Category":"","Description":"","Attributes":1,"ValueType":"System.String"},"Value":"CalculateAverageRatings_ReturnsCorrectAverage"},{"Key":{"Id":"MSTestDiscoverer.TestClassName","Label":"ClassName","Category":"","Description":"","Attributes":1,"ValueType":"System.String"},"Value":"Testovi1.UnitTest1"},{"Key":{"Id":"TestCase.Hierarchy","Label":"Hierarchy","Category":"","Description":"","Attributes":2,"ValueType":"System.String[]"},"Value":["Testovi1","UnitTest1"]},{"Key":{"Id":"TestObject.Traits","Label":"Traits","Category":"","Description":"","Attributes":5,"ValueType":"System.Collections.Generic.KeyValuePair`2[[System.String],[System.String]][]"},"Value":[]}]},"Attachments":[],"Outcome":2,"ErrorMessage":"Class Initialization method Testovi1.UnitTest1.Init threw exception. System.NotSupportedException: System.NotSupportedException: Unsupported expression: x => x.Book\nNon-overridable members (here: ApplicationDbContext.get_Book) may not be used in setup / verification expressions..","ErrorStackTrace":"   at Moq.Guard.IsOverridable(MethodInfo method, Expression expression) in C:\\projects\\moq4\\src\\Moq\\Guard.cs:line 99\r\n   at Moq.InvocationShape..ctor(LambdaExpression expression, MethodInfo method, IReadOnlyList`1 arguments, Boolean exactGenericTypeArguments, Boolean skipMatcherInitialization, Boolean allowNonOverridable) in C:\\projects\\moq4\\src\\Moq\\InvocationShape.cs:line 82\r\n   at Moq.ExpressionExtensions.<Split>g__Split|5_0(Expression e, Expression& r, InvocationShape& p, Boolean assignment, Boolean allowNonOverridableLastProperty) in C:\\projects\\moq4\\src\\Moq\\ExpressionExtensions.cs:line 304\r\n   at Moq.ExpressionExtensions.Split(LambdaExpression expression, Boolean allowNonOverridableLastProperty) in C:\\projects\\moq4\\src\\Moq\\ExpressionExtensions.cs:line 148\r\n   at Moq.Mock.SetupRecursive[TSetup](Mock mock, LambdaExpression expression, Func`4 setupLast, Boolean allowNonOverridableLastProperty) in C:\\projects\\moq4\\src\\Moq\\Mock.cs:line 618\r\n   at Moq.Mock.Setup(Mock mock, LambdaExpression expression, Condition condition) in C:\\projects\\moq4\\src\\Moq\\Mock.cs:line 522\r\n   at Moq.Mock`1.Setup[TResult](Expression`1 expression) in C:\\projects\\moq4\\src\\Moq\\Mock.Generic.cs:line 468\r\n   at Testovi1.UnitTest1.Init(TestContext context) in C:\\Users\\Asmir\\source\\repos\\VVS-projekat\\Testovi1\\UnitTest1.cs:line 33\r\n","DisplayName":null,"Messages":[],"ComputerName":null,"Duration":"00:00:00","StartTime":"2023-12-14T21:14:54.1574576+01:00","EndTime":"2023-12-14T21:14:54.1580653+01:00","Properties":[{"Key":{"Id":"ExecutionId","Label":"ExecutionId","Category":"","Description":"","Attributes":1,"ValueType":"System.Guid"},"Value":"00000000-0000-0000-0000-000000000000"},{"Key":{"Id":"ParentExecId","Label":"ParentExecId","Category":"","Description":"","Attributes":1,"ValueType":"System.Guid"},"Value":"00000000-0000-0000-0000-000000000000"},{"Key":{"Id":"InnerResultsCount","Label":"InnerResultsCount","Category":"","Description":"","Attributes":1,"ValueType":"System.Int32"},"Value":0}]}],"TestRunStatistics":{"ExecutedTests":3,"Stats":{"Failed":3}},"ActiveTests":[]},"RunAttachments":[],"ExecutorUris":["executor://mstestadapter/v2"]}}
TpTrace Verbose: 0 : 760, 4, 2023/12/14, 21:14:54.194, 73599062811, testhost.dll, BaseRunTests.RunTests: Run is complete.
TpTrace Verbose: 0 : 760, 6, 2023/12/14, 21:14:54.195, 73599070745, testhost.dll, TcpClientExtensions.MessageLoopAsync: NotifyDataAvailable remoteEndPoint: [::ffff:127.0.0.1]:50900 localEndPoint: [::ffff:127.0.0.1]:50901
TpTrace Information: 0 : 760, 6, 2023/12/14, 21:14:54.195, 73599073104, testhost.dll, TestRequestHandler.OnMessageReceived: received message: (TestSession.Terminate) -> {"MessageType":"TestSession.Terminate","Payload":null}
TpTrace Information: 0 : 760, 6, 2023/12/14, 21:14:54.195, 73599073754, testhost.dll, Session End message received from server. Closing the connection.
TpTrace Information: 0 : 760, 6, 2023/12/14, 21:14:54.196, 73599079794, testhost.dll, SocketClient.Stop: Stop communication from server endpoint: 127.0.0.1:050900
TpTrace Information: 0 : 760, 6, 2023/12/14, 21:14:54.196, 73599080634, testhost.dll, SocketClient: Stop: Cancellation requested. Stopping message loop.
TpTrace Information: 0 : 760, 1, 2023/12/14, 21:14:54.196, 73599083219, testhost.dll, Closing the connection!
TpTrace Verbose: 0 : 760, 6, 2023/12/14, 21:14:54.196, 73599083380, testhost.dll, LengthPrefixCommunicationChannel.Dispose: Dispose reader and writer.
TpTrace Information: 0 : 760, 1, 2023/12/14, 21:14:54.196, 73599084106, testhost.dll, SocketClient.Stop: Stop communication from server endpoint: 127.0.0.1:050900
TpTrace Information: 0 : 760, 1, 2023/12/14, 21:14:54.196, 73599085157, testhost.dll, SocketClient: Stop: Cancellation requested. Stopping message loop.
TpTrace Verbose: 0 : 760, 1, 2023/12/14, 21:14:54.197, 73599086006, testhost.dll, LengthPrefixCommunicationChannel.Dispose: Dispose reader and writer.
TpTrace Information: 0 : 760, 6, 2023/12/14, 21:14:54.196, 73599084744, testhost.dll, Closing the connection !
TpTrace Information: 0 : 760, 1, 2023/12/14, 21:14:54.197, 73599086733, testhost.dll, Testhost process exiting.
TpTrace Verbose: 0 : 760, 6, 2023/12/14, 21:14:54.197, 73599087272, testhost.dll, MulticastDelegateUtilities.SafeInvoke: LengthPrefixCommunicationChannel: MessageReceived: Invoking callback 1/1 for Microsoft.VisualStudio.TestPlatform.CommunicationUtilities.TestRequestHandler., took 1 ms.
TpTrace Information: 0 : 760, 6, 2023/12/14, 21:14:54.197, 73599089901, testhost.dll, SocketClient.PrivateStop: Stop communication from server endpoint: 127.0.0.1:050900, error:
TpTrace Verbose: 0 : 760, 6, 2023/12/14, 21:14:54.197, 73599091005, testhost.dll, LengthPrefixCommunicationChannel.Dispose: Dispose reader and writer.
TpTrace Verbose: 0 : 760, 6, 2023/12/14, 21:14:54.197, 73599091253, testhost.dll, TcpClientExtensions.MessageLoopAsync: exiting MessageLoopAsync remoteEndPoint: [::ffff:127.0.0.1]:50900 localEndPoint: [::ffff:127.0.0.1]:50901
