TpTrace Verbose: 0 : 17296, 1, 2023/12/14, 18:50:41.675, 136545807448, testhost.dll, Version: 17.5.0 Current process architecture: X64
TpTrace Verbose: 0 : 17296, 1, 2023/12/14, 18:50:41.676, 136545823750, testhost.dll, Runtime location: C:\Program Files\dotnet\shared\Microsoft.NETCore.App\5.0.17
TpTrace Information: 0 : 17296, 1, 2023/12/14, 18:50:41.678, 136545835838, testhost.dll, DefaultEngineInvoker.Invoke: Testhost process started with args :[--port, 52758],[--endpoint, 127.0.0.1:052758],[--role, client],[--parentprocessid, 20616],[--diag, C:\Users\Asmir\source\repos\VVS-projekat\Testovi1\bin\Debug\net5.0\fine-code-coverage\coverage-tool-output\diagnostics.host.23-12-14_18-50-41_52330_5.log],[--tracelevel, 4],[--datacollectionport, 52757],[--telemetryoptedin, false]
TpTrace Information: 0 : 17296, 1, 2023/12/14, 18:50:41.679, 136545847207, testhost.dll, Setting up debug trace listener.
TpTrace Verbose: 0 : 17296, 1, 2023/12/14, 18:50:41.679, 136545848534, testhost.dll, TestPlatformTraceListener.Setup: Replacing listener System.Diagnostics.DefaultTraceListener with TestHostTraceListener.
TpTrace Verbose: 0 : 17296, 1, 2023/12/14, 18:50:41.679, 136545848761, testhost.dll, TestPlatformTraceListener.Setup: Added test platform trace listener.
TpTrace Information: 0 : 17296, 1, 2023/12/14, 18:50:41.679, 136545850490, testhost.dll, DefaultEngineInvoker.SetParentProcessExitCallback: Monitoring parent process with id: '20616'
TpTrace Information: 0 : 17296, 1, 2023/12/14, 18:50:41.683, 136545892751, testhost.dll, DefaultEngineInvoker.GetConnectionInfo: Initialize communication on endpoint address: '127.0.0.1:052758'
TpTrace Information: 0 : 17296, 1, 2023/12/14, 18:50:41.695, 136546014859, testhost.dll, SocketClient.Start: connecting to server endpoint: 127.0.0.1:052758
TpTrace Information: 0 : 17296, 1, 2023/12/14, 18:50:41.700, 136546059597, testhost.dll, DefaultEngineInvoker.ConnectToDatacollector: Connecting to datacollector, port: 52757
TpTrace Information: 0 : 17296, 8, 2023/12/14, 18:50:41.701, 136546074954, testhost.dll, SocketClient.OnServerConnected: connected to server endpoint: 127.0.0.1:052758
TpTrace Information: 0 : 17296, 1, 2023/12/14, 18:50:41.702, 136546080441, testhost.dll, Trying to connect to server on socket : 127.0.0.1:52757 
TpTrace Verbose: 0 : 17296, 1, 2023/12/14, 18:50:41.702, 136546083031, testhost.dll, SocketCommunicationManager : SetupClientAsync : Attempting to connect to the server.
TpTrace Information: 0 : 17296, 9, 2023/12/14, 18:50:41.704, 136546096123, testhost.dll, Connected to the server successfully 
TpTrace Information: 0 : 17296, 9, 2023/12/14, 18:50:41.704, 136546097354, testhost.dll, Using the buffer size of 16384 bytes
TpTrace Verbose: 0 : 17296, 8, 2023/12/14, 18:50:41.704, 136546099981, testhost.dll, MulticastDelegateUtilities.SafeInvoke: SocketClient: ServerConnected: Invoking callback 1/1 for Microsoft.VisualStudio.TestPlatform.CommunicationUtilities.TestRequestHandler., took 0 ms.
TpTrace Verbose: 0 : 17296, 1, 2023/12/14, 18:50:41.704, 136546099996, testhost.dll, SocketCommunicationManager.WaitForServerConnection took: 0 ms, with 90000 ms timeout, and finished with True.
TpTrace Verbose: 0 : 17296, 8, 2023/12/14, 18:50:41.704, 136546100633, testhost.dll, Connected to server, and starting MessageLoopAsync
TpTrace Information: 0 : 17296, 1, 2023/12/14, 18:50:41.704, 136546102411, testhost.dll, DefaultEngineInvoker.Invoke: Start Request Processing.
TpTrace Information: 0 : 17296, 11, 2023/12/14, 18:50:41.705, 136546109764, testhost.dll, DefaultEngineInvoker.StartProcessingAsync: Connected to vstest.console, Starting process requests.
TpTrace Verbose: 0 : 17296, 8, 2023/12/14, 18:50:41.706, 136546119151, testhost.dll, TcpClientExtensions.MessageLoopAsync: Polling on remoteEndPoint: [::ffff:127.0.0.1]:52758 localEndPoint: [::ffff:127.0.0.1]:52759
TpTrace Verbose: 0 : 17296, 8, 2023/12/14, 18:50:41.706, 136546121525, testhost.dll, TcpClientExtensions.MessageLoopAsync: NotifyDataAvailable remoteEndPoint: [::ffff:127.0.0.1]:52758 localEndPoint: [::ffff:127.0.0.1]:52759
TpTrace Information: 0 : 17296, 8, 2023/12/14, 18:50:41.709, 136546149044, testhost.dll, TestRequestHandler.OnMessageReceived: received message: (ProtocolVersion) -> {"MessageType":"ProtocolVersion","Payload":7}
TpTrace Verbose: 0 : 17296, 8, 2023/12/14, 18:50:41.813, 136547188019, testhost.dll, TestRequestHandler.SendData: sending data from testhost: {"Version":7,"MessageType":"TestSession.Message","Payload":{"MessageLevel":0,"Message":"Logging TestHost Diagnostics in file: C:\\Users\\Asmir\\source\\repos\\VVS-projekat\\Testovi1\\bin\\Debug\\net5.0\\fine-code-coverage\\coverage-tool-output\\diagnostics.host.23-12-14_18-50-41_52330_5.log"}}
TpTrace Verbose: 0 : 17296, 8, 2023/12/14, 18:50:41.813, 136547189967, testhost.dll, MulticastDelegateUtilities.SafeInvoke: LengthPrefixCommunicationChannel: MessageReceived: Invoking callback 1/1 for Microsoft.VisualStudio.TestPlatform.CommunicationUtilities.TestRequestHandler., took 105 ms.
TpTrace Verbose: 0 : 17296, 8, 2023/12/14, 18:50:41.813, 136547190263, testhost.dll, TcpClientExtensions.MessageLoopAsync: Polling on remoteEndPoint: [::ffff:127.0.0.1]:52758 localEndPoint: [::ffff:127.0.0.1]:52759
TpTrace Verbose: 0 : 17296, 8, 2023/12/14, 18:50:41.813, 136547191074, testhost.dll, TcpClientExtensions.MessageLoopAsync: NotifyDataAvailable remoteEndPoint: [::ffff:127.0.0.1]:52758 localEndPoint: [::ffff:127.0.0.1]:52759
TpTrace Information: 0 : 17296, 8, 2023/12/14, 18:50:41.813, 136547193058, testhost.dll, TestRequestHandler.OnMessageReceived: received message: (TestExecution.Initialize) -> {"Version":7,"MessageType":"TestExecution.Initialize","Payload":["C:\\Users\\Asmir\\source\\repos\\VVS-projekat\\Testovi1\\bin\\Debug\\net5.0\\fine-code-coverage\\build-output\\Microsoft.VisualStudio.TestPlatform.MSTest.TestAdapter.dll"]}
TpTrace Verbose: 0 : 17296, 8, 2023/12/14, 18:50:41.820, 136547263249, testhost.dll, MulticastDelegateUtilities.SafeInvoke: LengthPrefixCommunicationChannel: MessageReceived: Invoking callback 1/1 for Microsoft.VisualStudio.TestPlatform.CommunicationUtilities.TestRequestHandler., took 7 ms.
TpTrace Verbose: 0 : 17296, 8, 2023/12/14, 18:50:41.820, 136547264341, testhost.dll, TcpClientExtensions.MessageLoopAsync: Polling on remoteEndPoint: [::ffff:127.0.0.1]:52758 localEndPoint: [::ffff:127.0.0.1]:52759
TpTrace Information: 0 : 17296, 4, 2023/12/14, 18:50:41.821, 136547267165, testhost.dll, TestRequestHandler.OnMessageReceived: Running job 'TestExecution.Initialize'.
TpTrace Verbose: 0 : 17296, 8, 2023/12/14, 18:50:41.822, 136547281203, testhost.dll, TcpClientExtensions.MessageLoopAsync: NotifyDataAvailable remoteEndPoint: [::ffff:127.0.0.1]:52758 localEndPoint: [::ffff:127.0.0.1]:52759
TpTrace Information: 0 : 17296, 8, 2023/12/14, 18:50:41.822, 136547283121, testhost.dll, TestRequestHandler.OnMessageReceived: received message: (TestExecution.StartWithSources) -> {"Version":7,"MessageType":"TestExecution.StartWithSources","Payload":{"AdapterSourceMap":{"_none_":["C:\\Users\\Asmir\\source\\repos\\VVS-projekat\\Testovi1\\bin\\Debug\\net5.0\\fine-code-coverage\\build-output\\Testovi1.dll"]},"RunSettings":"<RunSettings>\r\n  <RunConfiguration>\r\n    <ResultsDirectory>C:\\Users\\Asmir\\source\\repos\\VVS-projekat\\Testovi1\\bin\\Debug\\net5.0\\fine-code-coverage\\coverage-tool-output</ResultsDirectory>\r\n    <TargetFrameworkVersion>.NETCoreApp,Version=v5.0</TargetFrameworkVersion>\r\n    <DesignMode>False</DesignMode>\r\n    <CollectSourceInformation>False</CollectSourceInformation>\r\n  </RunConfiguration>\r\n  <LoggerRunSettings>\r\n    <Loggers>\r\n      <Logger friendlyName=\"blame\" enabled=\"True\" />\r\n      <Logger friendlyName=\"Console\" uri=\"logger://microsoft/TestPlatform/ConsoleLogger/v1\" assemblyQualifiedName=\"Microsoft.VisualStudio.TestPlatform.CommandLine.Internal.ConsoleLogger, vstest.console, Version=15.0.0.0, Culture=neutral, PublicKeyToken=b03f5f7f11d50a3a\" codeBase=\"C:\\Program Files\\dotnet\\sdk\\7.0.403\\vstest.console.dll\" enabled=\"True\" />\r\n    </Loggers>\r\n  </LoggerRunSettings>\r\n  <DataCollectionRunSettings>\r\n    <DataCollectors>\r\n      <DataCollector friendlyName=\"blame\" enabled=\"True\">\r\n        <Configuration>\r\n          <ResultsDirectory>C:\\Users\\Asmir\\source\\repos\\VVS-projekat\\Testovi1\\bin\\Debug\\net5.0\\fine-code-coverage\\coverage-tool-output</ResultsDirectory>\r\n        </Configuration>\r\n      </DataCollector>\r\n    </DataCollectors>\r\n  </DataCollectionRunSettings>\r\n</RunSettings>","TestExecutionContext":{"FrequencyOfRunStatsChangeEvent":10,"RunStatsChangeEventTimeout":"00:00:01.5000000","InIsolation":false,"KeepAlive":false,"AreTestCaseLevelEventsRequired":false,"IsDebug":false,"TestCaseFilter":null,"FilterOptions":null},"Package":null}}
TpTrace Verbose: 0 : 17296, 4, 2023/12/14, 18:50:41.822, 136547284243, testhost.dll, TestExecutorService: Loading the extensions
TpTrace Verbose: 0 : 17296, 4, 2023/12/14, 18:50:41.824, 136547295692, testhost.dll, TestPluginCache.DiscoverTestExtensions: finding test extensions in assemblies ends with: TestAdapter.dll TPluginInfo: Microsoft.VisualStudio.TestPlatform.Common.ExtensionFramework.Utilities.TestExecutorPluginInformation TExtension: Microsoft.VisualStudio.TestPlatform.ObjectModel.Adapter.ITestExecutor
TpTrace Verbose: 0 : 17296, 4, 2023/12/14, 18:50:41.824, 136547305067, testhost.dll, TestPluginCache.GetExtensionPaths: Filtered extension paths: 
TpTrace Verbose: 0 : 17296, 4, 2023/12/14, 18:50:41.825, 136547308744, testhost.dll, TestPluginCache.GetExtensionPaths: Added default extension paths: C:\Users\Asmir\source\repos\VVS-projekat\Testovi1\bin\Debug\net5.0\fine-code-coverage\build-output\Microsoft.VisualStudio.TestPlatform.MSTest.TestAdapter.dll
TpTrace Verbose: 0 : 17296, 4, 2023/12/14, 18:50:41.825, 136547309542, testhost.dll, TestPluginCache.GetExtensionPaths: Added unfilterableExtensionPaths: 
TpTrace Information: 0 : 17296, 4, 2023/12/14, 18:50:41.826, 136547323832, testhost.dll, AssemblyResolver.ctor: Creating AssemblyResolver with searchDirectories C:\Users\Asmir\source\repos\VVS-projekat\Testovi1\bin\Debug\net5.0\fine-code-coverage\build-output
TpTrace Verbose: 0 : 17296, 4, 2023/12/14, 18:50:41.828, 136547339360, testhost.dll, TestPluginCache.DiscoverTestExtensions: Discovering the extensions using extension path.
TpTrace Verbose: 0 : 17296, 4, 2023/12/14, 18:50:41.828, 136547340753, testhost.dll, TestPluginCache.GetExtensionPaths: Filtered extension paths: 
TpTrace Verbose: 0 : 17296, 4, 2023/12/14, 18:50:41.828, 136547341191, testhost.dll, TestPluginCache.GetExtensionPaths: Added default extension paths: C:\Users\Asmir\source\repos\VVS-projekat\Testovi1\bin\Debug\net5.0\fine-code-coverage\build-output\Microsoft.VisualStudio.TestPlatform.MSTest.TestAdapter.dll
TpTrace Verbose: 0 : 17296, 4, 2023/12/14, 18:50:41.828, 136547341438, testhost.dll, TestPluginCache.GetExtensionPaths: Added unfilterableExtensionPaths: 
TpTrace Verbose: 0 : 17296, 4, 2023/12/14, 18:50:41.828, 136547342055, testhost.dll, TestPluginCache.DiscoverTestExtensions: Discovering the extensions using allExtensionPaths: C:\Users\Asmir\source\repos\VVS-projekat\Testovi1\bin\Debug\net5.0\fine-code-coverage\build-output\Microsoft.VisualStudio.TestPlatform.MSTest.TestAdapter.dll
TpTrace Information: 0 : 17296, 4, 2023/12/14, 18:50:41.829, 136547350554, testhost.dll, AssemblyResolver.AddSearchDirectories: Adding more searchDirectories C:\Users\Asmir\source\repos\VVS-projekat\Testovi1\bin\Debug\net5.0\fine-code-coverage\build-output
TpTrace Information: 0 : 17296, 4, 2023/12/14, 18:50:41.832, 136547384051, testhost.dll, AssemblyResolver.OnResolve: Microsoft.VisualStudio.TestPlatform.MSTest.TestAdapter: Resolving assembly.
TpTrace Information: 0 : 17296, 4, 2023/12/14, 18:50:41.833, 136547385213, testhost.dll, AssemblyResolver.OnResolve: Microsoft.VisualStudio.TestPlatform.MSTest.TestAdapter: Searching in: 'C:\Users\Asmir\source\repos\VVS-projekat\Testovi1\bin\Debug\net5.0\fine-code-coverage\build-output'.
TpTrace Information: 0 : 17296, 4, 2023/12/14, 18:50:41.833, 136547392285, testhost.dll, AssemblyResolver.OnResolve: Microsoft.VisualStudio.TestPlatform.MSTest.TestAdapter: Loading assembly 'C:\Users\Asmir\source\repos\VVS-projekat\Testovi1\bin\Debug\net5.0\fine-code-coverage\build-output\Microsoft.VisualStudio.TestPlatform.MSTest.TestAdapter.dll'.
TpTrace Information: 0 : 17296, 4, 2023/12/14, 18:50:41.834, 136547397455, testhost.dll, AssemblyResolver.OnResolve: Resolved assembly: Microsoft.VisualStudio.TestPlatform.MSTest.TestAdapter, from path: C:\Users\Asmir\source\repos\VVS-projekat\Testovi1\bin\Debug\net5.0\fine-code-coverage\build-output\Microsoft.VisualStudio.TestPlatform.MSTest.TestAdapter.dll
TpTrace Verbose: 0 : 17296, 4, 2023/12/14, 18:50:41.840, 136547463240, testhost.dll, MetadataReaderExtensionsHelper: Discovering extensions inside assembly 'Microsoft.VisualStudio.TestPlatform.MSTest.TestAdapter, Version=14.0.0.0, Culture=neutral, PublicKeyToken=b03f5f7f11d50a3a' file path 'C:\Users\Asmir\source\repos\VVS-projekat\Testovi1\bin\Debug\net5.0\fine-code-coverage\build-output\Microsoft.VisualStudio.TestPlatform.MSTest.TestAdapter.dll'
TpTrace Verbose: 0 : 17296, 8, 2023/12/14, 18:50:41.845, 136547506626, testhost.dll, MulticastDelegateUtilities.SafeInvoke: LengthPrefixCommunicationChannel: MessageReceived: Invoking callback 1/1 for Microsoft.VisualStudio.TestPlatform.CommunicationUtilities.TestRequestHandler., took 22 ms.
TpTrace Verbose: 0 : 17296, 8, 2023/12/14, 18:50:41.845, 136547507509, testhost.dll, TcpClientExtensions.MessageLoopAsync: Polling on remoteEndPoint: [::ffff:127.0.0.1]:52758 localEndPoint: [::ffff:127.0.0.1]:52759
TpTrace Information: 0 : 17296, 4, 2023/12/14, 18:50:41.849, 136547548875, testhost.dll, GetTestExtensionFromType: Register extension with identifier data 'executor://MSTestAdapter/v2' and type 'Microsoft.VisualStudio.TestPlatform.MSTest.TestAdapter.MSTestExecutor, Microsoft.VisualStudio.TestPlatform.MSTest.TestAdapter, Version=14.0.0.0, Culture=neutral, PublicKeyToken=b03f5f7f11d50a3a' inside file 'C:\Users\Asmir\source\repos\VVS-projekat\Testovi1\bin\Debug\net5.0\fine-code-coverage\build-output\Microsoft.VisualStudio.TestPlatform.MSTest.TestAdapter.dll'
TpTrace Verbose: 0 : 17296, 4, 2023/12/14, 18:50:41.851, 136547569533, testhost.dll, TestPluginCache: Discovered the extensions using extension path ''.
TpTrace Verbose: 0 : 17296, 4, 2023/12/14, 18:50:41.851, 136547573864, testhost.dll, TestPluginCache: Discoverers are ''.
TpTrace Verbose: 0 : 17296, 4, 2023/12/14, 18:50:41.851, 136547574519, testhost.dll, TestPluginCache: Executors are 'executor://MSTestAdapter/v2'.
TpTrace Verbose: 0 : 17296, 4, 2023/12/14, 18:50:41.851, 136547574896, testhost.dll, TestPluginCache: Executors2 are ''.
TpTrace Verbose: 0 : 17296, 4, 2023/12/14, 18:50:41.852, 136547575284, testhost.dll, TestPluginCache: Setting providers are ''.
TpTrace Verbose: 0 : 17296, 4, 2023/12/14, 18:50:41.852, 136547575613, testhost.dll, TestPluginCache: Loggers are ''.
TpTrace Verbose: 0 : 17296, 4, 2023/12/14, 18:50:41.852, 136547575934, testhost.dll, TestPluginCache: TestHosts are ''.
TpTrace Verbose: 0 : 17296, 4, 2023/12/14, 18:50:41.852, 136547576245, testhost.dll, TestPluginCache: DataCollectors are ''.
TpTrace Verbose: 0 : 17296, 4, 2023/12/14, 18:50:41.854, 136547598757, testhost.dll, TestPluginCache.DiscoverTestExtensions: finding test extensions in assemblies ends with: TestAdapter.dll TPluginInfo: Microsoft.VisualStudio.TestPlatform.Common.ExtensionFramework.Utilities.TestExecutorPluginInformation2 TExtension: Microsoft.VisualStudio.TestPlatform.ObjectModel.Adapter.ITestExecutor2
TpTrace Verbose: 0 : 17296, 4, 2023/12/14, 18:50:41.854, 136547601014, testhost.dll, TestPluginCache.GetExtensionPaths: Filtered extension paths: 
TpTrace Verbose: 0 : 17296, 4, 2023/12/14, 18:50:41.854, 136547601324, testhost.dll, TestPluginCache.GetExtensionPaths: Added default extension paths: C:\Users\Asmir\source\repos\VVS-projekat\Testovi1\bin\Debug\net5.0\fine-code-coverage\build-output\Microsoft.VisualStudio.TestPlatform.MSTest.TestAdapter.dll
TpTrace Verbose: 0 : 17296, 4, 2023/12/14, 18:50:41.854, 136547601508, testhost.dll, TestPluginCache.GetExtensionPaths: Added unfilterableExtensionPaths: 
TpTrace Information: 0 : 17296, 4, 2023/12/14, 18:50:41.854, 136547603400, testhost.dll, AssemblyResolver.AddSearchDirectories: Adding more searchDirectories C:\Users\Asmir\source\repos\VVS-projekat\Testovi1\bin\Debug\net5.0\fine-code-coverage\build-output
TpTrace Verbose: 0 : 17296, 4, 2023/12/14, 18:50:41.854, 136547603774, testhost.dll, TestPluginCache.DiscoverTestExtensions: Discovering the extensions using extension path.
TpTrace Verbose: 0 : 17296, 4, 2023/12/14, 18:50:41.854, 136547603968, testhost.dll, TestPluginCache.GetExtensionPaths: Filtered extension paths: 
TpTrace Verbose: 0 : 17296, 4, 2023/12/14, 18:50:41.854, 136547604134, testhost.dll, TestPluginCache.GetExtensionPaths: Added default extension paths: C:\Users\Asmir\source\repos\VVS-projekat\Testovi1\bin\Debug\net5.0\fine-code-coverage\build-output\Microsoft.VisualStudio.TestPlatform.MSTest.TestAdapter.dll
TpTrace Verbose: 0 : 17296, 4, 2023/12/14, 18:50:41.854, 136547604297, testhost.dll, TestPluginCache.GetExtensionPaths: Added unfilterableExtensionPaths: 
TpTrace Verbose: 0 : 17296, 4, 2023/12/14, 18:50:41.854, 136547604502, testhost.dll, TestPluginCache.DiscoverTestExtensions: Discovering the extensions using allExtensionPaths: C:\Users\Asmir\source\repos\VVS-projekat\Testovi1\bin\Debug\net5.0\fine-code-coverage\build-output\Microsoft.VisualStudio.TestPlatform.MSTest.TestAdapter.dll
TpTrace Information: 0 : 17296, 4, 2023/12/14, 18:50:41.854, 136547604762, testhost.dll, AssemblyResolver.AddSearchDirectories: Adding more searchDirectories C:\Users\Asmir\source\repos\VVS-projekat\Testovi1\bin\Debug\net5.0\fine-code-coverage\build-output
TpTrace Verbose: 0 : 17296, 4, 2023/12/14, 18:50:41.855, 136547605319, testhost.dll, MetadataReaderExtensionsHelper: Discovering extensions inside assembly 'Microsoft.VisualStudio.TestPlatform.MSTest.TestAdapter, Version=14.0.0.0, Culture=neutral, PublicKeyToken=b03f5f7f11d50a3a' file path 'C:\Users\Asmir\source\repos\VVS-projekat\Testovi1\bin\Debug\net5.0\fine-code-coverage\build-output\Microsoft.VisualStudio.TestPlatform.MSTest.TestAdapter.dll'
TpTrace Verbose: 0 : 17296, 4, 2023/12/14, 18:50:41.855, 136547609712, testhost.dll, TestPluginCache: Discovered the extensions using extension path ''.
TpTrace Verbose: 0 : 17296, 4, 2023/12/14, 18:50:41.855, 136547610082, testhost.dll, TestPluginCache: Discoverers are ''.
TpTrace Verbose: 0 : 17296, 4, 2023/12/14, 18:50:41.855, 136547610323, testhost.dll, TestPluginCache: Executors are 'executor://MSTestAdapter/v2'.
TpTrace Verbose: 0 : 17296, 4, 2023/12/14, 18:50:41.855, 136547610791, testhost.dll, TestPluginCache: Executors2 are ''.
TpTrace Verbose: 0 : 17296, 4, 2023/12/14, 18:50:41.855, 136547610976, testhost.dll, TestPluginCache: Setting providers are ''.
TpTrace Verbose: 0 : 17296, 4, 2023/12/14, 18:50:41.855, 136547611129, testhost.dll, TestPluginCache: Loggers are ''.
TpTrace Verbose: 0 : 17296, 4, 2023/12/14, 18:50:41.855, 136547611278, testhost.dll, TestPluginCache: TestHosts are ''.
TpTrace Verbose: 0 : 17296, 4, 2023/12/14, 18:50:41.855, 136547611426, testhost.dll, TestPluginCache: DataCollectors are ''.
TpTrace Information: 0 : 17296, 4, 2023/12/14, 18:50:41.859, 136547646606, testhost.dll, TestPluginManager.CreateTestExtension: Attempting to load test extension: Microsoft.VisualStudio.TestPlatform.MSTest.TestAdapter.MSTestExecutor
TpTrace Verbose: 0 : 17296, 4, 2023/12/14, 18:50:41.864, 136547702915, testhost.dll, TestExecutorExtensionManager: Loading executor Microsoft.VisualStudio.TestPlatform.Common.ExtensionDecorators.SerialTestRunDecorator
TpTrace Verbose: 0 : 17296, 4, 2023/12/14, 18:50:41.864, 136547703842, testhost.dll, TestExecutorService: Loaded the executors
TpTrace Verbose: 0 : 17296, 4, 2023/12/14, 18:50:41.865, 136547709145, testhost.dll, TestPluginCache.DiscoverTestExtensions: finding test extensions in assemblies ends with: TestAdapter.dll TPluginInfo: Microsoft.VisualStudio.TestPlatform.Common.ExtensionFramework.Utilities.TestSettingsProviderPluginInformation TExtension: Microsoft.VisualStudio.TestPlatform.ObjectModel.Adapter.ISettingsProvider
TpTrace Verbose: 0 : 17296, 4, 2023/12/14, 18:50:41.865, 136547710375, testhost.dll, TestPluginCache.GetExtensionPaths: Filtered extension paths: 
TpTrace Verbose: 0 : 17296, 4, 2023/12/14, 18:50:41.865, 136547710666, testhost.dll, TestPluginCache.GetExtensionPaths: Added default extension paths: C:\Users\Asmir\source\repos\VVS-projekat\Testovi1\bin\Debug\net5.0\fine-code-coverage\build-output\Microsoft.VisualStudio.TestPlatform.MSTest.TestAdapter.dll
TpTrace Verbose: 0 : 17296, 4, 2023/12/14, 18:50:41.865, 136547710883, testhost.dll, TestPluginCache.GetExtensionPaths: Added unfilterableExtensionPaths: 
TpTrace Information: 0 : 17296, 4, 2023/12/14, 18:50:41.865, 136547711976, testhost.dll, AssemblyResolver.AddSearchDirectories: Adding more searchDirectories C:\Users\Asmir\source\repos\VVS-projekat\Testovi1\bin\Debug\net5.0\fine-code-coverage\build-output
TpTrace Verbose: 0 : 17296, 4, 2023/12/14, 18:50:41.865, 136547712251, testhost.dll, TestPluginCache.DiscoverTestExtensions: Discovering the extensions using extension path.
TpTrace Verbose: 0 : 17296, 4, 2023/12/14, 18:50:41.865, 136547712540, testhost.dll, TestPluginCache.GetExtensionPaths: Filtered extension paths: 
TpTrace Verbose: 0 : 17296, 4, 2023/12/14, 18:50:41.865, 136547712744, testhost.dll, TestPluginCache.GetExtensionPaths: Added default extension paths: C:\Users\Asmir\source\repos\VVS-projekat\Testovi1\bin\Debug\net5.0\fine-code-coverage\build-output\Microsoft.VisualStudio.TestPlatform.MSTest.TestAdapter.dll
TpTrace Verbose: 0 : 17296, 4, 2023/12/14, 18:50:41.865, 136547712910, testhost.dll, TestPluginCache.GetExtensionPaths: Added unfilterableExtensionPaths: 
TpTrace Verbose: 0 : 17296, 4, 2023/12/14, 18:50:41.865, 136547713082, testhost.dll, TestPluginCache.DiscoverTestExtensions: Discovering the extensions using allExtensionPaths: C:\Users\Asmir\source\repos\VVS-projekat\Testovi1\bin\Debug\net5.0\fine-code-coverage\build-output\Microsoft.VisualStudio.TestPlatform.MSTest.TestAdapter.dll
TpTrace Information: 0 : 17296, 4, 2023/12/14, 18:50:41.865, 136547713377, testhost.dll, AssemblyResolver.AddSearchDirectories: Adding more searchDirectories C:\Users\Asmir\source\repos\VVS-projekat\Testovi1\bin\Debug\net5.0\fine-code-coverage\build-output
TpTrace Verbose: 0 : 17296, 4, 2023/12/14, 18:50:41.865, 136547713938, testhost.dll, MetadataReaderExtensionsHelper: Discovering extensions inside assembly 'Microsoft.VisualStudio.TestPlatform.MSTest.TestAdapter, Version=14.0.0.0, Culture=neutral, PublicKeyToken=b03f5f7f11d50a3a' file path 'C:\Users\Asmir\source\repos\VVS-projekat\Testovi1\bin\Debug\net5.0\fine-code-coverage\build-output\Microsoft.VisualStudio.TestPlatform.MSTest.TestAdapter.dll'
TpTrace Verbose: 0 : 17296, 4, 2023/12/14, 18:50:41.866, 136547717676, testhost.dll, TestPluginCache: Discovered the extensions using extension path ''.
TpTrace Verbose: 0 : 17296, 4, 2023/12/14, 18:50:41.866, 136547718058, testhost.dll, TestPluginCache: Discoverers are ''.
TpTrace Verbose: 0 : 17296, 4, 2023/12/14, 18:50:41.866, 136547718253, testhost.dll, TestPluginCache: Executors are 'executor://MSTestAdapter/v2'.
TpTrace Verbose: 0 : 17296, 4, 2023/12/14, 18:50:41.866, 136547718423, testhost.dll, TestPluginCache: Executors2 are ''.
TpTrace Verbose: 0 : 17296, 4, 2023/12/14, 18:50:41.866, 136547718675, testhost.dll, TestPluginCache: Setting providers are ''.
TpTrace Verbose: 0 : 17296, 4, 2023/12/14, 18:50:41.866, 136547718845, testhost.dll, TestPluginCache: Loggers are ''.
TpTrace Verbose: 0 : 17296, 4, 2023/12/14, 18:50:41.866, 136547718996, testhost.dll, TestPluginCache: TestHosts are ''.
TpTrace Verbose: 0 : 17296, 4, 2023/12/14, 18:50:41.866, 136547719146, testhost.dll, TestPluginCache: DataCollectors are ''.
TpTrace Verbose: 0 : 17296, 4, 2023/12/14, 18:50:41.867, 136547725930, testhost.dll, TestExecutorService: Loaded the settings providers
TpTrace Information: 0 : 17296, 4, 2023/12/14, 18:50:41.867, 136547726253, testhost.dll, TestExecutorService: Loaded the extensions
TpTrace Information: 0 : 17296, 4, 2023/12/14, 18:50:41.867, 136547729755, testhost.dll, TestRequestHandler.OnMessageReceived: Running job 'TestExecution.StartWithSources'.
TpTrace Verbose: 0 : 17296, 4, 2023/12/14, 18:50:41.914, 136548200338, testhost.dll, MulticastDelegateUtilities.SafeInvoke: TestCaseEventsHandler.RaiseSessionStart: Invoking callbacks was skipped because there are no subscribers.
TpTrace Information: 0 : 17296, 4, 2023/12/14, 18:50:41.917, 136548228278, testhost.dll, TestDiscoveryManager: Discovering tests from sources C:\Users\Asmir\source\repos\VVS-projekat\Testovi1\bin\Debug\net5.0\fine-code-coverage\build-output\Testovi1.dll
TpTrace Verbose: 0 : 17296, 4, 2023/12/14, 18:50:41.919, 136548246682, testhost.dll, TestPluginCache.DiscoverTestExtensions: finding test extensions in assemblies ends with: TestAdapter.dll TPluginInfo: Microsoft.VisualStudio.TestPlatform.Common.ExtensionFramework.Utilities.TestDiscovererPluginInformation TExtension: Microsoft.VisualStudio.TestPlatform.ObjectModel.Adapter.ITestDiscoverer
TpTrace Verbose: 0 : 17296, 4, 2023/12/14, 18:50:41.919, 136548247682, testhost.dll, TestPluginCache.GetExtensionPaths: Filtered extension paths: 
TpTrace Verbose: 0 : 17296, 4, 2023/12/14, 18:50:41.919, 136548247943, testhost.dll, TestPluginCache.GetExtensionPaths: Added default extension paths: C:\Users\Asmir\source\repos\VVS-projekat\Testovi1\bin\Debug\net5.0\fine-code-coverage\build-output\Microsoft.VisualStudio.TestPlatform.MSTest.TestAdapter.dll
TpTrace Verbose: 0 : 17296, 4, 2023/12/14, 18:50:41.919, 136548248114, testhost.dll, TestPluginCache.GetExtensionPaths: Added unfilterableExtensionPaths: 
TpTrace Information: 0 : 17296, 4, 2023/12/14, 18:50:41.919, 136548249168, testhost.dll, AssemblyResolver.AddSearchDirectories: Adding more searchDirectories C:\Users\Asmir\source\repos\VVS-projekat\Testovi1\bin\Debug\net5.0\fine-code-coverage\build-output
TpTrace Verbose: 0 : 17296, 4, 2023/12/14, 18:50:41.919, 136548249449, testhost.dll, TestPluginCache.DiscoverTestExtensions: Discovering the extensions using extension path.
TpTrace Verbose: 0 : 17296, 4, 2023/12/14, 18:50:41.919, 136548249632, testhost.dll, TestPluginCache.GetExtensionPaths: Filtered extension paths: 
TpTrace Verbose: 0 : 17296, 4, 2023/12/14, 18:50:41.919, 136548249794, testhost.dll, TestPluginCache.GetExtensionPaths: Added default extension paths: C:\Users\Asmir\source\repos\VVS-projekat\Testovi1\bin\Debug\net5.0\fine-code-coverage\build-output\Microsoft.VisualStudio.TestPlatform.MSTest.TestAdapter.dll
TpTrace Verbose: 0 : 17296, 4, 2023/12/14, 18:50:41.919, 136548249953, testhost.dll, TestPluginCache.GetExtensionPaths: Added unfilterableExtensionPaths: 
TpTrace Verbose: 0 : 17296, 4, 2023/12/14, 18:50:41.919, 136548250119, testhost.dll, TestPluginCache.DiscoverTestExtensions: Discovering the extensions using allExtensionPaths: C:\Users\Asmir\source\repos\VVS-projekat\Testovi1\bin\Debug\net5.0\fine-code-coverage\build-output\Microsoft.VisualStudio.TestPlatform.MSTest.TestAdapter.dll
TpTrace Information: 0 : 17296, 4, 2023/12/14, 18:50:41.919, 136548250377, testhost.dll, AssemblyResolver.AddSearchDirectories: Adding more searchDirectories C:\Users\Asmir\source\repos\VVS-projekat\Testovi1\bin\Debug\net5.0\fine-code-coverage\build-output
TpTrace Verbose: 0 : 17296, 4, 2023/12/14, 18:50:41.919, 136548250944, testhost.dll, MetadataReaderExtensionsHelper: Discovering extensions inside assembly 'Microsoft.VisualStudio.TestPlatform.MSTest.TestAdapter, Version=14.0.0.0, Culture=neutral, PublicKeyToken=b03f5f7f11d50a3a' file path 'C:\Users\Asmir\source\repos\VVS-projekat\Testovi1\bin\Debug\net5.0\fine-code-coverage\build-output\Microsoft.VisualStudio.TestPlatform.MSTest.TestAdapter.dll'
TpTrace Information: 0 : 17296, 4, 2023/12/14, 18:50:41.921, 136548268522, testhost.dll, GetTestExtensionFromType: Register extension with identifier data 'Microsoft.VisualStudio.TestPlatform.MSTest.TestAdapter.MSTestDiscoverer, Microsoft.VisualStudio.TestPlatform.MSTest.TestAdapter, Version=14.0.0.0, Culture=neutral, PublicKeyToken=b03f5f7f11d50a3a' and type 'Microsoft.VisualStudio.TestPlatform.MSTest.TestAdapter.MSTestDiscoverer, Microsoft.VisualStudio.TestPlatform.MSTest.TestAdapter, Version=14.0.0.0, Culture=neutral, PublicKeyToken=b03f5f7f11d50a3a' inside file 'C:\Users\Asmir\source\repos\VVS-projekat\Testovi1\bin\Debug\net5.0\fine-code-coverage\build-output\Microsoft.VisualStudio.TestPlatform.MSTest.TestAdapter.dll'
TpTrace Verbose: 0 : 17296, 4, 2023/12/14, 18:50:41.921, 136548269902, testhost.dll, TestPluginCache: Discovered the extensions using extension path ''.
TpTrace Verbose: 0 : 17296, 4, 2023/12/14, 18:50:41.921, 136548270330, testhost.dll, TestPluginCache: Discoverers are 'Microsoft.VisualStudio.TestPlatform.MSTest.TestAdapter.MSTestDiscoverer, Microsoft.VisualStudio.TestPlatform.MSTest.TestAdapter, Version=14.0.0.0, Culture=neutral, PublicKeyToken=b03f5f7f11d50a3a'.
TpTrace Verbose: 0 : 17296, 4, 2023/12/14, 18:50:41.921, 136548270532, testhost.dll, TestPluginCache: Executors are 'executor://MSTestAdapter/v2'.
TpTrace Verbose: 0 : 17296, 4, 2023/12/14, 18:50:41.921, 136548270705, testhost.dll, TestPluginCache: Executors2 are ''.
TpTrace Verbose: 0 : 17296, 4, 2023/12/14, 18:50:41.921, 136548270864, testhost.dll, TestPluginCache: Setting providers are ''.
TpTrace Verbose: 0 : 17296, 4, 2023/12/14, 18:50:41.921, 136548271016, testhost.dll, TestPluginCache: Loggers are ''.
TpTrace Verbose: 0 : 17296, 4, 2023/12/14, 18:50:41.921, 136548271165, testhost.dll, TestPluginCache: TestHosts are ''.
TpTrace Verbose: 0 : 17296, 4, 2023/12/14, 18:50:41.921, 136548271313, testhost.dll, TestPluginCache: DataCollectors are ''.
TpTrace Verbose: 0 : 17296, 4, 2023/12/14, 18:50:41.925, 136548312089, testhost.dll, BaseRunTests.RunTestInternalWithExecutors: Running tests for executor://MSTestAdapter/v2
TpTrace Information: 0 : 17296, 4, 2023/12/14, 18:50:41.927, 136548333770, testhost.dll, AssemblyResolver.OnResolve: Microsoft.VisualStudio.TestPlatform.MSTestAdapter.PlatformServices.Interface: Resolving assembly.
TpTrace Information: 0 : 17296, 4, 2023/12/14, 18:50:41.927, 136548334714, testhost.dll, AssemblyResolver.OnResolve: Microsoft.VisualStudio.TestPlatform.MSTestAdapter.PlatformServices.Interface: Searching in: 'C:\Users\Asmir\source\repos\VVS-projekat\Testovi1\bin\Debug\net5.0\fine-code-coverage\build-output'.
TpTrace Information: 0 : 17296, 4, 2023/12/14, 18:50:41.928, 136548337093, testhost.dll, AssemblyResolver.OnResolve: Microsoft.VisualStudio.TestPlatform.MSTestAdapter.PlatformServices.Interface: Loading assembly 'C:\Users\Asmir\source\repos\VVS-projekat\Testovi1\bin\Debug\net5.0\fine-code-coverage\build-output\Microsoft.VisualStudio.TestPlatform.MSTestAdapter.PlatformServices.Interface.dll'.
TpTrace Information: 0 : 17296, 4, 2023/12/14, 18:50:41.928, 136548339309, testhost.dll, AssemblyResolver.OnResolve: Resolved assembly: Microsoft.VisualStudio.TestPlatform.MSTestAdapter.PlatformServices.Interface, from path: C:\Users\Asmir\source\repos\VVS-projekat\Testovi1\bin\Debug\net5.0\fine-code-coverage\build-output\Microsoft.VisualStudio.TestPlatform.MSTestAdapter.PlatformServices.Interface.dll
TpTrace Information: 0 : 17296, 4, 2023/12/14, 18:50:41.929, 136548346536, testhost.dll, AssemblyResolver.OnResolve: Microsoft.VisualStudio.TestPlatform.MSTestAdapter.PlatformServices: Resolving assembly.
TpTrace Information: 0 : 17296, 4, 2023/12/14, 18:50:41.929, 136548347081, testhost.dll, AssemblyResolver.OnResolve: Microsoft.VisualStudio.TestPlatform.MSTestAdapter.PlatformServices: Searching in: 'C:\Users\Asmir\source\repos\VVS-projekat\Testovi1\bin\Debug\net5.0\fine-code-coverage\build-output'.
TpTrace Information: 0 : 17296, 4, 2023/12/14, 18:50:41.929, 136548348977, testhost.dll, AssemblyResolver.OnResolve: Microsoft.VisualStudio.TestPlatform.MSTestAdapter.PlatformServices: Loading assembly 'C:\Users\Asmir\source\repos\VVS-projekat\Testovi1\bin\Debug\net5.0\fine-code-coverage\build-output\Microsoft.VisualStudio.TestPlatform.MSTestAdapter.PlatformServices.dll'.
TpTrace Information: 0 : 17296, 4, 2023/12/14, 18:50:41.929, 136548351236, testhost.dll, AssemblyResolver.OnResolve: Resolved assembly: Microsoft.VisualStudio.TestPlatform.MSTestAdapter.PlatformServices, from path: C:\Users\Asmir\source\repos\VVS-projekat\Testovi1\bin\Debug\net5.0\fine-code-coverage\build-output\Microsoft.VisualStudio.TestPlatform.MSTestAdapter.PlatformServices.dll
TpTrace Information: 0 : 17296, 4, 2023/12/14, 18:50:41.929, 136548353464, testhost.dll, MSTest - MSTestExecutor.RunTests: Running tests from sources.
TpTrace Information: 0 : 17296, 4, 2023/12/14, 18:50:41.932, 136548379001, testhost.dll, MSTest - CollectSourceInformation value Found : False 
TpTrace Information: 0 : 17296, 4, 2023/12/14, 18:50:41.947, 136548534919, testhost.dll, MSTest - DictionaryHelper.ConcatWithOverwrites: The source is null or empty, returning the overwrite dictionary.
TpTrace Information: 0 : 17296, 4, 2023/12/14, 18:50:41.952, 136548579422, testhost.dll, MSTest - DictionaryHelper.ConcatWithOverwrites: The source is null or empty, returning the overwrite dictionary.
TpTrace Information: 0 : 17296, 4, 2023/12/14, 18:50:41.956, 136548624515, testhost.dll, AssemblyResolver.OnResolve: Microsoft.TestPlatform.AdapterUtilities: Resolving assembly.
TpTrace Information: 0 : 17296, 4, 2023/12/14, 18:50:41.957, 136548625673, testhost.dll, AssemblyResolver.OnResolve: Microsoft.TestPlatform.AdapterUtilities: Searching in: 'C:\Users\Asmir\source\repos\VVS-projekat\Testovi1\bin\Debug\net5.0\fine-code-coverage\build-output'.
TpTrace Information: 0 : 17296, 4, 2023/12/14, 18:50:41.957, 136548627855, testhost.dll, AssemblyResolver.OnResolve: Microsoft.TestPlatform.AdapterUtilities: Loading assembly 'C:\Users\Asmir\source\repos\VVS-projekat\Testovi1\bin\Debug\net5.0\fine-code-coverage\build-output\Microsoft.TestPlatform.AdapterUtilities.dll'.
TpTrace Information: 0 : 17296, 4, 2023/12/14, 18:50:41.957, 136548630233, testhost.dll, AssemblyResolver.OnResolve: Resolved assembly: Microsoft.TestPlatform.AdapterUtilities, from path: C:\Users\Asmir\source\repos\VVS-projekat\Testovi1\bin\Debug\net5.0\fine-code-coverage\build-output\Microsoft.TestPlatform.AdapterUtilities.dll
TpTrace Information: 0 : 17296, 4, 2023/12/14, 18:50:41.974, 136548803929, testhost.dll, MSTest - DictionaryHelper.ConcatWithOverwrites: The source is null or empty, returning the overwrite dictionary.
TpTrace Information: 0 : 17296, 4, 2023/12/14, 18:50:41.974, 136548804966, testhost.dll, MSTest - DictionaryHelper.ConcatWithOverwrites: The source is null or empty, returning the overwrite dictionary.
TpTrace Information: 0 : 17296, 4, 2023/12/14, 18:50:41.975, 136548805320, testhost.dll, MSTest - DictionaryHelper.ConcatWithOverwrites: The source is null or empty, returning the overwrite dictionary.
TpTrace Information: 0 : 17296, 4, 2023/12/14, 18:50:41.975, 136548806238, testhost.dll, MSTest - MSTestDiscoverer: Found 3 tests from source C:\Users\Asmir\source\repos\VVS-projekat\Testovi1\bin\Debug\net5.0\fine-code-coverage\build-output\Testovi1.dll
TpTrace Information: 0 : 17296, 4, 2023/12/14, 18:50:41.986, 136548919539, testhost.dll, AssemblyResolver.OnResolve: Microsoft.VisualStudio.TestPlatform.MSTestAdapter.PlatformServices.resources: Resolving assembly.
TpTrace Information: 0 : 17296, 4, 2023/12/14, 18:50:41.986, 136548920407, testhost.dll, AssemblyResolver.OnResolve: Microsoft.VisualStudio.TestPlatform.MSTestAdapter.PlatformServices.resources: Searching in: 'C:\Users\Asmir\source\repos\VVS-projekat\Testovi1\bin\Debug\net5.0\fine-code-coverage\build-output'.
TpTrace Information: 0 : 17296, 4, 2023/12/14, 18:50:41.986, 136548921032, testhost.dll, AssemblyResolver.OnResolve: Microsoft.VisualStudio.TestPlatform.MSTestAdapter.PlatformServices.resources: Assembly path does not exist: 'C:\Users\Asmir\source\repos\VVS-projekat\Testovi1\bin\Debug\net5.0\fine-code-coverage\build-output\Microsoft.VisualStudio.TestPlatform.MSTestAdapter.PlatformServices.resources.dll', returning.
TpTrace Information: 0 : 17296, 4, 2023/12/14, 18:50:41.986, 136548921573, testhost.dll, AssemblyResolver.OnResolve: Microsoft.VisualStudio.TestPlatform.MSTestAdapter.PlatformServices.resources: Assembly path does not exist: 'C:\Users\Asmir\source\repos\VVS-projekat\Testovi1\bin\Debug\net5.0\fine-code-coverage\build-output\Microsoft.VisualStudio.TestPlatform.MSTestAdapter.PlatformServices.resources.exe', returning.
TpTrace Information: 0 : 17296, 4, 2023/12/14, 18:50:41.986, 136548921819, testhost.dll, AssemblyResolver.OnResolve: Microsoft.VisualStudio.TestPlatform.MSTestAdapter.PlatformServices.resources: Failed to load assembly.
TpTrace Information: 0 : 17296, 4, 2023/12/14, 18:50:41.986, 136548924209, testhost.dll, AssemblyResolver.OnResolve: Microsoft.VisualStudio.TestPlatform.MSTestAdapter.PlatformServices.resources: Resolving assembly.
TpTrace Information: 0 : 17296, 4, 2023/12/14, 18:50:41.986, 136548924496, testhost.dll, AssemblyResolver.OnResolve: Microsoft.VisualStudio.TestPlatform.MSTestAdapter.PlatformServices.resources: Resolved from cache.
TpTrace Information: 0 : 17296, 4, 2023/12/14, 18:50:41.993, 136548993486, testhost.dll, MSTest - Created unit-test runner C:\Users\Asmir\source\repos\VVS-projekat\Testovi1\bin\Debug\net5.0\fine-code-coverage\build-output\Testovi1.dll
TpTrace Verbose: 0 : 17296, 4, 2023/12/14, 18:50:41.997, 136549034682, testhost.dll, TestExecutionRecorder.RecordStart: Starting test: Testovi1.UnitTest1.Index_ReturnsViewResult.
TpTrace Verbose: 0 : 17296, 4, 2023/12/14, 18:50:42.046, 136549519395, testhost.dll, MulticastDelegateUtilities.SafeInvoke: TestCaseEventsHandler.RaiseTestCaseStart: Invoking callback 1/1 for Microsoft.VisualStudio.TestPlatform.CrossPlatEngine.DataCollection.ProxyOutOfProcDataCollectionManager., took 46 ms.
TpTrace Information: 0 : 17296, 4, 2023/12/14, 18:50:42.046, 136549521820, testhost.dll, MSTest - Executing test Index_ReturnsViewResult
TpTrace Information: 0 : 17296, 4, 2023/12/14, 18:50:42.063, 136549686121, testhost.dll, AssemblyResolver.OnResolve: Microsoft.VisualStudio.TestPlatform.MSTest.TestAdapter.resources: Resolving assembly.
TpTrace Information: 0 : 17296, 4, 2023/12/14, 18:50:42.063, 136549687120, testhost.dll, AssemblyResolver.OnResolve: Microsoft.VisualStudio.TestPlatform.MSTest.TestAdapter.resources: Searching in: 'C:\Users\Asmir\source\repos\VVS-projekat\Testovi1\bin\Debug\net5.0\fine-code-coverage\build-output'.
TpTrace Information: 0 : 17296, 4, 2023/12/14, 18:50:42.063, 136549687672, testhost.dll, AssemblyResolver.OnResolve: Microsoft.VisualStudio.TestPlatform.MSTest.TestAdapter.resources: Assembly path does not exist: 'C:\Users\Asmir\source\repos\VVS-projekat\Testovi1\bin\Debug\net5.0\fine-code-coverage\build-output\Microsoft.VisualStudio.TestPlatform.MSTest.TestAdapter.resources.dll', returning.
TpTrace Information: 0 : 17296, 4, 2023/12/14, 18:50:42.063, 136549688074, testhost.dll, AssemblyResolver.OnResolve: Microsoft.VisualStudio.TestPlatform.MSTest.TestAdapter.resources: Assembly path does not exist: 'C:\Users\Asmir\source\repos\VVS-projekat\Testovi1\bin\Debug\net5.0\fine-code-coverage\build-output\Microsoft.VisualStudio.TestPlatform.MSTest.TestAdapter.resources.exe', returning.
TpTrace Information: 0 : 17296, 4, 2023/12/14, 18:50:42.063, 136549688308, testhost.dll, AssemblyResolver.OnResolve: Microsoft.VisualStudio.TestPlatform.MSTest.TestAdapter.resources: Failed to load assembly.
TpTrace Information: 0 : 17296, 4, 2023/12/14, 18:50:42.079, 136549850562, testhost.dll, MSTest - Executed test Index_ReturnsViewResult
TpTrace Verbose: 0 : 17296, 4, 2023/12/14, 18:50:42.082, 136549881003, testhost.dll, TestExecutionRecorder.RecordEnd: test: Testovi1.UnitTest1.Index_ReturnsViewResult execution completed.
TpTrace Verbose: 0 : 17296, 4, 2023/12/14, 18:50:42.096, 136550019883, testhost.dll, MulticastDelegateUtilities.SafeInvoke: TestCaseEventsHandler.RaiseTestCaseEnd: Invoking callback 1/1 for Microsoft.VisualStudio.TestPlatform.CrossPlatEngine.DataCollection.ProxyOutOfProcDataCollectionManager., took 13 ms.
TpTrace Information: 0 : 17296, 4, 2023/12/14, 18:50:42.097, 136550027588, testhost.dll, MSTest - MSTestExecutor:Test Testovi1.UnitTest1.Index_ReturnsViewResult failed. ErrorMessage:Test method Testovi1.UnitTest1.Index_ReturnsViewResult threw exception: 
System.NullReferenceException: Object reference not set to an instance of an object., ErrorStackTrace:    at Testovi1.UnitTest1.Index_ReturnsViewResult() in C:\Users\Asmir\source\repos\VVS-projekat\Testovi1\UnitTest1.cs:line 37
   at Microsoft.VisualStudio.TestPlatform.MSTestAdapter.PlatformServices.ThreadOperations.ExecuteWithAbortSafety(Action action)
.
TpTrace Verbose: 0 : 17296, 4, 2023/12/14, 18:50:42.097, 136550030299, testhost.dll, TestExecutionRecorder.RecordResult: Received result for test: Testovi1.UnitTest1.Index_ReturnsViewResult.
TpTrace Verbose: 0 : 17296, 4, 2023/12/14, 18:50:42.098, 136550044280, testhost.dll, MulticastDelegateUtilities.SafeInvoke: TestCaseEventsHandler.RaiseTestCaseEnd: Invoking callback 1/1 for Microsoft.VisualStudio.TestPlatform.CrossPlatEngine.DataCollection.ProxyOutOfProcDataCollectionManager., took 1 ms.
TpTrace Warning: 0 : 17296, 4, 2023/12/14, 18:50:42.101, 136550068742, testhost.dll, TestRunCache: InProgressTests is null
TpTrace Warning: 0 : 17296, 4, 2023/12/14, 18:50:42.101, 136550070155, testhost.dll, TestRunCache: No test found corresponding to testResult 'Index_ReturnsViewResult' in inProgress list.
TpTrace Verbose: 0 : 17296, 4, 2023/12/14, 18:50:42.101, 136550071080, testhost.dll, TestExecutionRecorder.RecordStart: Starting test: Testovi1.UnitTest1.GetAllBooksAsync_ReturnsListOfBooks.
TpTrace Verbose: 0 : 17296, 4, 2023/12/14, 18:50:42.103, 136550086851, testhost.dll, MulticastDelegateUtilities.SafeInvoke: TestCaseEventsHandler.RaiseTestCaseStart: Invoking callback 1/1 for Microsoft.VisualStudio.TestPlatform.CrossPlatEngine.DataCollection.ProxyOutOfProcDataCollectionManager., took 1 ms.
TpTrace Information: 0 : 17296, 4, 2023/12/14, 18:50:42.103, 136550087773, testhost.dll, MSTest - Executing test GetAllBooksAsync_ReturnsListOfBooks
TpTrace Information: 0 : 17296, 4, 2023/12/14, 18:50:42.105, 136550105310, testhost.dll, MSTest - Executed test GetAllBooksAsync_ReturnsListOfBooks
TpTrace Verbose: 0 : 17296, 4, 2023/12/14, 18:50:42.105, 136550106344, testhost.dll, TestExecutionRecorder.RecordEnd: test: Testovi1.UnitTest1.GetAllBooksAsync_ReturnsListOfBooks execution completed.
TpTrace Verbose: 0 : 17296, 4, 2023/12/14, 18:50:42.106, 136550121198, testhost.dll, MulticastDelegateUtilities.SafeInvoke: TestCaseEventsHandler.RaiseTestCaseEnd: Invoking callback 1/1 for Microsoft.VisualStudio.TestPlatform.CrossPlatEngine.DataCollection.ProxyOutOfProcDataCollectionManager., took 1 ms.
TpTrace Information: 0 : 17296, 4, 2023/12/14, 18:50:42.106, 136550121866, testhost.dll, MSTest - MSTestExecutor:Test Testovi1.UnitTest1.GetAllBooksAsync_ReturnsListOfBooks failed. ErrorMessage:Test method Testovi1.UnitTest1.GetAllBooksAsync_ReturnsListOfBooks threw exception: 
System.NullReferenceException: Object reference not set to an instance of an object., ErrorStackTrace:    at Testovi1.UnitTest1.GetAllBooksAsync_ReturnsListOfBooks() in C:\Users\Asmir\source\repos\VVS-projekat\Testovi1\UnitTest1.cs:line 53
   at Microsoft.VisualStudio.TestPlatform.MSTestAdapter.PlatformServices.ThreadOperations.ExecuteWithAbortSafety(Action action)
.
TpTrace Verbose: 0 : 17296, 4, 2023/12/14, 18:50:42.106, 136550122159, testhost.dll, TestExecutionRecorder.RecordResult: Received result for test: Testovi1.UnitTest1.GetAllBooksAsync_ReturnsListOfBooks.
TpTrace Verbose: 0 : 17296, 4, 2023/12/14, 18:50:42.106, 136550122474, testhost.dll, MulticastDelegateUtilities.SafeInvoke: TestCaseEventsHandler.RaiseTestCaseEnd: Invoking callback 1/1 for Microsoft.VisualStudio.TestPlatform.CrossPlatEngine.DataCollection.ProxyOutOfProcDataCollectionManager., took 0 ms.
TpTrace Warning: 0 : 17296, 4, 2023/12/14, 18:50:42.106, 136550122746, testhost.dll, TestRunCache: InProgressTests is null
TpTrace Warning: 0 : 17296, 4, 2023/12/14, 18:50:42.106, 136550122914, testhost.dll, TestRunCache: No test found corresponding to testResult 'GetAllBooksAsync_ReturnsListOfBooks' in inProgress list.
TpTrace Verbose: 0 : 17296, 4, 2023/12/14, 18:50:42.106, 136550123324, testhost.dll, TestExecutionRecorder.RecordStart: Starting test: Testovi1.UnitTest1.CalculateAverageRatings_ReturnsCorrectAverage.
TpTrace Verbose: 0 : 17296, 4, 2023/12/14, 18:50:42.108, 136550138236, testhost.dll, MulticastDelegateUtilities.SafeInvoke: TestCaseEventsHandler.RaiseTestCaseStart: Invoking callback 1/1 for Microsoft.VisualStudio.TestPlatform.CrossPlatEngine.DataCollection.ProxyOutOfProcDataCollectionManager., took 1 ms.
TpTrace Information: 0 : 17296, 4, 2023/12/14, 18:50:42.108, 136550139045, testhost.dll, MSTest - Executing test CalculateAverageRatings_ReturnsCorrectAverage
TpTrace Information: 0 : 17296, 4, 2023/12/14, 18:50:42.110, 136550158795, testhost.dll, MSTest - Executed test CalculateAverageRatings_ReturnsCorrectAverage
TpTrace Verbose: 0 : 17296, 4, 2023/12/14, 18:50:42.110, 136550159694, testhost.dll, TestExecutionRecorder.RecordEnd: test: Testovi1.UnitTest1.CalculateAverageRatings_ReturnsCorrectAverage execution completed.
TpTrace Verbose: 0 : 17296, 4, 2023/12/14, 18:50:42.111, 136550171397, testhost.dll, MulticastDelegateUtilities.SafeInvoke: TestCaseEventsHandler.RaiseTestCaseEnd: Invoking callback 1/1 for Microsoft.VisualStudio.TestPlatform.CrossPlatEngine.DataCollection.ProxyOutOfProcDataCollectionManager., took 1 ms.
TpTrace Information: 0 : 17296, 4, 2023/12/14, 18:50:42.111, 136550172491, testhost.dll, MSTest - MSTestExecutor:Test Testovi1.UnitTest1.CalculateAverageRatings_ReturnsCorrectAverage failed. ErrorMessage:Test method Testovi1.UnitTest1.CalculateAverageRatings_ReturnsCorrectAverage threw exception: 
System.NullReferenceException: Object reference not set to an instance of an object., ErrorStackTrace:    at Testovi1.UnitTest1.CalculateAverageRatings_ReturnsCorrectAverage() in C:\Users\Asmir\source\repos\VVS-projekat\Testovi1\UnitTest1.cs:line 78
.
TpTrace Verbose: 0 : 17296, 4, 2023/12/14, 18:50:42.111, 136550172898, testhost.dll, TestExecutionRecorder.RecordResult: Received result for test: Testovi1.UnitTest1.CalculateAverageRatings_ReturnsCorrectAverage.
TpTrace Verbose: 0 : 17296, 4, 2023/12/14, 18:50:42.111, 136550173427, testhost.dll, MulticastDelegateUtilities.SafeInvoke: TestCaseEventsHandler.RaiseTestCaseEnd: Invoking callback 1/1 for Microsoft.VisualStudio.TestPlatform.CrossPlatEngine.DataCollection.ProxyOutOfProcDataCollectionManager., took 0 ms.
TpTrace Warning: 0 : 17296, 4, 2023/12/14, 18:50:42.111, 136550173949, testhost.dll, TestRunCache: InProgressTests is null
TpTrace Warning: 0 : 17296, 4, 2023/12/14, 18:50:42.111, 136550174293, testhost.dll, TestRunCache: No test found corresponding to testResult 'CalculateAverageRatings_ReturnsCorrectAverage' in inProgress list.
TpTrace Information: 0 : 17296, 4, 2023/12/14, 18:50:42.112, 136550176385, testhost.dll, MSTest - Executing cleanup methods.
TpTrace Information: 0 : 17296, 4, 2023/12/14, 18:50:42.113, 136550187501, testhost.dll, MSTest - Executed cleanup methods.
TpTrace Information: 0 : 17296, 4, 2023/12/14, 18:50:42.113, 136550188327, testhost.dll, MSTest - Executed tests belonging to source C:\Users\Asmir\source\repos\VVS-projekat\Testovi1\bin\Debug\net5.0\fine-code-coverage\build-output\Testovi1.dll
TpTrace Verbose: 0 : 17296, 4, 2023/12/14, 18:50:42.113, 136550190806, testhost.dll, BaseRunTests.RunTestInternalWithExecutors: Completed running tests for executor://MSTestAdapter/v2
TpTrace Verbose: 0 : 17296, 4, 2023/12/14, 18:50:42.114, 136550199237, testhost.dll, MulticastDelegateUtilities.SafeInvoke: TestCaseEventsHandler.RaiseSessionEnd: Invoking callback 1/1 for Microsoft.VisualStudio.TestPlatform.CrossPlatEngine.DataCollection.ProxyOutOfProcDataCollectionManager., took 0 ms.
TpTrace Information: 0 : 17296, 4, 2023/12/14, 18:50:42.117, 136550226783, testhost.dll, Sending test run complete
TpTrace Verbose: 0 : 17296, 4, 2023/12/14, 18:50:42.146, 136550517480, testhost.dll, TestRequestHandler.SendData: sending data from testhost: {"Version":7,"MessageType":"TestExecution.Completed","Payload":{"TestRunCompleteArgs":{"TestRunStatistics":{"ExecutedTests":3,"Stats":{"Failed":3}},"IsCanceled":false,"IsAborted":false,"Error":null,"AttachmentSets":[],"InvokedDataCollectors":[],"ElapsedTimeInRunningTests":"00:00:00.1910178","Metrics":{},"DiscoveredExtensions":{"TestDiscoverers":["Microsoft.VisualStudio.TestPlatform.MSTest.TestAdapter.MSTestDiscoverer, Microsoft.VisualStudio.TestPlatform.MSTest.TestAdapter, Version=14.0.0.0, Culture=neutral, PublicKeyToken=b03f5f7f11d50a3a"],"TestExecutors":["executor://MSTestAdapter/v2"],"TestExecutors2":[],"TestSettingsProviders":[]}},"LastRunTests":{"NewTestResults":[{"TestCase":{"Id":"3cadb951-e5ee-5786-1882-03d3e9afec7d","FullyQualifiedName":"Testovi1.UnitTest1.Index_ReturnsViewResult","DisplayName":"Index_ReturnsViewResult","ExecutorUri":"executor://MSTestAdapter/v2","Source":"C:\\Users\\Asmir\\source\\repos\\VVS-projekat\\Testovi1\\bin\\Debug\\net5.0\\fine-code-coverage\\build-output\\Testovi1.dll","CodeFilePath":null,"LineNumber":-1,"Properties":[{"Key":{"Id":"TestCase.ManagedType","Label":"ManagedType","Category":"","Description":"","Attributes":1,"ValueType":"System.String"},"Value":"Testovi1.UnitTest1"},{"Key":{"Id":"TestCase.ManagedMethod","Label":"ManagedMethod","Category":"","Description":"","Attributes":1,"ValueType":"System.String"},"Value":"Index_ReturnsViewResult"},{"Key":{"Id":"MSTestDiscoverer.TestClassName","Label":"ClassName","Category":"","Description":"","Attributes":1,"ValueType":"System.String"},"Value":"Testovi1.UnitTest1"},{"Key":{"Id":"TestCase.Hierarchy","Label":"Hierarchy","Category":"","Description":"","Attributes":2,"ValueType":"System.String[]"},"Value":["Testovi1","UnitTest1"]},{"Key":{"Id":"TestObject.Traits","Label":"Traits","Category":"","Description":"","Attributes":5,"ValueType":"System.Collections.Generic.KeyValuePair`2[[System.String],[System.String]][]"},"Value":[]}]},"Attachments":[],"Outcome":2,"ErrorMessage":"Test method Testovi1.UnitTest1.Index_ReturnsViewResult threw exception: \r\nSystem.NullReferenceException: Object reference not set to an instance of an object.","ErrorStackTrace":"    at Testovi1.UnitTest1.Index_ReturnsViewResult() in C:\\Users\\Asmir\\source\\repos\\VVS-projekat\\Testovi1\\UnitTest1.cs:line 37\r\n   at Microsoft.VisualStudio.TestPlatform.MSTestAdapter.PlatformServices.ThreadOperations.ExecuteWithAbortSafety(Action action)\r\n","DisplayName":"Index_ReturnsViewResult","Messages":[],"ComputerName":null,"Duration":"00:00:00.0198149","StartTime":"2023-12-14T18:50:42.0465555+01:00","EndTime":"2023-12-14T18:50:42.0796451+01:00","Properties":[{"Key":{"Id":"ExecutionId","Label":"ExecutionId","Category":"","Description":"","Attributes":1,"ValueType":"System.Guid"},"Value":"00000000-0000-0000-0000-000000000000"},{"Key":{"Id":"ParentExecId","Label":"ParentExecId","Category":"","Description":"","Attributes":1,"ValueType":"System.Guid"},"Value":"00000000-0000-0000-0000-000000000000"},{"Key":{"Id":"InnerResultsCount","Label":"InnerResultsCount","Category":"","Description":"","Attributes":1,"ValueType":"System.Int32"},"Value":0}]},{"TestCase":{"Id":"e0fa8d6f-4703-690f-cb87-4522a92edf25","FullyQualifiedName":"Testovi1.UnitTest1.GetAllBooksAsync_ReturnsListOfBooks","DisplayName":"GetAllBooksAsync_ReturnsListOfBooks","ExecutorUri":"executor://MSTestAdapter/v2","Source":"C:\\Users\\Asmir\\source\\repos\\VVS-projekat\\Testovi1\\bin\\Debug\\net5.0\\fine-code-coverage\\build-output\\Testovi1.dll","CodeFilePath":null,"LineNumber":-1,"Properties":[{"Key":{"Id":"TestCase.ManagedType","Label":"ManagedType","Category":"","Description":"","Attributes":1,"ValueType":"System.String"},"Value":"Testovi1.UnitTest1"},{"Key":{"Id":"TestCase.ManagedMethod","Label":"ManagedMethod","Category":"","Description":"","Attributes":1,"ValueType":"System.String"},"Value":"GetAllBooksAsync_ReturnsListOfBooks"},{"Key":{"Id":"MSTestDiscoverer.TestClassName","Label":"ClassName","Category":"","Description":"","Attributes":1,"ValueType":"System.String"},"Value":"Testovi1.UnitTest1"},{"Key":{"Id":"TestCase.Hierarchy","Label":"Hierarchy","Category":"","Description":"","Attributes":2,"ValueType":"System.String[]"},"Value":["Testovi1","UnitTest1"]},{"Key":{"Id":"TestObject.Traits","Label":"Traits","Category":"","Description":"","Attributes":5,"ValueType":"System.Collections.Generic.KeyValuePair`2[[System.String],[System.String]][]"},"Value":[]}]},"Attachments":[],"Outcome":2,"ErrorMessage":"Test method Testovi1.UnitTest1.GetAllBooksAsync_ReturnsListOfBooks threw exception: \r\nSystem.NullReferenceException: Object reference not set to an instance of an object.","ErrorStackTrace":"    at Testovi1.UnitTest1.GetAllBooksAsync_ReturnsListOfBooks() in C:\\Users\\Asmir\\source\\repos\\VVS-projekat\\Testovi1\\UnitTest1.cs:line 53\r\n   at Microsoft.VisualStudio.TestPlatform.MSTestAdapter.PlatformServices.ThreadOperations.ExecuteWithAbortSafety(Action action)\r\n","DisplayName":"GetAllBooksAsync_ReturnsListOfBooks","Messages":[],"ComputerName":null,"Duration":"00:00:00.0015447","StartTime":"2023-12-14T18:50:42.1032595+01:00","EndTime":"2023-12-14T18:50:42.1051036+01:00","Properties":[{"Key":{"Id":"ExecutionId","Label":"ExecutionId","Category":"","Description":"","Attributes":1,"ValueType":"System.Guid"},"Value":"00000000-0000-0000-0000-000000000000"},{"Key":{"Id":"ParentExecId","Label":"ParentExecId","Category":"","Description":"","Attributes":1,"ValueType":"System.Guid"},"Value":"00000000-0000-0000-0000-000000000000"},{"Key":{"Id":"InnerResultsCount","Label":"InnerResultsCount","Category":"","Description":"","Attributes":1,"ValueType":"System.Int32"},"Value":0}]},{"TestCase":{"Id":"ec83bfa7-a7f2-aabc-82ac-5d8ff5f154ea","FullyQualifiedName":"Testovi1.UnitTest1.CalculateAverageRatings_ReturnsCorrectAverage","DisplayName":"CalculateAverageRatings_ReturnsCorrectAverage","ExecutorUri":"executor://MSTestAdapter/v2","Source":"C:\\Users\\Asmir\\source\\repos\\VVS-projekat\\Testovi1\\bin\\Debug\\net5.0\\fine-code-coverage\\build-output\\Testovi1.dll","CodeFilePath":null,"LineNumber":-1,"Properties":[{"Key":{"Id":"TestCase.ManagedType","Label":"ManagedType","Category":"","Description":"","Attributes":1,"ValueType":"System.String"},"Value":"Testovi1.UnitTest1"},{"Key":{"Id":"TestCase.ManagedMethod","Label":"ManagedMethod","Category":"","Description":"","Attributes":1,"ValueType":"System.String"},"Value":"CalculateAverageRatings_ReturnsCorrectAverage"},{"Key":{"Id":"MSTestDiscoverer.TestClassName","Label":"ClassName","Category":"","Description":"","Attributes":1,"ValueType":"System.String"},"Value":"Testovi1.UnitTest1"},{"Key":{"Id":"TestCase.Hierarchy","Label":"Hierarchy","Category":"","Description":"","Attributes":2,"ValueType":"System.String[]"},"Value":["Testovi1","UnitTest1"]},{"Key":{"Id":"TestObject.Traits","Label":"Traits","Category":"","Description":"","Attributes":5,"ValueType":"System.Collections.Generic.KeyValuePair`2[[System.String],[System.String]][]"},"Value":[]}]},"Attachments":[],"Outcome":2,"ErrorMessage":"Test method Testovi1.UnitTest1.CalculateAverageRatings_ReturnsCorrectAverage threw exception: \r\nSystem.NullReferenceException: Object reference not set to an instance of an object.","ErrorStackTrace":"    at Testovi1.UnitTest1.CalculateAverageRatings_ReturnsCorrectAverage() in C:\\Users\\Asmir\\source\\repos\\VVS-projekat\\Testovi1\\UnitTest1.cs:line 78\r\n","DisplayName":"CalculateAverageRatings_ReturnsCorrectAverage","Messages":[],"ComputerName":null,"Duration":"00:00:00.0016177","StartTime":"2023-12-14T18:50:42.1083908+01:00","EndTime":"2023-12-14T18:50:42.1104478+01:00","Properties":[{"Key":{"Id":"ExecutionId","Label":"ExecutionId","Category":"","Description":"","Attributes":1,"ValueType":"System.Guid"},"Value":"00000000-0000-0000-0000-000000000000"},{"Key":{"Id":"ParentExecId","Label":"ParentExecId","Category":"","Description":"","Attributes":1,"ValueType":"System.Guid"},"Value":"00000000-0000-0000-0000-000000000000"},{"Key":{"Id":"InnerResultsCount","Label":"InnerResultsCount","Category":"","Description":"","Attributes":1,"ValueType":"System.Int32"},"Value":0}]}],"TestRunStatistics":{"ExecutedTests":3,"Stats":{"Failed":3}},"ActiveTests":[]},"RunAttachments":[],"ExecutorUris":["executor://mstestadapter/v2"]}}
TpTrace Verbose: 0 : 17296, 4, 2023/12/14, 18:50:42.146, 136550521232, testhost.dll, BaseRunTests.RunTests: Run is complete.
TpTrace Verbose: 0 : 17296, 8, 2023/12/14, 18:50:42.147, 136550525930, testhost.dll, TcpClientExtensions.MessageLoopAsync: NotifyDataAvailable remoteEndPoint: [::ffff:127.0.0.1]:52758 localEndPoint: [::ffff:127.0.0.1]:52759
TpTrace Information: 0 : 17296, 8, 2023/12/14, 18:50:42.147, 136550528214, testhost.dll, TestRequestHandler.OnMessageReceived: received message: (TestSession.Terminate) -> {"MessageType":"TestSession.Terminate","Payload":null}
TpTrace Information: 0 : 17296, 8, 2023/12/14, 18:50:42.147, 136550528798, testhost.dll, Session End message received from server. Closing the connection.
TpTrace Information: 0 : 17296, 8, 2023/12/14, 18:50:42.147, 136550534839, testhost.dll, SocketClient.Stop: Stop communication from server endpoint: 127.0.0.1:052758
TpTrace Information: 0 : 17296, 8, 2023/12/14, 18:50:42.148, 136550535687, testhost.dll, SocketClient: Stop: Cancellation requested. Stopping message loop.
TpTrace Verbose: 0 : 17296, 8, 2023/12/14, 18:50:42.148, 136550537324, testhost.dll, LengthPrefixCommunicationChannel.Dispose: Dispose reader and writer.
TpTrace Information: 0 : 17296, 8, 2023/12/14, 18:50:42.148, 136550537639, testhost.dll, Closing the connection !
TpTrace Verbose: 0 : 17296, 8, 2023/12/14, 18:50:42.148, 136550537878, testhost.dll, MulticastDelegateUtilities.SafeInvoke: LengthPrefixCommunicationChannel: MessageReceived: Invoking callback 1/1 for Microsoft.VisualStudio.TestPlatform.CommunicationUtilities.TestRequestHandler., took 1 ms.
TpTrace Information: 0 : 17296, 8, 2023/12/14, 18:50:42.148, 136550539185, testhost.dll, SocketClient.PrivateStop: Stop communication from server endpoint: 127.0.0.1:052758, error:
TpTrace Verbose: 0 : 17296, 8, 2023/12/14, 18:50:42.148, 136550542780, testhost.dll, LengthPrefixCommunicationChannel.Dispose: Dispose reader and writer.
TpTrace Information: 0 : 17296, 1, 2023/12/14, 18:50:42.148, 136550542922, testhost.dll, Closing the connection!
TpTrace Verbose: 0 : 17296, 8, 2023/12/14, 18:50:42.148, 136550543325, testhost.dll, TcpClientExtensions.MessageLoopAsync: exiting MessageLoopAsync remoteEndPoint: [::ffff:127.0.0.1]:52758 localEndPoint: [::ffff:127.0.0.1]:52759
TpTrace Information: 0 : 17296, 1, 2023/12/14, 18:50:42.149, 136550545179, testhost.dll, Testhost process exiting.
